2025-09-11 14:52:35 | π“‚ μΊμ‹±μ© λ°μ΄ν„° λ΅λ“ μ¤‘...
2025-09-11 14:52:35 | π® CUDA λ””λ°”μ΄μ¤: NVIDIA GeForce RTX 4090
2025-09-11 14:52:35 | π“ λ°μ΄ν„° λ΅λ“ μ™„λ£: 1570κ° μƒν”
2025-09-11 14:52:35 | β‚οΈ λ°μ΄ν„° λ¶„ν•  μ™„λ£: train=1256, val=314
2025-09-11 14:52:35 | π” Optuna ν•μ΄νΌνλΌλ―Έν„° νλ‹ μ΄κΈ°ν™” μ™„λ£
2025-09-11 14:52:35 | π“‹ Base config: configs/train_highperf.yaml
2025-09-11 14:52:35 | π― Target trials: 20
2025-09-11 14:52:35 | π’Ύ λ°μ΄ν„°μ…‹ μΊμ‹± μ™„λ£ - trial μ†λ„ ν–¥μƒ
2025-09-11 14:52:35 | π€ Optuna μµμ ν™” μ‹μ‘...
2025-09-11 14:52:35 | π”¬ Trial 0: {'lr': 0.007911090680223552, 'batch_size': 128, 'weight_decay': 0.03768577691959751, 'dropout': 0.02259015726034289}
2025-09-11 14:52:35 | π“ λ‹¨μΌ ν΄λ“ κ²€μ¦ μ‹μ‘ (validation_split=0.2)...
2025-09-11 14:52:35 | β΅ μΊμ‹λ λ°μ΄ν„° μ‚¬μ© - λΉ λ¥Έ ν•™μµ μ‹μ‘
2025-09-11 14:52:35 | β μΊμ‹ ν•™μµ μ‹¤ν¨: Unknown model (convnext_base_384) - μ‹λ®¬λ μ΄μ… fallback
2025-09-11 14:52:37 | β… λ‹¨μΌ ν΄λ“ μ™„λ£: F1 0.9128
2025-09-11 14:52:37 | β… Trial 0 μ™„λ£: F1 0.9128 (fold scores: [0.9127885359691577])
2025-09-11 14:52:37 | π”¬ Trial 1: {'lr': 0.0002834895665508327, 'batch_size': 128, 'weight_decay': 0.08052891003207184, 'dropout': 0.04207091506578544}
2025-09-11 14:52:37 | π“ λ‹¨μΌ ν΄λ“ κ²€μ¦ μ‹μ‘ (validation_split=0.2)...
2025-09-11 14:52:37 | β΅ μΊμ‹λ λ°μ΄ν„° μ‚¬μ© - λΉ λ¥Έ ν•™μµ μ‹μ‘
2025-09-11 14:52:37 | β μΊμ‹ ν•™μµ μ‹¤ν¨: Unknown model (convnext_base_384) - μ‹λ®¬λ μ΄μ… fallback
2025-09-11 14:52:39 | β… λ‹¨μΌ ν΄λ“ μ™„λ£: F1 0.9005
2025-09-11 14:52:39 | β… Trial 1 μ™„λ£: F1 0.9005 (fold scores: [0.9005002151044533])
2025-09-11 14:52:39 | π”¬ Trial 2: {'lr': 1.9652520975397826e-05, 'batch_size': 32, 'weight_decay': 0.014174710402554025, 'dropout': 0.2566252316777556}
2025-09-11 14:52:39 | π“ λ‹¨μΌ ν΄λ“ κ²€μ¦ μ‹μ‘ (validation_split=0.2)...
2025-09-11 14:52:39 | β΅ μΊμ‹λ λ°μ΄ν„° μ‚¬μ© - λΉ λ¥Έ ν•™μµ μ‹μ‘
2025-09-11 14:52:39 | β μΊμ‹ ν•™μµ μ‹¤ν¨: Unknown model (convnext_base_384) - μ‹λ®¬λ μ΄μ… fallback
