2025-09-11 16:10:21 | π“‚ μΊμ‹±μ© λ°μ΄ν„° λ΅λ“ μ¤‘...
2025-09-11 16:10:22 | π® CUDA λ””λ°”μ΄μ¤: NVIDIA GeForce RTX 4090
2025-09-11 16:10:22 | π“ λ°μ΄ν„° λ΅λ“ μ™„λ£: 1570κ° μƒν”
2025-09-11 16:10:22 | β‚οΈ λ°μ΄ν„° λ¶„ν•  μ™„λ£: train=1256, val=314
2025-09-11 16:10:22 | π” Optuna ν•μ΄νΌνλΌλ―Έν„° νλ‹ μ΄κΈ°ν™” μ™„λ£
2025-09-11 16:10:22 | π“‹ Base config: configs/train_highperf.yaml
2025-09-11 16:10:22 | π― Target trials: 20
2025-09-11 16:10:22 | π’Ύ λ°μ΄ν„°μ…‹ μΊμ‹± μ™„λ£ - trial μ†λ„ ν–¥μƒ
2025-09-11 16:10:22 | π€ Optuna μµμ ν™” μ‹μ‘...
2025-09-11 16:10:22 | π”¬ Trial 0: {'lr': 0.0011509662138726384, 'batch_size': 16, 'weight_decay': 0.06719724025653183, 'dropout': 0.28402253718067183}
2025-09-11 16:10:22 | π“ λ‹¨μΌ ν΄λ“ κ²€μ¦ μ‹μ‘ (validation_split=0.2)...
2025-09-11 16:10:22 | β΅ μΊμ‹λ λ°μ΄ν„° μ‚¬μ© - λΉ λ¥Έ ν•™μµ μ‹μ‘
2025-09-11 16:10:59 | β… μΊμ‹ ν•™μµ μ™„λ£: μµμΆ… F1 0.0299
2025-09-11 16:10:59 | β… λ‹¨μΌ ν΄λ“ μ™„λ£: F1 0.0299
2025-09-11 16:10:59 | β… Trial 0 μ™„λ£: F1 0.0299 (fold scores: [0.02992173791522356])
2025-09-11 16:10:59 | π”¬ Trial 1: {'lr': 0.008319684528347769, 'batch_size': 128, 'weight_decay': 0.03790603342512097, 'dropout': 0.13747130061662652}
2025-09-11 16:10:59 | π“ λ‹¨μΌ ν΄λ“ κ²€μ¦ μ‹μ‘ (validation_split=0.2)...
2025-09-11 16:10:59 | β΅ μΊμ‹λ λ°μ΄ν„° μ‚¬μ© - λΉ λ¥Έ ν•™μµ μ‹μ‘
2025-09-11 16:11:35 | β… μΊμ‹ ν•™μµ μ™„λ£: μµμΆ… F1 0.0070
2025-09-11 16:11:35 | β… λ‹¨μΌ ν΄λ“ μ™„λ£: F1 0.0070
2025-09-11 16:11:35 | β… Trial 1 μ™„λ£: F1 0.0070 (fold scores: [0.007044734061289186])
2025-09-11 16:11:35 | π”¬ Trial 2: {'lr': 0.0006856435729412619, 'batch_size': 64, 'weight_decay': 0.07450323207203864, 'dropout': 0.2306678792712457}
2025-09-11 16:11:35 | π“ λ‹¨μΌ ν΄λ“ κ²€μ¦ μ‹μ‘ (validation_split=0.2)...
2025-09-11 16:11:35 | β΅ μΊμ‹λ λ°μ΄ν„° μ‚¬μ© - λΉ λ¥Έ ν•™μµ μ‹μ‘
2025-09-11 16:12:12 | β… μΊμ‹ ν•™μµ μ™„λ£: μµμΆ… F1 0.8512
2025-09-11 16:12:12 | β… λ‹¨μΌ ν΄λ“ μ™„λ£: F1 0.8512
2025-09-11 16:12:12 | β… Trial 2 μ™„λ£: F1 0.8512 (fold scores: [0.8511685511742539])
2025-09-11 16:12:12 | π”¬ Trial 3: {'lr': 6.84521916988434e-05, 'batch_size': 32, 'weight_decay': 0.015237261383599177, 'dropout': 0.23327501673525}
2025-09-11 16:12:12 | π“ λ‹¨μΌ ν΄λ“ κ²€μ¦ μ‹μ‘ (validation_split=0.2)...
2025-09-11 16:12:12 | β΅ μΊμ‹λ λ°μ΄ν„° μ‚¬μ© - λΉ λ¥Έ ν•™μµ μ‹μ‘
2025-09-11 16:12:49 | β… μΊμ‹ ν•™μµ μ™„λ£: μµμΆ… F1 0.8161
2025-09-11 16:12:49 | β… λ‹¨μΌ ν΄λ“ μ™„λ£: F1 0.8161
2025-09-11 16:12:49 | β… Trial 3 μ™„λ£: F1 0.8161 (fold scores: [0.816089372295072])
2025-09-11 16:12:49 | π”¬ Trial 4: {'lr': 1.5016985540978718e-05, 'batch_size': 128, 'weight_decay': 0.07981435626435551, 'dropout': 0.08795655029124415}
2025-09-11 16:12:49 | π“ λ‹¨μΌ ν΄λ“ κ²€μ¦ μ‹μ‘ (validation_split=0.2)...
2025-09-11 16:12:49 | β΅ μΊμ‹λ λ°μ΄ν„° μ‚¬μ© - λΉ λ¥Έ ν•™μµ μ‹μ‘
2025-09-11 16:13:25 | β… μΊμ‹ ν•™μµ μ™„λ£: μµμΆ… F1 0.7383
2025-09-11 16:13:25 | β… λ‹¨μΌ ν΄λ“ μ™„λ£: F1 0.7383
2025-09-11 16:13:25 | β… Trial 4 μ™„λ£: F1 0.7383 (fold scores: [0.7382551418842516])
2025-09-11 16:13:25 | π”¬ Trial 5: {'lr': 2.008768272610932e-05, 'batch_size': 16, 'weight_decay': 0.009525923825991378, 'dropout': 0.22638421471045844}
2025-09-11 16:13:25 | π“ λ‹¨μΌ ν΄λ“ κ²€μ¦ μ‹μ‘ (validation_split=0.2)...
2025-09-11 16:13:25 | β΅ μΊμ‹λ λ°μ΄ν„° μ‚¬μ© - λΉ λ¥Έ ν•™μµ μ‹μ‘
