2025-09-11 15:20:36 | π“‚ μΊμ‹±μ© λ°μ΄ν„° λ΅λ“ μ¤‘...
2025-09-11 15:20:37 | π® CUDA λ””λ°”μ΄μ¤: NVIDIA GeForce RTX 4090
2025-09-11 15:20:37 | π“ λ°μ΄ν„° λ΅λ“ μ™„λ£: 1570κ° μƒν”
2025-09-11 15:20:37 | β‚οΈ λ°μ΄ν„° λ¶„ν•  μ™„λ£: train=1256, val=314
2025-09-11 15:20:37 | π” Optuna ν•μ΄νΌνλΌλ―Έν„° νλ‹ μ΄κΈ°ν™” μ™„λ£
2025-09-11 15:20:37 | π“‹ Base config: configs/train_highperf.yaml
2025-09-11 15:20:37 | π― Target trials: 20
2025-09-11 15:20:37 | π’Ύ λ°μ΄ν„°μ…‹ μΊμ‹± μ™„λ£ - trial μ†λ„ ν–¥μƒ
2025-09-11 15:20:37 | π€ Optuna μµμ ν™” μ‹μ‘...
2025-09-11 15:20:37 | π”¬ Trial 0: {'lr': 0.006710776341818564, 'batch_size': 64, 'weight_decay': 0.005588329730583819, 'dropout': 0.24327188044121556}
2025-09-11 15:20:37 | π“ λ‹¨μΌ ν΄λ“ κ²€μ¦ μ‹μ‘ (validation_split=0.2)...
2025-09-11 15:20:37 | β΅ μΊμ‹λ λ°μ΄ν„° μ‚¬μ© - λΉ λ¥Έ ν•™μµ μ‹μ‘
2025-09-11 15:20:40 | β μΊμ‹ ν•™μµ μ‹¤ν¨: name 'mixup_criterion' is not defined - μ‹λ®¬λ μ΄μ… fallback
2025-09-11 15:20:42 | β… λ‹¨μΌ ν΄λ“ μ™„λ£: F1 0.9328
2025-09-11 15:20:42 | β… Trial 0 μ™„λ£: F1 0.9328 (fold scores: [0.9327885359691577])
2025-09-11 15:20:42 | π”¬ Trial 1: {'lr': 0.00426402666468704, 'batch_size': 32, 'weight_decay': 0.09327235721675153, 'dropout': 0.28688812665879737}
2025-09-11 15:20:42 | π“ λ‹¨μΌ ν΄λ“ κ²€μ¦ μ‹μ‘ (validation_split=0.2)...
2025-09-11 15:20:42 | β΅ μΊμ‹λ λ°μ΄ν„° μ‚¬μ© - λΉ λ¥Έ ν•™μµ μ‹μ‘
2025-09-11 15:20:43 | β μΊμ‹ ν•™μµ μ‹¤ν¨: name 'mixup_criterion' is not defined - μ‹λ®¬λ μ΄μ… fallback
2025-09-11 15:20:45 | β… λ‹¨μΌ ν΄λ“ μ™„λ£: F1 0.9305
2025-09-11 15:20:45 | β… Trial 1 μ™„λ£: F1 0.9305 (fold scores: [0.9305002151044534])
2025-09-11 15:20:45 | π”¬ Trial 2: {'lr': 0.00977203074083625, 'batch_size': 64, 'weight_decay': 0.052509348546181306, 'dropout': 0.2664665884051901}
2025-09-11 15:20:45 | π“ λ‹¨μΌ ν΄λ“ κ²€μ¦ μ‹μ‘ (validation_split=0.2)...
2025-09-11 15:20:45 | β΅ μΊμ‹λ λ°μ΄ν„° μ‚¬μ© - λΉ λ¥Έ ν•™μµ μ‹μ‘
2025-09-11 15:20:47 | β μΊμ‹ ν•™μµ μ‹¤ν¨: name 'mixup_criterion' is not defined - μ‹λ®¬λ μ΄μ… fallback
2025-09-11 15:20:49 | β… λ‹¨μΌ ν΄λ“ μ™„λ£: F1 0.9255
2025-09-11 15:20:49 | β… Trial 2 μ™„λ£: F1 0.9255 (fold scores: [0.9255005863673824])
2025-09-11 15:20:49 | π”¬ Trial 3: {'lr': 2.6290654130115987e-05, 'batch_size': 16, 'weight_decay': 0.096650713963927, 'dropout': 0.14114760810083973}
2025-09-11 15:20:49 | π“ λ‹¨μΌ ν΄λ“ κ²€μ¦ μ‹μ‘ (validation_split=0.2)...
2025-09-11 15:20:49 | β΅ μΊμ‹λ λ°μ΄ν„° μ‚¬μ© - λΉ λ¥Έ ν•™μµ μ‹μ‘
2025-09-11 15:20:50 | β μΊμ‹ ν•™μµ μ‹¤ν¨: name 'mixup_criterion' is not defined - μ‹λ®¬λ μ΄μ… fallback
