2025-09-11 15:53:11 | π“‚ μΊμ‹±μ© λ°μ΄ν„° λ΅λ“ μ¤‘...
2025-09-11 15:53:11 | π® CUDA λ””λ°”μ΄μ¤: NVIDIA GeForce RTX 4090
2025-09-11 15:53:11 | π“ λ°μ΄ν„° λ΅λ“ μ™„λ£: 1570κ° μƒν”
2025-09-11 15:53:11 | β‚οΈ λ°μ΄ν„° λ¶„ν•  μ™„λ£: train=1256, val=314
2025-09-11 15:53:11 | π” Optuna ν•μ΄νΌνλΌλ―Έν„° νλ‹ μ΄κΈ°ν™” μ™„λ£
2025-09-11 15:53:11 | π“‹ Base config: configs/train_highperf.yaml
2025-09-11 15:53:11 | π― Target trials: 20
2025-09-11 15:53:11 | π’Ύ λ°μ΄ν„°μ…‹ μΊμ‹± μ™„λ£ - trial μ†λ„ ν–¥μƒ
2025-09-11 15:53:11 | π€ Optuna μµμ ν™” μ‹μ‘...
2025-09-11 15:53:11 | π”¬ Trial 0: {'lr': 2.0833257093271878e-05, 'batch_size': 32, 'weight_decay': 0.0638411164710335, 'dropout': 0.21338260628513112}
2025-09-11 15:53:11 | π“ λ‹¨μΌ ν΄λ“ κ²€μ¦ μ‹μ‘ (validation_split=0.2)...
2025-09-11 15:53:11 | β΅ μΊμ‹λ λ°μ΄ν„° μ‚¬μ© - λΉ λ¥Έ ν•™μµ μ‹μ‘
2025-09-11 15:55:36 | β… μΊμ‹ ν•™μµ μ™„λ£: μµμΆ… F1 0.8535
2025-09-11 15:55:36 | β… λ‹¨μΌ ν΄λ“ μ™„λ£: F1 0.8535
2025-09-11 15:55:36 | β… Trial 0 μ™„λ£: F1 0.8535 (fold scores: [0.8535218304080197])
2025-09-11 15:55:36 | π”¬ Trial 1: {'lr': 0.009764423946962456, 'batch_size': 16, 'weight_decay': 0.0963999273179602, 'dropout': 0.0771087291306178}
2025-09-11 15:55:36 | π“ λ‹¨μΌ ν΄λ“ κ²€μ¦ μ‹μ‘ (validation_split=0.2)...
2025-09-11 15:55:36 | β΅ μΊμ‹λ λ°μ΄ν„° μ‚¬μ© - λΉ λ¥Έ ν•™μµ μ‹μ‘
2025-09-11 15:57:55 | β… μΊμ‹ ν•™μµ μ™„λ£: μµμΆ… F1 0.0070
2025-09-11 15:57:55 | β… λ‹¨μΌ ν΄λ“ μ™„λ£: F1 0.0070
2025-09-11 15:57:55 | β… Trial 1 μ™„λ£: F1 0.0070 (fold scores: [0.007044734061289186])
2025-09-11 15:57:55 | π”¬ Trial 2: {'lr': 0.002589379361835789, 'batch_size': 32, 'weight_decay': 0.041753993585264264, 'dropout': 0.22550026426209993}
2025-09-11 15:57:55 | π“ λ‹¨μΌ ν΄λ“ κ²€μ¦ μ‹μ‘ (validation_split=0.2)...
2025-09-11 15:57:55 | β΅ μΊμ‹λ λ°μ΄ν„° μ‚¬μ© - λΉ λ¥Έ ν•™μµ μ‹μ‘
2025-09-11 16:00:16 | β… μΊμ‹ ν•™μµ μ™„λ£: μµμΆ… F1 0.0696
2025-09-11 16:00:16 | β… λ‹¨μΌ ν΄λ“ μ™„λ£: F1 0.0696
2025-09-11 16:00:16 | β… Trial 2 μ™„λ£: F1 0.0696 (fold scores: [0.06964974023797553])
2025-09-11 16:00:16 | π”¬ Trial 3: {'lr': 0.0054233622205822766, 'batch_size': 32, 'weight_decay': 0.09256555342165572, 'dropout': 0.2835766306810509}
2025-09-11 16:00:16 | π“ λ‹¨μΌ ν΄λ“ κ²€μ¦ μ‹μ‘ (validation_split=0.2)...
2025-09-11 16:00:16 | β΅ μΊμ‹λ λ°μ΄ν„° μ‚¬μ© - λΉ λ¥Έ ν•™μµ μ‹μ‘
