2025-09-08 16:18:49 | >> 표준 출력 및 오류를 로그 파일로 리디렉션 시작
2025-09-08 16:18:49 | >> Logger started: logs/20250908/train/train_20250908-1618_swin-sighperf_advanced_augmentation.log
2025-09-08 16:18:49 | [BOOT] training pipeline started
2025-09-08 16:18:49 | [BOOT] device=cuda
2025-09-08 16:18:49 | [CFG] loaded config from configs/train_highperf.yaml
2025-09-08 16:18:49 | [CFG] data section: {'root': './data', 'train_csv': './data/raw/train.csv', 'sample_csv': './data/raw/sample_submission.csv', 'image_dir_train': './data/raw/train', 'image_dir_test': './data/raw/test', 'image_ext': '.jpg', 'id_col': 'ID', 'target_col': 'target', 'num_classes': 17, 'folds': 5, 'valid_fold': 'all', 'stratify': True}
2025-09-08 16:18:49 | [CFG] train section: {'img_size': 384, 'batch_size': 96, 'use_advanced_augmentation': True, 'epochs': 5, 'lr': 0.0001, 'weight_decay': 0.01, 'optimizer': 'adamw', 'scheduler': 'cosine', 'mixed_precision': True, 'max_grad_norm': 1.0, 'label_smoothing': 0.1, 'use_mixup': True, 'mixup_alpha': 1.0, 'hard_augmentation': True, 'log_interval': 50}
2025-09-08 16:18:49 | [CFG] model section: {'name': 'swin_base_384', 'pretrained': True, 'drop_rate': 0.1, 'drop_path_rate': 0.1, 'pooling': 'avg'}
2025-09-08 16:18:49 | [CFG] output section: {'logs_dir': 'logs/train', 'exp_dir': 'experiments/train', 'snapshots': True}
2025-09-08 16:18:49 | [PATH] OK | train_csv=/home/ieyeppo/AI_Lab/computer-vision-competition-1SEN/data/raw/train.csv | sample_csv=/home/ieyeppo/AI_Lab/computer-vision-competition-1SEN/data/raw/sample_submission.csv | image_dir_train=/home/ieyeppo/AI_Lab/computer-vision-competition-1SEN/data/raw/train
2025-09-08 16:18:49 | [DATA] columns=['ID', 'target'] | required=('ID', 'target')
2025-09-08 16:18:49 | [FOLD] preparing | folds=5 stratify=True
2025-09-08 16:18:49 | [FOLD] distribution={0: 314, 1: 314, 2: 314, 3: 314, 4: 314}
2025-09-08 16:18:49 | [ARTIFACTS] exp_root=experiments/train/20250908/swin-sighperf_20250908_1618
2025-09-08 16:18:49 | [ARTIFACTS] ckpt_dir=experiments/train/20250908/swin-sighperf_20250908_1618/ckpt
2025-09-08 16:18:49 | [ARTIFACTS] metrics_path=experiments/train/20250908/swin-sighperf_20250908_1618/metrics.jsonl
2025-09-08 16:18:49 | [ARTIFACTS] cfg_snapshot=experiments/train/20250908/swin-sighperf_20250908_1618/config.yaml
2025-09-08 16:18:49 | [MODE] valid_fold=all
2025-09-08 16:18:49 | [FOLD 0] >>> start | train=1256 valid=314
2025-09-08 16:18:49 | [DATA] build loaders | img_dir=/home/ieyeppo/AI_Lab/computer-vision-competition-1SEN/data/raw/train | img_size=384 | bs=96
2025-09-08 16:18:49 | [DATA] augmentation type: advanced
2025-09-08 16:18:49 | /home/ieyeppo/.pyenv/versions/cv_py3_11_9/lib/python3.11/site-packages/albumentations/augmentations/transforms.py:1692: UserWarning: Using default interpolation INTER_NEAREST, which is sub-optimal.Please specify interpolation mode for downscale and upscale explicitly.For additional information see this PR https://github.com/albumentations-team/albumentations/pull/584
  warnings.warn(
2025-09-08 16:18:49 | [DATA] dataset sizes | train=1256 valid=314
2025-09-08 16:18:49 | [ERROR] RuntimeError: Unknown model (swin_base_384)
2025-09-08 16:18:49 | [EXIT] TRAINING ERROR code=1
2025-09-08 16:18:49 | >> Stopping logger and restoring stdio
2025-09-08 16:18:49 | >> 로그 리디렉션 중료.
