2025-09-08 03:38:48 | [BOOT] high-performance training pipeline started
2025-09-08 03:38:48 | [BOOT] device=cuda
2025-09-08 03:38:48 | [DATA] loaded train data | shape=(1570, 2)
2025-09-08 03:38:48 | ==================================================
2025-09-08 03:38:48 | FOLD 1/5 START
2025-09-08 03:38:48 | ==================================================
2025-09-08 03:38:48 | [FOLD 0] train=1256 valid=314
2025-09-08 03:38:52 | [DATA] build highperf loaders | img_size=384 bs=64
2025-09-08 03:38:52 | [DATA] augmentation: baseline-advanced (normal + hard augmentation)
2025-09-08 03:38:52 | [HighPerfDataset] size=1256 img_size=384 epoch=0/8 p_hard=0.200 is_train=True
2025-09-08 03:38:52 | [HighPerfDataset] size=314 img_size=384 epoch=0/8 p_hard=0.000 is_train=False
2025-09-08 03:38:52 | [DATA] dataset sizes | train=1256 valid=314
2025-09-08 03:38:52 | [HighPerfDataset] updated epoch=1, p_hard=0.238
2025-09-08 03:38:52 | [EPOCH 1] >>> TRAIN start | steps=20 mixup=True
2025-09-08 03:39:17 | [EPOCH 1][TRAIN step 1/20] loss=2.98389 lr=0.000100 bs=64
2025-09-08 03:46:05 | [EPOCH 1][TRAIN step 20/20] loss=2.21407 lr=0.000100 bs=40
2025-09-08 03:46:05 | [EPOCH 1] <<< TRAIN end | loss=2.10231
2025-09-08 03:46:05 | [EPOCH 1] >>> VALID start | steps=5
2025-09-08 03:46:59 | [EPOCH 1] <<< VALID end | loss=0.64682 macro_f1=0.71165
2025-09-08 03:47:00 | [FOLD 0] NEW BEST F1: 0.71165 (epoch 1)
2025-09-08 03:47:00 | [DATA] build highperf loaders | img_size=384 bs=64
2025-09-08 03:47:00 | [DATA] augmentation: baseline-advanced (normal + hard augmentation)
2025-09-08 03:47:00 | [HighPerfDataset] size=1256 img_size=384 epoch=1/8 p_hard=0.238 is_train=True
2025-09-08 03:47:00 | [HighPerfDataset] size=314 img_size=384 epoch=1/8 p_hard=0.000 is_train=False
2025-09-08 03:47:00 | [DATA] dataset sizes | train=1256 valid=314
2025-09-08 03:47:00 | [HighPerfDataset] updated epoch=2, p_hard=0.275
2025-09-08 03:47:00 | [EPOCH 2] >>> TRAIN start | steps=20 mixup=True
2025-09-08 03:47:22 | [EPOCH 2][TRAIN step 1/20] loss=1.03319 lr=0.000096 bs=64
2025-09-08 03:54:08 | [EPOCH 2][TRAIN step 20/20] loss=1.50909 lr=0.000096 bs=40
2025-09-08 03:54:08 | [EPOCH 2] <<< TRAIN end | loss=1.12852
2025-09-08 03:54:08 | [EPOCH 2] >>> VALID start | steps=5
2025-09-08 03:55:01 | [EPOCH 2] <<< VALID end | loss=0.39028 macro_f1=0.84593
2025-09-08 03:55:02 | [FOLD 0] NEW BEST F1: 0.84593 (epoch 2)
2025-09-08 03:55:02 | [DATA] build highperf loaders | img_size=384 bs=64
2025-09-08 03:55:02 | [DATA] augmentation: baseline-advanced (normal + hard augmentation)
2025-09-08 03:55:02 | [HighPerfDataset] size=1256 img_size=384 epoch=2/8 p_hard=0.275 is_train=True
2025-09-08 03:55:02 | [HighPerfDataset] size=314 img_size=384 epoch=2/8 p_hard=0.000 is_train=False
2025-09-08 03:55:02 | [DATA] dataset sizes | train=1256 valid=314
2025-09-08 03:55:02 | [HighPerfDataset] updated epoch=3, p_hard=0.312
2025-09-08 03:55:02 | [EPOCH 3] >>> TRAIN start | steps=20 mixup=True
2025-09-08 03:55:25 | [EPOCH 3][TRAIN step 1/20] loss=0.51606 lr=0.000085 bs=64
2025-09-08 04:02:11 | [EPOCH 3][TRAIN step 20/20] loss=0.43577 lr=0.000085 bs=40
2025-09-08 04:02:11 | [EPOCH 3] <<< TRAIN end | loss=0.85908
2025-09-08 04:02:11 | [EPOCH 3] >>> VALID start | steps=5
2025-09-08 04:03:06 | [EPOCH 3] <<< VALID end | loss=0.29309 macro_f1=0.87685
2025-09-08 04:03:07 | [FOLD 0] NEW BEST F1: 0.87685 (epoch 3)
2025-09-08 04:03:07 | [DATA] build highperf loaders | img_size=384 bs=64
2025-09-08 04:03:07 | [DATA] augmentation: baseline-advanced (normal + hard augmentation)
2025-09-08 04:03:07 | [HighPerfDataset] size=1256 img_size=384 epoch=3/8 p_hard=0.312 is_train=True
2025-09-08 04:03:07 | [HighPerfDataset] size=314 img_size=384 epoch=3/8 p_hard=0.000 is_train=False
2025-09-08 04:03:07 | [DATA] dataset sizes | train=1256 valid=314
2025-09-08 04:03:07 | [HighPerfDataset] updated epoch=4, p_hard=0.350
2025-09-08 04:03:07 | [EPOCH 4] >>> TRAIN start | steps=20 mixup=True
2025-09-08 04:03:29 | [EPOCH 4][TRAIN step 1/20] loss=1.64677 lr=0.000069 bs=64
2025-09-08 04:04:59 | [SHUTDOWN] Training pipeline ended
