2025-09-08 16:19:25 | >> 표준 출력 및 오류를 로그 파일로 리디렉션 시작
2025-09-08 16:19:25 | >> Logger started: logs/20250908/train/train_20250908-1619_multi-model-ensemble-rtx4090_advanced_augmentation.log
2025-09-08 16:19:25 | [BOOT] training pipeline started
2025-09-08 16:19:25 | [BOOT] device=cuda
2025-09-08 16:19:25 | [CFG] loaded config from configs/train_optimized_20250908_1616.yaml
2025-09-08 16:19:25 | [CFG] data section: {'root': './data', 'train_csv': './data/raw/train.csv', 'sample_csv': './data/raw/sample_submission.csv', 'image_dir_train': './data/raw/train', 'image_dir_test': './data/raw/test', 'image_ext': '.jpg', 'id_col': 'ID', 'target_col': 'target', 'num_classes': 17, 'folds': 5, 'valid_fold': 'all', 'stratify': True}
2025-09-08 16:19:25 | [CFG] train section: {'img_size': 384, 'batch_size': 64, 'initial_batch_size': 96, 'max_batch_size': 160, 'auto_scale_batch_size': 'binsearch', 'use_advanced_augmentation': True, 'epochs': 3, 'lr': 0.00023801226999808358, 'weight_decay': 0.02724078801980071, 'optimizer': 'adamw', 'scheduler': 'cosine', 'warmup_epochs': 1, 'min_lr': 1e-06, 'mixed_precision': True, 'max_grad_norm': 1.0, 'label_smoothing': 0.1, 'use_mixup': True, 'mixup_alpha': 0.8, 'cutmix_alpha': 1.0, 'use_cutmix': True, 'hard_augmentation': True, 'log_interval': 50, 'dropout': 0.2606234567692772}
2025-09-08 16:19:25 | [CFG] model section: {'name': 'swin_base_384', 'pretrained': True, 'drop_rate': 0.15, 'drop_path_rate': 0.15, 'pooling': 'avg'}
2025-09-08 16:19:25 | [CFG] output section: {'exp_dir': './experiments/train', 'snapshots': True, 'save_predictions': True}
2025-09-08 16:19:25 | [PATH] OK | train_csv=/home/ieyeppo/AI_Lab/computer-vision-competition-1SEN/data/raw/train.csv | sample_csv=/home/ieyeppo/AI_Lab/computer-vision-competition-1SEN/data/raw/sample_submission.csv | image_dir_train=/home/ieyeppo/AI_Lab/computer-vision-competition-1SEN/data/raw/train
2025-09-08 16:19:25 | [DATA] columns=['ID', 'target'] | required=('ID', 'target')
2025-09-08 16:19:25 | [FOLD] preparing | folds=5 stratify=True
2025-09-08 16:19:25 | [FOLD] distribution={0: 314, 1: 314, 2: 314, 3: 314, 4: 314}
2025-09-08 16:19:25 | [ARTIFACTS] exp_root=./experiments/train/20250908/multi-model-ensemble-rtx4090_20250908_1619
2025-09-08 16:19:25 | [ARTIFACTS] ckpt_dir=./experiments/train/20250908/multi-model-ensemble-rtx4090_20250908_1619/ckpt
2025-09-08 16:19:25 | [ARTIFACTS] metrics_path=./experiments/train/20250908/multi-model-ensemble-rtx4090_20250908_1619/metrics.jsonl
2025-09-08 16:19:25 | [ARTIFACTS] cfg_snapshot=./experiments/train/20250908/multi-model-ensemble-rtx4090_20250908_1619/config.yaml
2025-09-08 16:19:25 | [MODE] valid_fold=all
2025-09-08 16:19:25 | [FOLD 0] >>> start | train=1256 valid=314
2025-09-08 16:19:25 | [DATA] build loaders | img_dir=/home/ieyeppo/AI_Lab/computer-vision-competition-1SEN/data/raw/train | img_size=384 | bs=64
2025-09-08 16:19:25 | [DATA] augmentation type: advanced
2025-09-08 16:19:25 | /home/ieyeppo/.pyenv/versions/cv_py3_11_9/lib/python3.11/site-packages/albumentations/augmentations/transforms.py:1692: UserWarning: Using default interpolation INTER_NEAREST, which is sub-optimal.Please specify interpolation mode for downscale and upscale explicitly.For additional information see this PR https://github.com/albumentations-team/albumentations/pull/584
  warnings.warn(
2025-09-08 16:19:25 | [DATA] dataset sizes | train=1256 valid=314
2025-09-08 16:19:25 | [ERROR] RuntimeError: Unknown model (swin_base_384)
2025-09-08 16:19:25 | [EXIT] TRAINING ERROR code=1
2025-09-08 16:19:25 | >> Stopping logger and restoring stdio
2025-09-08 16:19:25 | >> 로그 리디렉션 중료.
2025-09-08 16:19:47 | >> 표준 출력 및 오류를 로그 파일로 리디렉션 시작
2025-09-08 16:19:47 | >> Logger started: logs/20250908/train/train_20250908-1619_multi-model-ensemble-rtx4090_advanced_augmentation.log
2025-09-08 16:19:47 | [BOOT] training pipeline started
2025-09-08 16:19:47 | [BOOT] device=cuda
2025-09-08 16:19:47 | [CFG] loaded config from configs/train_optimized_20250908_1616.yaml
2025-09-08 16:19:47 | [CFG] data section: {'root': './data', 'train_csv': './data/raw/train.csv', 'sample_csv': './data/raw/sample_submission.csv', 'image_dir_train': './data/raw/train', 'image_dir_test': './data/raw/test', 'image_ext': '.jpg', 'id_col': 'ID', 'target_col': 'target', 'num_classes': 17, 'folds': 5, 'valid_fold': 'all', 'stratify': True}
2025-09-08 16:19:47 | [CFG] train section: {'img_size': 384, 'batch_size': 64, 'initial_batch_size': 96, 'max_batch_size': 160, 'auto_scale_batch_size': 'binsearch', 'use_advanced_augmentation': True, 'epochs': 3, 'lr': 0.00023801226999808358, 'weight_decay': 0.02724078801980071, 'optimizer': 'adamw', 'scheduler': 'cosine', 'warmup_epochs': 1, 'min_lr': 1e-06, 'mixed_precision': True, 'max_grad_norm': 1.0, 'label_smoothing': 0.1, 'use_mixup': True, 'mixup_alpha': 0.8, 'cutmix_alpha': 1.0, 'use_cutmix': True, 'hard_augmentation': True, 'log_interval': 50, 'dropout': 0.2606234567692772}
2025-09-08 16:19:47 | [CFG] model section: {'name': 'efficientnet_b3', 'pretrained': True, 'drop_rate': 0.15, 'drop_path_rate': 0.15, 'pooling': 'avg'}
2025-09-08 16:19:47 | [CFG] output section: {'exp_dir': './experiments/train', 'snapshots': True, 'save_predictions': True}
2025-09-08 16:19:47 | [PATH] OK | train_csv=/home/ieyeppo/AI_Lab/computer-vision-competition-1SEN/data/raw/train.csv | sample_csv=/home/ieyeppo/AI_Lab/computer-vision-competition-1SEN/data/raw/sample_submission.csv | image_dir_train=/home/ieyeppo/AI_Lab/computer-vision-competition-1SEN/data/raw/train
2025-09-08 16:19:47 | [DATA] columns=['ID', 'target'] | required=('ID', 'target')
2025-09-08 16:19:47 | [FOLD] preparing | folds=5 stratify=True
2025-09-08 16:19:47 | [FOLD] distribution={0: 314, 1: 314, 2: 314, 3: 314, 4: 314}
2025-09-08 16:19:47 | [ARTIFACTS] exp_root=./experiments/train/20250908/multi-model-ensemble-rtx4090_20250908_1619
2025-09-08 16:19:47 | [ARTIFACTS] ckpt_dir=./experiments/train/20250908/multi-model-ensemble-rtx4090_20250908_1619/ckpt
2025-09-08 16:19:47 | [ARTIFACTS] metrics_path=./experiments/train/20250908/multi-model-ensemble-rtx4090_20250908_1619/metrics.jsonl
2025-09-08 16:19:47 | [ARTIFACTS] cfg_snapshot=./experiments/train/20250908/multi-model-ensemble-rtx4090_20250908_1619/config.yaml
2025-09-08 16:19:47 | [MODE] valid_fold=all
2025-09-08 16:19:47 | [FOLD 0] >>> start | train=1256 valid=314
2025-09-08 16:19:47 | [DATA] build loaders | img_dir=/home/ieyeppo/AI_Lab/computer-vision-competition-1SEN/data/raw/train | img_size=384 | bs=64
2025-09-08 16:19:47 | [DATA] augmentation type: advanced
2025-09-08 16:19:47 | /home/ieyeppo/.pyenv/versions/cv_py3_11_9/lib/python3.11/site-packages/albumentations/augmentations/transforms.py:1692: UserWarning: Using default interpolation INTER_NEAREST, which is sub-optimal.Please specify interpolation mode for downscale and upscale explicitly.For additional information see this PR https://github.com/albumentations-team/albumentations/pull/584
  warnings.warn(
2025-09-08 16:19:47 | [DATA] dataset sizes | train=1256 valid=314
2025-09-08 16:19:47 | [MODEL] name=efficientnet_b3 pretrained=True pooling=avg params(total/trainable)=10722361/10722361
2025-09-08 16:19:47 | [ERROR] KeyError: 'amp'
2025-09-08 16:19:47 | [EXIT] TRAINING ERROR code=1
2025-09-08 16:19:47 | >> Stopping logger and restoring stdio
2025-09-08 16:19:47 | >> 로그 리디렉션 중료.
