2025-09-08 03:17:47 | [BOOT] high-performance training pipeline started
2025-09-08 03:17:47 | [BOOT] device=cuda
2025-09-08 03:17:47 | [DATA] loaded train data | shape=(1570, 2)
2025-09-08 03:17:47 | ==================================================
2025-09-08 03:17:47 | FOLD 1/3 START
2025-09-08 03:17:47 | ==================================================
2025-09-08 03:17:47 | [FOLD 0] train=1046 valid=524
2025-09-08 03:17:50 | [DATA] build highperf loaders | img_size=384 bs=16
2025-09-08 03:17:50 | [DATA] augmentation: baseline-advanced (normal + hard augmentation)
2025-09-08 03:17:50 | [HighPerfDataset] size=1046 img_size=384 epoch=0/5 p_hard=0.200 is_train=True
2025-09-08 03:17:50 | [HighPerfDataset] size=524 img_size=384 epoch=0/5 p_hard=0.000 is_train=False
2025-09-08 03:17:50 | [DATA] dataset sizes | train=1046 valid=524
2025-09-08 03:17:50 | [HighPerfDataset] updated epoch=1, p_hard=0.260
2025-09-08 03:17:50 | [EPOCH 1] >>> TRAIN start | steps=66 mixup=True
2025-09-08 03:17:51 | [EPOCH 1][TRAIN step 1/66] loss=2.94836 lr=0.004562 bs=16
2025-09-08 03:17:59 | [EPOCH 1][TRAIN step 50/66] loss=3.27271 lr=0.004562 bs=16
2025-09-08 03:18:01 | [EPOCH 1][TRAIN step 66/66] loss=3.28483 lr=0.004562 bs=6
2025-09-08 03:18:01 | [EPOCH 1] <<< TRAIN end | loss=4.11331
2025-09-08 03:18:01 | [EPOCH 1] >>> VALID start | steps=33
2025-09-08 03:18:04 | [EPOCH 1] <<< VALID end | loss=3.18391 macro_f1=0.00697
2025-09-08 03:18:05 | [FOLD 0] NEW BEST F1: 0.00697 (epoch 1)
2025-09-08 03:18:05 | [DATA] build highperf loaders | img_size=384 bs=16
2025-09-08 03:18:05 | [DATA] augmentation: baseline-advanced (normal + hard augmentation)
2025-09-08 03:18:05 | [HighPerfDataset] size=1046 img_size=384 epoch=1/5 p_hard=0.260 is_train=True
2025-09-08 03:18:05 | [HighPerfDataset] size=524 img_size=384 epoch=1/5 p_hard=0.000 is_train=False
2025-09-08 03:18:05 | [DATA] dataset sizes | train=1046 valid=524
2025-09-08 03:18:05 | [HighPerfDataset] updated epoch=2, p_hard=0.320
2025-09-08 03:18:05 | [EPOCH 2] >>> TRAIN start | steps=66 mixup=True
2025-09-08 03:18:06 | [EPOCH 2][TRAIN step 1/66] loss=3.09468 lr=0.004127 bs=16
2025-09-08 03:18:09 | [SHUTDOWN] Training pipeline ended
