2025-09-10 10:22:39 | [BOOT] high-performance training pipeline started
2025-09-10 10:22:39 | [BOOT] device=cuda
2025-09-10 10:22:39 | [DATA] loaded train data | shape=(1570, 2)
2025-09-10 10:22:39 | ==================================================
2025-09-10 10:22:39 | FOLD 1/2 START
2025-09-10 10:22:39 | ==================================================
2025-09-10 10:22:39 | [FOLD 0] train=785 valid=785
2025-09-10 10:22:42 | [SINGLE-MODEL] All folds using model: convnext_base_384_in22ft1k
2025-09-10 10:22:42 | [SCHEDULER] K-Fold: CosineAnnealing(T_max=200)
2025-09-10 10:22:42 | [DATA] build highperf loaders | img_size=384 bs=64
2025-09-10 10:22:42 | [DATA] augmentation: baseline-advanced (normal + hard augmentation)
2025-09-10 10:22:42 | [HighPerfDataset] size=785 img_size=384 epoch=0/200 p_hard=0.200 is_train=True
2025-09-10 10:22:42 | [HighPerfDataset] size=785 img_size=384 epoch=0/200 p_hard=0.000 is_train=False
2025-09-10 10:22:42 | [DATA] dataset sizes | train=785 valid=785
2025-09-10 10:22:42 | [HighPerfDataset] updated epoch=1, p_hard=0.202
2025-09-10 10:22:42 | [EPOCH 1] >>> TRAIN start | steps=13 mixup=True
2025-09-10 10:22:46 | [EPOCH 1][TRAIN step 1/13] loss=3.24248 lr=0.000138 bs=64
2025-09-10 10:23:36 | [EPOCH 1][TRAIN step 13/13] loss=1.24828 lr=0.000138 bs=17
2025-09-10 10:23:36 | [EPOCH 1] <<< TRAIN end | loss=2.51261
2025-09-10 10:23:36 | [EPOCH 1] >>> VALID start | steps=13
2025-09-10 10:23:50 | [EPOCH 1] <<< VALID end | loss=1.40388 macro_f1=0.57608
2025-09-10 10:23:52 | [FOLD 0] NEW BEST F1: 0.57608 (epoch 1)
2025-09-10 10:23:52 | [DATA] build highperf loaders | img_size=384 bs=64
2025-09-10 10:23:52 | [DATA] augmentation: baseline-advanced (normal + hard augmentation)
2025-09-10 10:23:52 | [HighPerfDataset] size=785 img_size=384 epoch=1/200 p_hard=0.202 is_train=True
2025-09-10 10:23:52 | [HighPerfDataset] size=785 img_size=384 epoch=1/200 p_hard=0.000 is_train=False
2025-09-10 10:23:52 | [DATA] dataset sizes | train=785 valid=785
2025-09-10 10:23:52 | [HighPerfDataset] updated epoch=2, p_hard=0.203
2025-09-10 10:23:52 | [EPOCH 2] >>> TRAIN start | steps=13 mixup=True
2025-09-10 10:23:57 | [EPOCH 2][TRAIN step 1/13] loss=1.53648 lr=0.000138 bs=64
2025-09-10 10:24:54 | [EPOCH 2][TRAIN step 13/13] loss=0.68077 lr=0.000138 bs=17
2025-09-10 10:24:54 | [EPOCH 2] <<< TRAIN end | loss=1.44031
2025-09-10 10:24:54 | [EPOCH 2] >>> VALID start | steps=13
2025-09-10 10:25:08 | [EPOCH 2] <<< VALID end | loss=0.72087 macro_f1=0.66148
2025-09-10 10:25:09 | [FOLD 0] NEW BEST F1: 0.66148 (epoch 2)
2025-09-10 10:25:09 | [DATA] build highperf loaders | img_size=384 bs=64
2025-09-10 10:25:09 | [DATA] augmentation: baseline-advanced (normal + hard augmentation)
2025-09-10 10:25:09 | [HighPerfDataset] size=785 img_size=384 epoch=2/200 p_hard=0.203 is_train=True
2025-09-10 10:25:09 | [HighPerfDataset] size=785 img_size=384 epoch=2/200 p_hard=0.000 is_train=False
2025-09-10 10:25:09 | [DATA] dataset sizes | train=785 valid=785
2025-09-10 10:25:09 | [HighPerfDataset] updated epoch=3, p_hard=0.205
2025-09-10 10:25:09 | [EPOCH 3] >>> TRAIN start | steps=13 mixup=True
2025-09-10 10:25:15 | [EPOCH 3][TRAIN step 1/13] loss=1.08630 lr=0.000138 bs=64
2025-09-10 10:26:05 | [EPOCH 3][TRAIN step 13/13] loss=0.68962 lr=0.000138 bs=17
2025-09-10 10:26:05 | [EPOCH 3] <<< TRAIN end | loss=1.03568
2025-09-10 10:26:05 | [EPOCH 3] >>> VALID start | steps=13
2025-09-10 10:26:16 | [EPOCH 3] <<< VALID end | loss=0.43163 macro_f1=0.84014
2025-09-10 10:26:18 | [FOLD 0] NEW BEST F1: 0.84014 (epoch 3)
2025-09-10 10:26:18 | [DATA] build highperf loaders | img_size=384 bs=64
2025-09-10 10:26:18 | [DATA] augmentation: baseline-advanced (normal + hard augmentation)
2025-09-10 10:26:18 | [HighPerfDataset] size=785 img_size=384 epoch=3/200 p_hard=0.205 is_train=True
2025-09-10 10:26:18 | [HighPerfDataset] size=785 img_size=384 epoch=3/200 p_hard=0.000 is_train=False
2025-09-10 10:26:18 | [DATA] dataset sizes | train=785 valid=785
2025-09-10 10:26:18 | [HighPerfDataset] updated epoch=4, p_hard=0.206
2025-09-10 10:26:18 | [EPOCH 4] >>> TRAIN start | steps=13 mixup=True
2025-09-10 10:26:22 | [EPOCH 4][TRAIN step 1/13] loss=0.53117 lr=0.000138 bs=64
2025-09-10 10:27:02 | [EPOCH 4][TRAIN step 13/13] loss=1.11878 lr=0.000138 bs=17
2025-09-10 10:27:02 | [EPOCH 4] <<< TRAIN end | loss=1.01440
2025-09-10 10:27:02 | [EPOCH 4] >>> VALID start | steps=13
2025-09-10 10:27:11 | [EPOCH 4] <<< VALID end | loss=0.33659 macro_f1=0.85047
2025-09-10 10:27:13 | [FOLD 0] NEW BEST F1: 0.85047 (epoch 4)
2025-09-10 10:27:13 | [DATA] build highperf loaders | img_size=384 bs=64
2025-09-10 10:27:13 | [DATA] augmentation: baseline-advanced (normal + hard augmentation)
2025-09-10 10:27:13 | [HighPerfDataset] size=785 img_size=384 epoch=4/200 p_hard=0.206 is_train=True
2025-09-10 10:27:13 | [HighPerfDataset] size=785 img_size=384 epoch=4/200 p_hard=0.000 is_train=False
2025-09-10 10:27:13 | [DATA] dataset sizes | train=785 valid=785
2025-09-10 10:27:13 | [HighPerfDataset] updated epoch=5, p_hard=0.208
2025-09-10 10:27:13 | [EPOCH 5] >>> TRAIN start | steps=13 mixup=True
2025-09-10 10:27:17 | [EPOCH 5][TRAIN step 1/13] loss=0.50305 lr=0.000138 bs=64
2025-09-10 10:27:57 | [EPOCH 5][TRAIN step 13/13] loss=1.72504 lr=0.000138 bs=17
2025-09-10 10:27:57 | [EPOCH 5] <<< TRAIN end | loss=0.73739
2025-09-10 10:27:57 | [EPOCH 5] >>> VALID start | steps=13
2025-09-10 10:28:07 | [EPOCH 5] <<< VALID end | loss=0.24450 macro_f1=0.90932
2025-09-10 10:28:09 | [FOLD 0] NEW BEST F1: 0.90932 (epoch 5)
2025-09-10 10:28:09 | [DATA] build highperf loaders | img_size=384 bs=64
2025-09-10 10:28:09 | [DATA] augmentation: baseline-advanced (normal + hard augmentation)
2025-09-10 10:28:09 | [HighPerfDataset] size=785 img_size=384 epoch=5/200 p_hard=0.208 is_train=True
2025-09-10 10:28:09 | [HighPerfDataset] size=785 img_size=384 epoch=5/200 p_hard=0.000 is_train=False
2025-09-10 10:28:09 | [DATA] dataset sizes | train=785 valid=785
2025-09-10 10:28:09 | [HighPerfDataset] updated epoch=6, p_hard=0.209
2025-09-10 10:28:09 | [EPOCH 6] >>> TRAIN start | steps=13 mixup=True
2025-09-10 10:28:13 | [EPOCH 6][TRAIN step 1/13] loss=0.43180 lr=0.000138 bs=64
2025-09-10 10:28:54 | [EPOCH 6][TRAIN step 13/13] loss=0.14164 lr=0.000138 bs=17
2025-09-10 10:28:54 | [EPOCH 6] <<< TRAIN end | loss=0.68457
2025-09-10 10:28:54 | [EPOCH 6] >>> VALID start | steps=13
2025-09-10 10:29:04 | [EPOCH 6] <<< VALID end | loss=0.24265 macro_f1=0.88810
2025-09-10 10:29:04 | [DATA] build highperf loaders | img_size=384 bs=64
2025-09-10 10:29:04 | [DATA] augmentation: baseline-advanced (normal + hard augmentation)
2025-09-10 10:29:04 | [HighPerfDataset] size=785 img_size=384 epoch=6/200 p_hard=0.209 is_train=True
2025-09-10 10:29:04 | [HighPerfDataset] size=785 img_size=384 epoch=6/200 p_hard=0.000 is_train=False
2025-09-10 10:29:04 | [DATA] dataset sizes | train=785 valid=785
2025-09-10 10:29:04 | [HighPerfDataset] updated epoch=7, p_hard=0.211
2025-09-10 10:29:04 | [EPOCH 7] >>> TRAIN start | steps=13 mixup=True
2025-09-10 10:29:08 | [EPOCH 7][TRAIN step 1/13] loss=1.50077 lr=0.000138 bs=64
2025-09-10 10:29:51 | [EPOCH 7][TRAIN step 13/13] loss=0.27662 lr=0.000138 bs=17
2025-09-10 10:29:51 | [EPOCH 7] <<< TRAIN end | loss=0.71913
2025-09-10 10:29:51 | [EPOCH 7] >>> VALID start | steps=13
2025-09-10 10:30:01 | [EPOCH 7] <<< VALID end | loss=0.20772 macro_f1=0.90967
2025-09-10 10:30:03 | [FOLD 0] NEW BEST F1: 0.90967 (epoch 7)
2025-09-10 10:30:03 | [DATA] build highperf loaders | img_size=384 bs=64
2025-09-10 10:30:03 | [DATA] augmentation: baseline-advanced (normal + hard augmentation)
2025-09-10 10:30:03 | [HighPerfDataset] size=785 img_size=384 epoch=7/200 p_hard=0.211 is_train=True
2025-09-10 10:30:03 | [HighPerfDataset] size=785 img_size=384 epoch=7/200 p_hard=0.000 is_train=False
2025-09-10 10:30:03 | [DATA] dataset sizes | train=785 valid=785
2025-09-10 10:30:03 | [HighPerfDataset] updated epoch=8, p_hard=0.212
2025-09-10 10:30:03 | [EPOCH 8] >>> TRAIN start | steps=13 mixup=True
2025-09-10 10:30:07 | [EPOCH 8][TRAIN step 1/13] loss=0.23183 lr=0.000138 bs=64
2025-09-10 10:30:47 | [EPOCH 8][TRAIN step 13/13] loss=0.12832 lr=0.000138 bs=17
2025-09-10 10:30:47 | [EPOCH 8] <<< TRAIN end | loss=0.87260
2025-09-10 10:30:47 | [EPOCH 8] >>> VALID start | steps=13
2025-09-10 10:31:00 | [EPOCH 8] <<< VALID end | loss=0.26392 macro_f1=0.90458
2025-09-10 10:31:00 | [DATA] build highperf loaders | img_size=384 bs=64
2025-09-10 10:31:00 | [DATA] augmentation: baseline-advanced (normal + hard augmentation)
2025-09-10 10:31:00 | [HighPerfDataset] size=785 img_size=384 epoch=8/200 p_hard=0.212 is_train=True
2025-09-10 10:31:00 | [HighPerfDataset] size=785 img_size=384 epoch=8/200 p_hard=0.000 is_train=False
2025-09-10 10:31:00 | [DATA] dataset sizes | train=785 valid=785
2025-09-10 10:31:00 | [HighPerfDataset] updated epoch=9, p_hard=0.214
2025-09-10 10:31:00 | [EPOCH 9] >>> TRAIN start | steps=13 mixup=True
2025-09-10 10:31:05 | [EPOCH 9][TRAIN step 1/13] loss=0.45491 lr=0.000138 bs=64
2025-09-10 10:31:49 | [EPOCH 9][TRAIN step 13/13] loss=0.26961 lr=0.000138 bs=17
2025-09-10 10:31:49 | [EPOCH 9] <<< TRAIN end | loss=0.83663
2025-09-10 10:31:49 | [EPOCH 9] >>> VALID start | steps=13
2025-09-10 10:32:00 | [EPOCH 9] <<< VALID end | loss=0.17998 macro_f1=0.92617
2025-09-10 10:32:02 | [FOLD 0] NEW BEST F1: 0.92617 (epoch 9)
2025-09-10 10:32:02 | [DATA] build highperf loaders | img_size=384 bs=64
2025-09-10 10:32:02 | [DATA] augmentation: baseline-advanced (normal + hard augmentation)
2025-09-10 10:32:02 | [HighPerfDataset] size=785 img_size=384 epoch=9/200 p_hard=0.214 is_train=True
2025-09-10 10:32:02 | [HighPerfDataset] size=785 img_size=384 epoch=9/200 p_hard=0.000 is_train=False
2025-09-10 10:32:02 | [DATA] dataset sizes | train=785 valid=785
2025-09-10 10:32:02 | [HighPerfDataset] updated epoch=10, p_hard=0.215
2025-09-10 10:32:02 | [EPOCH 10] >>> TRAIN start | steps=13 mixup=True
2025-09-10 10:32:07 | [EPOCH 10][TRAIN step 1/13] loss=0.26738 lr=0.000138 bs=64
2025-09-10 10:32:49 | [EPOCH 10][TRAIN step 13/13] loss=0.48750 lr=0.000138 bs=17
2025-09-10 10:32:49 | [EPOCH 10] <<< TRAIN end | loss=0.41753
2025-09-10 10:32:49 | [EPOCH 10] >>> VALID start | steps=13
2025-09-10 10:32:59 | [EPOCH 10] <<< VALID end | loss=0.30343 macro_f1=0.88489
2025-09-10 10:32:59 | [DATA] build highperf loaders | img_size=384 bs=64
2025-09-10 10:32:59 | [DATA] augmentation: baseline-advanced (normal + hard augmentation)
2025-09-10 10:32:59 | [HighPerfDataset] size=785 img_size=384 epoch=10/200 p_hard=0.215 is_train=True
2025-09-10 10:32:59 | [HighPerfDataset] size=785 img_size=384 epoch=10/200 p_hard=0.000 is_train=False
2025-09-10 10:32:59 | [DATA] dataset sizes | train=785 valid=785
2025-09-10 10:32:59 | [HighPerfDataset] updated epoch=11, p_hard=0.217
2025-09-10 10:32:59 | [EPOCH 11] >>> TRAIN start | steps=13 mixup=True
2025-09-10 10:33:04 | [EPOCH 11][TRAIN step 1/13] loss=0.16164 lr=0.000138 bs=64
2025-09-10 10:33:44 | [EPOCH 11][TRAIN step 13/13] loss=0.15122 lr=0.000138 bs=17
2025-09-10 10:33:44 | [EPOCH 11] <<< TRAIN end | loss=0.67552
2025-09-10 10:33:44 | [EPOCH 11] >>> VALID start | steps=13
2025-09-10 10:33:55 | [EPOCH 11] <<< VALID end | loss=0.17662 macro_f1=0.92046
2025-09-10 10:33:55 | [DATA] build highperf loaders | img_size=384 bs=64
2025-09-10 10:33:55 | [DATA] augmentation: baseline-advanced (normal + hard augmentation)
2025-09-10 10:33:55 | [HighPerfDataset] size=785 img_size=384 epoch=11/200 p_hard=0.217 is_train=True
2025-09-10 10:33:55 | [HighPerfDataset] size=785 img_size=384 epoch=11/200 p_hard=0.000 is_train=False
2025-09-10 10:33:55 | [DATA] dataset sizes | train=785 valid=785
2025-09-10 10:33:55 | [HighPerfDataset] updated epoch=12, p_hard=0.218
2025-09-10 10:33:55 | [EPOCH 12] >>> TRAIN start | steps=13 mixup=True
2025-09-10 10:33:59 | [EPOCH 12][TRAIN step 1/13] loss=1.49128 lr=0.000137 bs=64
2025-09-10 10:34:43 | [EPOCH 12][TRAIN step 13/13] loss=1.16855 lr=0.000137 bs=17
2025-09-10 10:34:43 | [EPOCH 12] <<< TRAIN end | loss=0.58938
2025-09-10 10:34:43 | [EPOCH 12] >>> VALID start | steps=13
2025-09-10 10:34:54 | [EPOCH 12] <<< VALID end | loss=0.18842 macro_f1=0.91857
2025-09-10 10:34:54 | [DATA] build highperf loaders | img_size=384 bs=64
2025-09-10 10:34:54 | [DATA] augmentation: baseline-advanced (normal + hard augmentation)
2025-09-10 10:34:54 | [HighPerfDataset] size=785 img_size=384 epoch=12/200 p_hard=0.218 is_train=True
2025-09-10 10:34:54 | [HighPerfDataset] size=785 img_size=384 epoch=12/200 p_hard=0.000 is_train=False
2025-09-10 10:34:54 | [DATA] dataset sizes | train=785 valid=785
2025-09-10 10:34:54 | [HighPerfDataset] updated epoch=13, p_hard=0.220
2025-09-10 10:34:54 | [EPOCH 13] >>> TRAIN start | steps=13 mixup=True
2025-09-10 10:34:58 | [EPOCH 13][TRAIN step 1/13] loss=0.14055 lr=0.000137 bs=64
2025-09-10 10:35:44 | [EPOCH 13][TRAIN step 13/13] loss=0.19402 lr=0.000137 bs=17
2025-09-10 10:35:44 | [EPOCH 13] <<< TRAIN end | loss=0.68378
2025-09-10 10:35:44 | [EPOCH 13] >>> VALID start | steps=13
2025-09-10 10:35:56 | [EPOCH 13] <<< VALID end | loss=0.23194 macro_f1=0.91654
2025-09-10 10:35:56 | [DATA] build highperf loaders | img_size=384 bs=64
2025-09-10 10:35:56 | [DATA] augmentation: baseline-advanced (normal + hard augmentation)
2025-09-10 10:35:56 | [HighPerfDataset] size=785 img_size=384 epoch=13/200 p_hard=0.220 is_train=True
2025-09-10 10:35:56 | [HighPerfDataset] size=785 img_size=384 epoch=13/200 p_hard=0.000 is_train=False
2025-09-10 10:35:56 | [DATA] dataset sizes | train=785 valid=785
2025-09-10 10:35:56 | [HighPerfDataset] updated epoch=14, p_hard=0.221
2025-09-10 10:35:56 | [EPOCH 14] >>> TRAIN start | steps=13 mixup=True
2025-09-10 10:36:01 | [EPOCH 14][TRAIN step 1/13] loss=0.17661 lr=0.000137 bs=64
2025-09-10 10:36:45 | [EPOCH 14][TRAIN step 13/13] loss=0.90794 lr=0.000137 bs=17
2025-09-10 10:36:45 | [EPOCH 14] <<< TRAIN end | loss=0.44650
2025-09-10 10:36:45 | [EPOCH 14] >>> VALID start | steps=13
2025-09-10 10:36:55 | [EPOCH 14] <<< VALID end | loss=0.26523 macro_f1=0.89549
2025-09-10 10:36:55 | [DATA] build highperf loaders | img_size=384 bs=64
2025-09-10 10:36:55 | [DATA] augmentation: baseline-advanced (normal + hard augmentation)
2025-09-10 10:36:55 | [HighPerfDataset] size=785 img_size=384 epoch=14/200 p_hard=0.221 is_train=True
2025-09-10 10:36:55 | [HighPerfDataset] size=785 img_size=384 epoch=14/200 p_hard=0.000 is_train=False
2025-09-10 10:36:55 | [DATA] dataset sizes | train=785 valid=785
2025-09-10 10:36:55 | [HighPerfDataset] updated epoch=15, p_hard=0.223
2025-09-10 10:36:55 | [EPOCH 15] >>> TRAIN start | steps=13 mixup=True
2025-09-10 10:36:59 | [EPOCH 15][TRAIN step 1/13] loss=0.30791 lr=0.000137 bs=64
2025-09-10 10:37:40 | [EPOCH 15][TRAIN step 13/13] loss=0.03297 lr=0.000137 bs=17
2025-09-10 10:37:41 | [EPOCH 15] <<< TRAIN end | loss=0.59197
2025-09-10 10:37:41 | [EPOCH 15] >>> VALID start | steps=13
2025-09-10 10:37:51 | [EPOCH 15] <<< VALID end | loss=0.16865 macro_f1=0.93332
2025-09-10 10:37:52 | [FOLD 0] NEW BEST F1: 0.93332 (epoch 15)
2025-09-10 10:37:52 | [DATA] build highperf loaders | img_size=384 bs=64
2025-09-10 10:37:52 | [DATA] augmentation: baseline-advanced (normal + hard augmentation)
2025-09-10 10:37:52 | [HighPerfDataset] size=785 img_size=384 epoch=15/200 p_hard=0.223 is_train=True
2025-09-10 10:37:52 | [HighPerfDataset] size=785 img_size=384 epoch=15/200 p_hard=0.000 is_train=False
2025-09-10 10:37:52 | [DATA] dataset sizes | train=785 valid=785
2025-09-10 10:37:52 | [HighPerfDataset] updated epoch=16, p_hard=0.224
2025-09-10 10:37:52 | [EPOCH 16] >>> TRAIN start | steps=13 mixup=True
2025-09-10 10:37:57 | [EPOCH 16][TRAIN step 1/13] loss=1.33728 lr=0.000137 bs=64
2025-09-10 10:38:44 | [EPOCH 16][TRAIN step 13/13] loss=0.04697 lr=0.000137 bs=17
2025-09-10 10:38:44 | [EPOCH 16] <<< TRAIN end | loss=0.91963
2025-09-10 10:38:44 | [EPOCH 16] >>> VALID start | steps=13
2025-09-10 10:38:55 | [EPOCH 16] <<< VALID end | loss=0.17760 macro_f1=0.93471
2025-09-10 10:38:57 | [FOLD 0] NEW BEST F1: 0.93471 (epoch 16)
2025-09-10 10:38:57 | [DATA] build highperf loaders | img_size=384 bs=64
2025-09-10 10:38:57 | [DATA] augmentation: baseline-advanced (normal + hard augmentation)
2025-09-10 10:38:57 | [HighPerfDataset] size=785 img_size=384 epoch=16/200 p_hard=0.224 is_train=True
2025-09-10 10:38:57 | [HighPerfDataset] size=785 img_size=384 epoch=16/200 p_hard=0.000 is_train=False
2025-09-10 10:38:57 | [DATA] dataset sizes | train=785 valid=785
2025-09-10 10:38:57 | [HighPerfDataset] updated epoch=17, p_hard=0.226
2025-09-10 10:38:57 | [EPOCH 17] >>> TRAIN start | steps=13 mixup=True
2025-09-10 10:39:01 | [EPOCH 17][TRAIN step 1/13] loss=0.16433 lr=0.000136 bs=64
2025-09-10 10:39:47 | [EPOCH 17][TRAIN step 13/13] loss=0.05833 lr=0.000136 bs=17
2025-09-10 10:39:47 | [EPOCH 17] <<< TRAIN end | loss=0.35010
2025-09-10 10:39:47 | [EPOCH 17] >>> VALID start | steps=13
2025-09-10 10:39:57 | [EPOCH 17] <<< VALID end | loss=0.22109 macro_f1=0.90831
2025-09-10 10:39:57 | [DATA] build highperf loaders | img_size=384 bs=64
2025-09-10 10:39:57 | [DATA] augmentation: baseline-advanced (normal + hard augmentation)
2025-09-10 10:39:57 | [HighPerfDataset] size=785 img_size=384 epoch=17/200 p_hard=0.226 is_train=True
2025-09-10 10:39:57 | [HighPerfDataset] size=785 img_size=384 epoch=17/200 p_hard=0.000 is_train=False
2025-09-10 10:39:57 | [DATA] dataset sizes | train=785 valid=785
2025-09-10 10:39:57 | [HighPerfDataset] updated epoch=18, p_hard=0.227
2025-09-10 10:39:57 | [EPOCH 18] >>> TRAIN start | steps=13 mixup=True
2025-09-10 10:40:01 | [EPOCH 18][TRAIN step 1/13] loss=0.08723 lr=0.000136 bs=64
2025-09-10 10:40:42 | [EPOCH 18][TRAIN step 13/13] loss=0.68790 lr=0.000136 bs=17
2025-09-10 10:40:42 | [EPOCH 18] <<< TRAIN end | loss=0.36288
2025-09-10 10:40:42 | [EPOCH 18] >>> VALID start | steps=13
2025-09-10 10:40:53 | [EPOCH 18] <<< VALID end | loss=0.15007 macro_f1=0.92900
2025-09-10 10:40:53 | [DATA] build highperf loaders | img_size=384 bs=64
2025-09-10 10:40:53 | [DATA] augmentation: baseline-advanced (normal + hard augmentation)
2025-09-10 10:40:53 | [HighPerfDataset] size=785 img_size=384 epoch=18/200 p_hard=0.227 is_train=True
2025-09-10 10:40:53 | [HighPerfDataset] size=785 img_size=384 epoch=18/200 p_hard=0.000 is_train=False
2025-09-10 10:40:53 | [DATA] dataset sizes | train=785 valid=785
2025-09-10 10:40:53 | [HighPerfDataset] updated epoch=19, p_hard=0.229
2025-09-10 10:40:53 | [EPOCH 19] >>> TRAIN start | steps=13 mixup=True
2025-09-10 10:40:57 | [EPOCH 19][TRAIN step 1/13] loss=0.63541 lr=0.000136 bs=64
2025-09-10 10:41:38 | [EPOCH 19][TRAIN step 13/13] loss=0.88772 lr=0.000136 bs=17
2025-09-10 10:41:38 | [EPOCH 19] <<< TRAIN end | loss=0.41624
2025-09-10 10:41:38 | [EPOCH 19] >>> VALID start | steps=13
2025-09-10 10:41:48 | [EPOCH 19] <<< VALID end | loss=0.19482 macro_f1=0.92734
2025-09-10 10:41:48 | [DATA] build highperf loaders | img_size=384 bs=64
2025-09-10 10:41:48 | [DATA] augmentation: baseline-advanced (normal + hard augmentation)
2025-09-10 10:41:48 | [HighPerfDataset] size=785 img_size=384 epoch=19/200 p_hard=0.229 is_train=True
2025-09-10 10:41:48 | [HighPerfDataset] size=785 img_size=384 epoch=19/200 p_hard=0.000 is_train=False
2025-09-10 10:41:48 | [DATA] dataset sizes | train=785 valid=785
2025-09-10 10:41:48 | [HighPerfDataset] updated epoch=20, p_hard=0.230
2025-09-10 10:41:48 | [EPOCH 20] >>> TRAIN start | steps=13 mixup=True
2025-09-10 10:41:53 | [EPOCH 20][TRAIN step 1/13] loss=1.00370 lr=0.000135 bs=64
2025-09-10 10:42:34 | [EPOCH 20][TRAIN step 13/13] loss=1.02810 lr=0.000135 bs=17
2025-09-10 10:42:34 | [EPOCH 20] <<< TRAIN end | loss=0.43842
2025-09-10 10:42:34 | [EPOCH 20] >>> VALID start | steps=13
2025-09-10 10:42:45 | [EPOCH 20] <<< VALID end | loss=0.21470 macro_f1=0.91471
2025-09-10 10:42:45 | [DATA] build highperf loaders | img_size=384 bs=64
2025-09-10 10:42:45 | [DATA] augmentation: baseline-advanced (normal + hard augmentation)
2025-09-10 10:42:45 | [HighPerfDataset] size=785 img_size=384 epoch=20/200 p_hard=0.230 is_train=True
2025-09-10 10:42:45 | [HighPerfDataset] size=785 img_size=384 epoch=20/200 p_hard=0.000 is_train=False
2025-09-10 10:42:45 | [DATA] dataset sizes | train=785 valid=785
2025-09-10 10:42:45 | [HighPerfDataset] updated epoch=21, p_hard=0.232
2025-09-10 10:42:45 | [EPOCH 21] >>> TRAIN start | steps=13 mixup=True
2025-09-10 10:42:50 | [EPOCH 21][TRAIN step 1/13] loss=1.32602 lr=0.000135 bs=64
2025-09-10 10:43:33 | [EPOCH 21][TRAIN step 13/13] loss=0.17979 lr=0.000135 bs=17
2025-09-10 10:43:33 | [EPOCH 21] <<< TRAIN end | loss=0.60757
2025-09-10 10:43:33 | [EPOCH 21] >>> VALID start | steps=13
2025-09-10 10:43:44 | [EPOCH 21] <<< VALID end | loss=0.24997 macro_f1=0.93036
2025-09-10 10:43:44 | [DATA] build highperf loaders | img_size=384 bs=64
2025-09-10 10:43:44 | [DATA] augmentation: baseline-advanced (normal + hard augmentation)
2025-09-10 10:43:44 | [HighPerfDataset] size=785 img_size=384 epoch=21/200 p_hard=0.232 is_train=True
2025-09-10 10:43:44 | [HighPerfDataset] size=785 img_size=384 epoch=21/200 p_hard=0.000 is_train=False
2025-09-10 10:43:44 | [DATA] dataset sizes | train=785 valid=785
2025-09-10 10:43:44 | [HighPerfDataset] updated epoch=22, p_hard=0.233
2025-09-10 10:43:44 | [EPOCH 22] >>> TRAIN start | steps=13 mixup=True
2025-09-10 10:43:48 | [EPOCH 22][TRAIN step 1/13] loss=0.71636 lr=0.000135 bs=64
2025-09-10 10:44:30 | [EPOCH 22][TRAIN step 13/13] loss=1.18971 lr=0.000135 bs=17
2025-09-10 10:44:30 | [EPOCH 22] <<< TRAIN end | loss=0.65031
2025-09-10 10:44:30 | [EPOCH 22] >>> VALID start | steps=13
2025-09-10 10:44:40 | [EPOCH 22] <<< VALID end | loss=0.16022 macro_f1=0.94295
2025-09-10 10:44:42 | [FOLD 0] NEW BEST F1: 0.94295 (epoch 22)
2025-09-10 10:44:42 | [DATA] build highperf loaders | img_size=384 bs=64
2025-09-10 10:44:42 | [DATA] augmentation: baseline-advanced (normal + hard augmentation)
2025-09-10 10:44:42 | [HighPerfDataset] size=785 img_size=384 epoch=22/200 p_hard=0.233 is_train=True
2025-09-10 10:44:42 | [HighPerfDataset] size=785 img_size=384 epoch=22/200 p_hard=0.000 is_train=False
2025-09-10 10:44:42 | [DATA] dataset sizes | train=785 valid=785
2025-09-10 10:44:42 | [HighPerfDataset] updated epoch=23, p_hard=0.235
2025-09-10 10:44:42 | [EPOCH 23] >>> TRAIN start | steps=13 mixup=True
2025-09-10 10:44:46 | [EPOCH 23][TRAIN step 1/13] loss=0.21040 lr=0.000134 bs=64
2025-09-10 10:45:28 | [EPOCH 23][TRAIN step 13/13] loss=0.10011 lr=0.000134 bs=17
2025-09-10 10:45:28 | [EPOCH 23] <<< TRAIN end | loss=0.65019
2025-09-10 10:45:28 | [EPOCH 23] >>> VALID start | steps=13
2025-09-10 10:45:39 | [EPOCH 23] <<< VALID end | loss=0.16506 macro_f1=0.93983
2025-09-10 10:45:39 | [DATA] build highperf loaders | img_size=384 bs=64
2025-09-10 10:45:39 | [DATA] augmentation: baseline-advanced (normal + hard augmentation)
2025-09-10 10:45:39 | [HighPerfDataset] size=785 img_size=384 epoch=23/200 p_hard=0.235 is_train=True
2025-09-10 10:45:39 | [HighPerfDataset] size=785 img_size=384 epoch=23/200 p_hard=0.000 is_train=False
2025-09-10 10:45:39 | [DATA] dataset sizes | train=785 valid=785
2025-09-10 10:45:39 | [HighPerfDataset] updated epoch=24, p_hard=0.236
2025-09-10 10:45:39 | [EPOCH 24] >>> TRAIN start | steps=13 mixup=True
2025-09-10 10:45:44 | [EPOCH 24][TRAIN step 1/13] loss=0.77093 lr=0.000134 bs=64
2025-09-10 10:46:27 | [EPOCH 24][TRAIN step 13/13] loss=0.12418 lr=0.000134 bs=17
2025-09-10 10:46:27 | [EPOCH 24] <<< TRAIN end | loss=0.53626
2025-09-10 10:46:27 | [EPOCH 24] >>> VALID start | steps=13
2025-09-10 10:46:37 | [EPOCH 24] <<< VALID end | loss=0.28197 macro_f1=0.92690
2025-09-10 10:46:37 | [DATA] build highperf loaders | img_size=384 bs=64
2025-09-10 10:46:37 | [DATA] augmentation: baseline-advanced (normal + hard augmentation)
2025-09-10 10:46:37 | [HighPerfDataset] size=785 img_size=384 epoch=24/200 p_hard=0.236 is_train=True
2025-09-10 10:46:37 | [HighPerfDataset] size=785 img_size=384 epoch=24/200 p_hard=0.000 is_train=False
2025-09-10 10:46:37 | [DATA] dataset sizes | train=785 valid=785
2025-09-10 10:46:37 | [HighPerfDataset] updated epoch=25, p_hard=0.238
2025-09-10 10:46:37 | [EPOCH 25] >>> TRAIN start | steps=13 mixup=True
2025-09-10 10:46:42 | [EPOCH 25][TRAIN step 1/13] loss=0.10821 lr=0.000134 bs=64
2025-09-10 10:47:20 | [EPOCH 25][TRAIN step 13/13] loss=0.19208 lr=0.000134 bs=17
2025-09-10 10:47:20 | [EPOCH 25] <<< TRAIN end | loss=0.47559
2025-09-10 10:47:20 | [EPOCH 25] >>> VALID start | steps=13
2025-09-10 10:47:30 | [EPOCH 25] <<< VALID end | loss=0.22322 macro_f1=0.89641
2025-09-10 10:47:30 | [DATA] build highperf loaders | img_size=384 bs=64
2025-09-10 10:47:30 | [DATA] augmentation: baseline-advanced (normal + hard augmentation)
2025-09-10 10:47:30 | [HighPerfDataset] size=785 img_size=384 epoch=25/200 p_hard=0.238 is_train=True
2025-09-10 10:47:30 | [HighPerfDataset] size=785 img_size=384 epoch=25/200 p_hard=0.000 is_train=False
2025-09-10 10:47:30 | [DATA] dataset sizes | train=785 valid=785
2025-09-10 10:47:30 | [HighPerfDataset] updated epoch=26, p_hard=0.239
2025-09-10 10:47:30 | [EPOCH 26] >>> TRAIN start | steps=13 mixup=True
2025-09-10 10:47:34 | [EPOCH 26][TRAIN step 1/13] loss=0.07607 lr=0.000133 bs=64
2025-09-10 10:48:19 | [EPOCH 26][TRAIN step 13/13] loss=0.62044 lr=0.000133 bs=17
2025-09-10 10:48:19 | [EPOCH 26] <<< TRAIN end | loss=0.39924
2025-09-10 10:48:19 | [EPOCH 26] >>> VALID start | steps=13
2025-09-10 10:48:30 | [EPOCH 26] <<< VALID end | loss=0.17018 macro_f1=0.93616
2025-09-10 10:48:30 | [DATA] build highperf loaders | img_size=384 bs=64
2025-09-10 10:48:30 | [DATA] augmentation: baseline-advanced (normal + hard augmentation)
2025-09-10 10:48:30 | [HighPerfDataset] size=785 img_size=384 epoch=26/200 p_hard=0.239 is_train=True
2025-09-10 10:48:30 | [HighPerfDataset] size=785 img_size=384 epoch=26/200 p_hard=0.000 is_train=False
2025-09-10 10:48:30 | [DATA] dataset sizes | train=785 valid=785
2025-09-10 10:48:30 | [HighPerfDataset] updated epoch=27, p_hard=0.241
2025-09-10 10:48:30 | [EPOCH 27] >>> TRAIN start | steps=13 mixup=True
2025-09-10 10:48:35 | [EPOCH 27][TRAIN step 1/13] loss=0.90904 lr=0.000133 bs=64
2025-09-10 10:49:16 | [EPOCH 27][TRAIN step 13/13] loss=1.11044 lr=0.000133 bs=17
2025-09-10 10:49:16 | [EPOCH 27] <<< TRAIN end | loss=0.40836
2025-09-10 10:49:16 | [EPOCH 27] >>> VALID start | steps=13
2025-09-10 10:49:27 | [EPOCH 27] <<< VALID end | loss=0.18569 macro_f1=0.92733
2025-09-10 10:49:27 | [DATA] build highperf loaders | img_size=384 bs=64
2025-09-10 10:49:27 | [DATA] augmentation: baseline-advanced (normal + hard augmentation)
2025-09-10 10:49:27 | [HighPerfDataset] size=785 img_size=384 epoch=27/200 p_hard=0.241 is_train=True
2025-09-10 10:49:27 | [HighPerfDataset] size=785 img_size=384 epoch=27/200 p_hard=0.000 is_train=False
2025-09-10 10:49:27 | [DATA] dataset sizes | train=785 valid=785
2025-09-10 10:49:27 | [HighPerfDataset] updated epoch=28, p_hard=0.242
2025-09-10 10:49:27 | [EPOCH 28] >>> TRAIN start | steps=13 mixup=True
2025-09-10 10:49:32 | [EPOCH 28][TRAIN step 1/13] loss=0.10318 lr=0.000132 bs=64
2025-09-10 10:50:13 | [EPOCH 28][TRAIN step 13/13] loss=1.54436 lr=0.000132 bs=17
2025-09-10 10:50:13 | [EPOCH 28] <<< TRAIN end | loss=0.54020
2025-09-10 10:50:13 | [EPOCH 28] >>> VALID start | steps=13
2025-09-10 10:50:24 | [EPOCH 28] <<< VALID end | loss=0.26553 macro_f1=0.92430
2025-09-10 10:50:24 | [DATA] build highperf loaders | img_size=384 bs=64
2025-09-10 10:50:24 | [DATA] augmentation: baseline-advanced (normal + hard augmentation)
2025-09-10 10:50:24 | [HighPerfDataset] size=785 img_size=384 epoch=28/200 p_hard=0.242 is_train=True
2025-09-10 10:50:24 | [HighPerfDataset] size=785 img_size=384 epoch=28/200 p_hard=0.000 is_train=False
2025-09-10 10:50:24 | [DATA] dataset sizes | train=785 valid=785
2025-09-10 10:50:24 | [HighPerfDataset] updated epoch=29, p_hard=0.243
2025-09-10 10:50:24 | [EPOCH 29] >>> TRAIN start | steps=13 mixup=True
2025-09-10 10:50:28 | [EPOCH 29][TRAIN step 1/13] loss=0.87323 lr=0.000132 bs=64
2025-09-10 10:51:12 | [EPOCH 29][TRAIN step 13/13] loss=0.07048 lr=0.000132 bs=17
2025-09-10 10:51:12 | [EPOCH 29] <<< TRAIN end | loss=0.43225
2025-09-10 10:51:12 | [EPOCH 29] >>> VALID start | steps=13
2025-09-10 10:51:21 | [EPOCH 29] <<< VALID end | loss=0.20497 macro_f1=0.92339
2025-09-10 10:51:21 | [DATA] build highperf loaders | img_size=384 bs=64
2025-09-10 10:51:21 | [DATA] augmentation: baseline-advanced (normal + hard augmentation)
2025-09-10 10:51:21 | [HighPerfDataset] size=785 img_size=384 epoch=29/200 p_hard=0.243 is_train=True
2025-09-10 10:51:21 | [HighPerfDataset] size=785 img_size=384 epoch=29/200 p_hard=0.000 is_train=False
2025-09-10 10:51:21 | [DATA] dataset sizes | train=785 valid=785
2025-09-10 10:51:21 | [HighPerfDataset] updated epoch=30, p_hard=0.245
2025-09-10 10:51:21 | [EPOCH 30] >>> TRAIN start | steps=13 mixup=True
2025-09-10 10:51:25 | [EPOCH 30][TRAIN step 1/13] loss=0.08716 lr=0.000131 bs=64
2025-09-10 10:52:04 | [EPOCH 30][TRAIN step 13/13] loss=1.08327 lr=0.000131 bs=17
2025-09-10 10:52:04 | [EPOCH 30] <<< TRAIN end | loss=0.44977
2025-09-10 10:52:04 | [EPOCH 30] >>> VALID start | steps=13
2025-09-10 10:52:14 | [EPOCH 30] <<< VALID end | loss=0.21092 macro_f1=0.92449
2025-09-10 10:52:14 | [DATA] build highperf loaders | img_size=384 bs=64
2025-09-10 10:52:14 | [DATA] augmentation: baseline-advanced (normal + hard augmentation)
2025-09-10 10:52:14 | [HighPerfDataset] size=785 img_size=384 epoch=30/200 p_hard=0.245 is_train=True
2025-09-10 10:52:14 | [HighPerfDataset] size=785 img_size=384 epoch=30/200 p_hard=0.000 is_train=False
2025-09-10 10:52:14 | [DATA] dataset sizes | train=785 valid=785
2025-09-10 10:52:14 | [HighPerfDataset] updated epoch=31, p_hard=0.246
2025-09-10 10:52:14 | [EPOCH 31] >>> TRAIN start | steps=13 mixup=True
2025-09-10 10:52:18 | [EPOCH 31][TRAIN step 1/13] loss=0.11037 lr=0.000131 bs=64
2025-09-10 10:52:59 | [EPOCH 31][TRAIN step 13/13] loss=0.21190 lr=0.000131 bs=17
2025-09-10 10:52:59 | [EPOCH 31] <<< TRAIN end | loss=0.54626
2025-09-10 10:52:59 | [EPOCH 31] >>> VALID start | steps=13
2025-09-10 10:53:09 | [EPOCH 31] <<< VALID end | loss=0.19456 macro_f1=0.92997
2025-09-10 10:53:09 | [DATA] build highperf loaders | img_size=384 bs=64
2025-09-10 10:53:09 | [DATA] augmentation: baseline-advanced (normal + hard augmentation)
2025-09-10 10:53:09 | [HighPerfDataset] size=785 img_size=384 epoch=31/200 p_hard=0.246 is_train=True
2025-09-10 10:53:09 | [HighPerfDataset] size=785 img_size=384 epoch=31/200 p_hard=0.000 is_train=False
2025-09-10 10:53:09 | [DATA] dataset sizes | train=785 valid=785
2025-09-10 10:53:09 | [HighPerfDataset] updated epoch=32, p_hard=0.248
2025-09-10 10:53:09 | [EPOCH 32] >>> TRAIN start | steps=13 mixup=True
2025-09-10 10:53:13 | [EPOCH 32][TRAIN step 1/13] loss=0.08283 lr=0.000130 bs=64
2025-09-10 10:53:54 | [EPOCH 32][TRAIN step 13/13] loss=0.70969 lr=0.000130 bs=17
2025-09-10 10:53:54 | [EPOCH 32] <<< TRAIN end | loss=0.44072
2025-09-10 10:53:54 | [EPOCH 32] >>> VALID start | steps=13
2025-09-10 10:54:04 | [EPOCH 32] <<< VALID end | loss=0.18394 macro_f1=0.92990
2025-09-10 10:54:04 | [DATA] build highperf loaders | img_size=384 bs=64
2025-09-10 10:54:04 | [DATA] augmentation: baseline-advanced (normal + hard augmentation)
2025-09-10 10:54:04 | [HighPerfDataset] size=785 img_size=384 epoch=32/200 p_hard=0.248 is_train=True
2025-09-10 10:54:04 | [HighPerfDataset] size=785 img_size=384 epoch=32/200 p_hard=0.000 is_train=False
2025-09-10 10:54:04 | [DATA] dataset sizes | train=785 valid=785
2025-09-10 10:54:04 | [HighPerfDataset] updated epoch=33, p_hard=0.249
2025-09-10 10:54:04 | [EPOCH 33] >>> TRAIN start | steps=13 mixup=True
2025-09-10 10:54:08 | [EPOCH 33][TRAIN step 1/13] loss=1.36968 lr=0.000130 bs=64
2025-09-10 10:54:47 | [EPOCH 33][TRAIN step 13/13] loss=0.02741 lr=0.000130 bs=17
2025-09-10 10:54:47 | [EPOCH 33] <<< TRAIN end | loss=0.32974
2025-09-10 10:54:47 | [EPOCH 33] >>> VALID start | steps=13
2025-09-10 10:54:58 | [EPOCH 33] <<< VALID end | loss=0.17769 macro_f1=0.94441
2025-09-10 10:54:59 | [FOLD 0] NEW BEST F1: 0.94441 (epoch 33)
2025-09-10 10:54:59 | [DATA] build highperf loaders | img_size=384 bs=64
2025-09-10 10:54:59 | [DATA] augmentation: baseline-advanced (normal + hard augmentation)
2025-09-10 10:54:59 | [HighPerfDataset] size=785 img_size=384 epoch=33/200 p_hard=0.249 is_train=True
2025-09-10 10:54:59 | [HighPerfDataset] size=785 img_size=384 epoch=33/200 p_hard=0.000 is_train=False
2025-09-10 10:54:59 | [DATA] dataset sizes | train=785 valid=785
2025-09-10 10:54:59 | [HighPerfDataset] updated epoch=34, p_hard=0.251
2025-09-10 10:54:59 | [EPOCH 34] >>> TRAIN start | steps=13 mixup=True
2025-09-10 10:55:04 | [EPOCH 34][TRAIN step 1/13] loss=0.65138 lr=0.000129 bs=64
2025-09-10 10:55:44 | [EPOCH 34][TRAIN step 13/13] loss=0.34972 lr=0.000129 bs=17
2025-09-10 10:55:44 | [EPOCH 34] <<< TRAIN end | loss=0.44911
2025-09-10 10:55:44 | [EPOCH 34] >>> VALID start | steps=13
2025-09-10 10:55:54 | [EPOCH 34] <<< VALID end | loss=0.16115 macro_f1=0.95004
2025-09-10 10:55:56 | [FOLD 0] NEW BEST F1: 0.95004 (epoch 34)
2025-09-10 10:55:56 | [DATA] build highperf loaders | img_size=384 bs=64
2025-09-10 10:55:56 | [DATA] augmentation: baseline-advanced (normal + hard augmentation)
2025-09-10 10:55:56 | [HighPerfDataset] size=785 img_size=384 epoch=34/200 p_hard=0.251 is_train=True
2025-09-10 10:55:56 | [HighPerfDataset] size=785 img_size=384 epoch=34/200 p_hard=0.000 is_train=False
2025-09-10 10:55:56 | [DATA] dataset sizes | train=785 valid=785
2025-09-10 10:55:56 | [HighPerfDataset] updated epoch=35, p_hard=0.253
2025-09-10 10:55:56 | [EPOCH 35] >>> TRAIN start | steps=13 mixup=True
2025-09-10 10:56:00 | [EPOCH 35][TRAIN step 1/13] loss=0.02289 lr=0.000129 bs=64
2025-09-10 10:56:40 | [EPOCH 35][TRAIN step 13/13] loss=0.51293 lr=0.000129 bs=17
2025-09-10 10:56:40 | [EPOCH 35] <<< TRAIN end | loss=0.37179
2025-09-10 10:56:40 | [EPOCH 35] >>> VALID start | steps=13
2025-09-10 10:56:50 | [EPOCH 35] <<< VALID end | loss=0.37894 macro_f1=0.92071
2025-09-10 10:56:50 | [DATA] build highperf loaders | img_size=384 bs=64
2025-09-10 10:56:50 | [DATA] augmentation: baseline-advanced (normal + hard augmentation)
2025-09-10 10:56:50 | [HighPerfDataset] size=785 img_size=384 epoch=35/200 p_hard=0.253 is_train=True
2025-09-10 10:56:50 | [HighPerfDataset] size=785 img_size=384 epoch=35/200 p_hard=0.000 is_train=False
2025-09-10 10:56:50 | [DATA] dataset sizes | train=785 valid=785
2025-09-10 10:56:50 | [HighPerfDataset] updated epoch=36, p_hard=0.254
2025-09-10 10:56:50 | [EPOCH 36] >>> TRAIN start | steps=13 mixup=True
2025-09-10 10:56:55 | [EPOCH 36][TRAIN step 1/13] loss=0.84426 lr=0.000128 bs=64
2025-09-10 10:57:35 | [EPOCH 36][TRAIN step 13/13] loss=0.05425 lr=0.000128 bs=17
2025-09-10 10:57:35 | [EPOCH 36] <<< TRAIN end | loss=0.60089
2025-09-10 10:57:35 | [EPOCH 36] >>> VALID start | steps=13
2025-09-10 10:57:45 | [EPOCH 36] <<< VALID end | loss=0.24286 macro_f1=0.93541
2025-09-10 10:57:45 | [DATA] build highperf loaders | img_size=384 bs=64
2025-09-10 10:57:45 | [DATA] augmentation: baseline-advanced (normal + hard augmentation)
2025-09-10 10:57:45 | [HighPerfDataset] size=785 img_size=384 epoch=36/200 p_hard=0.254 is_train=True
2025-09-10 10:57:45 | [HighPerfDataset] size=785 img_size=384 epoch=36/200 p_hard=0.000 is_train=False
2025-09-10 10:57:45 | [DATA] dataset sizes | train=785 valid=785
2025-09-10 10:57:45 | [HighPerfDataset] updated epoch=37, p_hard=0.256
2025-09-10 10:57:45 | [EPOCH 37] >>> TRAIN start | steps=13 mixup=True
2025-09-10 10:57:49 | [EPOCH 37][TRAIN step 1/13] loss=0.01833 lr=0.000128 bs=64
2025-09-10 10:58:28 | [EPOCH 37][TRAIN step 13/13] loss=0.08034 lr=0.000128 bs=17
2025-09-10 10:58:29 | [EPOCH 37] <<< TRAIN end | loss=0.21264
2025-09-10 10:58:29 | [EPOCH 37] >>> VALID start | steps=13
2025-09-10 10:58:39 | [EPOCH 37] <<< VALID end | loss=0.19431 macro_f1=0.93695
2025-09-10 10:58:39 | [DATA] build highperf loaders | img_size=384 bs=64
2025-09-10 10:58:39 | [DATA] augmentation: baseline-advanced (normal + hard augmentation)
2025-09-10 10:58:39 | [HighPerfDataset] size=785 img_size=384 epoch=37/200 p_hard=0.256 is_train=True
2025-09-10 10:58:39 | [HighPerfDataset] size=785 img_size=384 epoch=37/200 p_hard=0.000 is_train=False
2025-09-10 10:58:39 | [DATA] dataset sizes | train=785 valid=785
2025-09-10 10:58:39 | [HighPerfDataset] updated epoch=38, p_hard=0.257
2025-09-10 10:58:39 | [EPOCH 38] >>> TRAIN start | steps=13 mixup=True
2025-09-10 10:58:43 | [EPOCH 38][TRAIN step 1/13] loss=0.80772 lr=0.000127 bs=64
2025-09-10 10:59:23 | [EPOCH 38][TRAIN step 13/13] loss=0.96688 lr=0.000127 bs=17
2025-09-10 10:59:23 | [EPOCH 38] <<< TRAIN end | loss=0.34952
2025-09-10 10:59:23 | [EPOCH 38] >>> VALID start | steps=13
2025-09-10 10:59:33 | [EPOCH 38] <<< VALID end | loss=0.16593 macro_f1=0.94669
2025-09-10 10:59:33 | [DATA] build highperf loaders | img_size=384 bs=64
2025-09-10 10:59:33 | [DATA] augmentation: baseline-advanced (normal + hard augmentation)
2025-09-10 10:59:33 | [HighPerfDataset] size=785 img_size=384 epoch=38/200 p_hard=0.257 is_train=True
2025-09-10 10:59:33 | [HighPerfDataset] size=785 img_size=384 epoch=38/200 p_hard=0.000 is_train=False
2025-09-10 10:59:33 | [DATA] dataset sizes | train=785 valid=785
2025-09-10 10:59:33 | [HighPerfDataset] updated epoch=39, p_hard=0.259
2025-09-10 10:59:33 | [EPOCH 39] >>> TRAIN start | steps=13 mixup=True
2025-09-10 10:59:38 | [EPOCH 39][TRAIN step 1/13] loss=0.50086 lr=0.000126 bs=64
2025-09-10 11:00:20 | [EPOCH 39][TRAIN step 13/13] loss=0.24930 lr=0.000126 bs=17
2025-09-10 11:00:20 | [EPOCH 39] <<< TRAIN end | loss=0.35578
2025-09-10 11:00:20 | [EPOCH 39] >>> VALID start | steps=13
2025-09-10 11:00:29 | [EPOCH 39] <<< VALID end | loss=0.16526 macro_f1=0.95080
2025-09-10 11:00:31 | [FOLD 0] NEW BEST F1: 0.95080 (epoch 39)
2025-09-10 11:00:31 | [DATA] build highperf loaders | img_size=384 bs=64
2025-09-10 11:00:31 | [DATA] augmentation: baseline-advanced (normal + hard augmentation)
2025-09-10 11:00:31 | [HighPerfDataset] size=785 img_size=384 epoch=39/200 p_hard=0.259 is_train=True
2025-09-10 11:00:31 | [HighPerfDataset] size=785 img_size=384 epoch=39/200 p_hard=0.000 is_train=False
2025-09-10 11:00:31 | [DATA] dataset sizes | train=785 valid=785
2025-09-10 11:00:31 | [HighPerfDataset] updated epoch=40, p_hard=0.260
2025-09-10 11:00:31 | [EPOCH 40] >>> TRAIN start | steps=13 mixup=True
2025-09-10 11:00:35 | [EPOCH 40][TRAIN step 1/13] loss=1.06611 lr=0.000126 bs=64
2025-09-10 11:01:17 | [EPOCH 40][TRAIN step 13/13] loss=0.04365 lr=0.000126 bs=17
2025-09-10 11:01:17 | [EPOCH 40] <<< TRAIN end | loss=0.59802
2025-09-10 11:01:17 | [EPOCH 40] >>> VALID start | steps=13
2025-09-10 11:01:27 | [EPOCH 40] <<< VALID end | loss=0.18784 macro_f1=0.94605
2025-09-10 11:01:27 | [DATA] build highperf loaders | img_size=384 bs=64
2025-09-10 11:01:27 | [DATA] augmentation: baseline-advanced (normal + hard augmentation)
2025-09-10 11:01:27 | [HighPerfDataset] size=785 img_size=384 epoch=40/200 p_hard=0.260 is_train=True
2025-09-10 11:01:27 | [HighPerfDataset] size=785 img_size=384 epoch=40/200 p_hard=0.000 is_train=False
2025-09-10 11:01:27 | [DATA] dataset sizes | train=785 valid=785
2025-09-10 11:01:27 | [HighPerfDataset] updated epoch=41, p_hard=0.262
2025-09-10 11:01:27 | [EPOCH 41] >>> TRAIN start | steps=13 mixup=True
2025-09-10 11:01:31 | [EPOCH 41][TRAIN step 1/13] loss=0.03576 lr=0.000125 bs=64
2025-09-10 11:02:13 | [EPOCH 41][TRAIN step 13/13] loss=0.01031 lr=0.000125 bs=17
2025-09-10 11:02:13 | [EPOCH 41] <<< TRAIN end | loss=0.33949
2025-09-10 11:02:13 | [EPOCH 41] >>> VALID start | steps=13
2025-09-10 11:02:23 | [EPOCH 41] <<< VALID end | loss=0.18805 macro_f1=0.94542
2025-09-10 11:02:23 | [DATA] build highperf loaders | img_size=384 bs=64
2025-09-10 11:02:23 | [DATA] augmentation: baseline-advanced (normal + hard augmentation)
2025-09-10 11:02:23 | [HighPerfDataset] size=785 img_size=384 epoch=41/200 p_hard=0.262 is_train=True
2025-09-10 11:02:23 | [HighPerfDataset] size=785 img_size=384 epoch=41/200 p_hard=0.000 is_train=False
2025-09-10 11:02:23 | [DATA] dataset sizes | train=785 valid=785
2025-09-10 11:02:23 | [HighPerfDataset] updated epoch=42, p_hard=0.263
2025-09-10 11:02:23 | [EPOCH 42] >>> TRAIN start | steps=13 mixup=True
2025-09-10 11:02:27 | [EPOCH 42][TRAIN step 1/13] loss=1.15799 lr=0.000125 bs=64
2025-09-10 11:03:09 | [EPOCH 42][TRAIN step 13/13] loss=1.27236 lr=0.000125 bs=17
2025-09-10 11:03:09 | [EPOCH 42] <<< TRAIN end | loss=0.46741
2025-09-10 11:03:09 | [EPOCH 42] >>> VALID start | steps=13
2025-09-10 11:03:19 | [EPOCH 42] <<< VALID end | loss=0.16886 macro_f1=0.94768
2025-09-10 11:03:19 | [DATA] build highperf loaders | img_size=384 bs=64
2025-09-10 11:03:19 | [DATA] augmentation: baseline-advanced (normal + hard augmentation)
2025-09-10 11:03:19 | [HighPerfDataset] size=785 img_size=384 epoch=42/200 p_hard=0.263 is_train=True
2025-09-10 11:03:19 | [HighPerfDataset] size=785 img_size=384 epoch=42/200 p_hard=0.000 is_train=False
2025-09-10 11:03:19 | [DATA] dataset sizes | train=785 valid=785
2025-09-10 11:03:19 | [HighPerfDataset] updated epoch=43, p_hard=0.265
2025-09-10 11:03:19 | [EPOCH 43] >>> TRAIN start | steps=13 mixup=True
2025-09-10 11:03:24 | [EPOCH 43][TRAIN step 1/13] loss=0.20888 lr=0.000124 bs=64
2025-09-10 11:04:05 | [EPOCH 43][TRAIN step 13/13] loss=0.07026 lr=0.000124 bs=17
2025-09-10 11:04:05 | [EPOCH 43] <<< TRAIN end | loss=0.39539
2025-09-10 11:04:05 | [EPOCH 43] >>> VALID start | steps=13
2025-09-10 11:04:15 | [EPOCH 43] <<< VALID end | loss=0.15906 macro_f1=0.94302
2025-09-10 11:04:15 | [DATA] build highperf loaders | img_size=384 bs=64
2025-09-10 11:04:15 | [DATA] augmentation: baseline-advanced (normal + hard augmentation)
2025-09-10 11:04:15 | [HighPerfDataset] size=785 img_size=384 epoch=43/200 p_hard=0.265 is_train=True
2025-09-10 11:04:15 | [HighPerfDataset] size=785 img_size=384 epoch=43/200 p_hard=0.000 is_train=False
2025-09-10 11:04:15 | [DATA] dataset sizes | train=785 valid=785
2025-09-10 11:04:15 | [HighPerfDataset] updated epoch=44, p_hard=0.266
2025-09-10 11:04:15 | [EPOCH 44] >>> TRAIN start | steps=13 mixup=True
2025-09-10 11:04:19 | [EPOCH 44][TRAIN step 1/13] loss=0.03469 lr=0.000123 bs=64
2025-09-10 11:04:59 | [EPOCH 44][TRAIN step 13/13] loss=0.07404 lr=0.000123 bs=17
2025-09-10 11:04:59 | [EPOCH 44] <<< TRAIN end | loss=0.35845
2025-09-10 11:04:59 | [EPOCH 44] >>> VALID start | steps=13
2025-09-10 11:05:09 | [EPOCH 44] <<< VALID end | loss=0.23005 macro_f1=0.94582
2025-09-10 11:05:09 | [DATA] build highperf loaders | img_size=384 bs=64
2025-09-10 11:05:09 | [DATA] augmentation: baseline-advanced (normal + hard augmentation)
2025-09-10 11:05:09 | [HighPerfDataset] size=785 img_size=384 epoch=44/200 p_hard=0.266 is_train=True
2025-09-10 11:05:09 | [HighPerfDataset] size=785 img_size=384 epoch=44/200 p_hard=0.000 is_train=False
2025-09-10 11:05:09 | [DATA] dataset sizes | train=785 valid=785
2025-09-10 11:05:09 | [HighPerfDataset] updated epoch=45, p_hard=0.268
2025-09-10 11:05:09 | [EPOCH 45] >>> TRAIN start | steps=13 mixup=True
2025-09-10 11:05:14 | [EPOCH 45][TRAIN step 1/13] loss=0.39352 lr=0.000123 bs=64
2025-09-10 11:05:56 | [EPOCH 45][TRAIN step 13/13] loss=0.49077 lr=0.000123 bs=17
2025-09-10 11:05:56 | [EPOCH 45] <<< TRAIN end | loss=0.38717
2025-09-10 11:05:56 | [EPOCH 45] >>> VALID start | steps=13
2025-09-10 11:06:06 | [EPOCH 45] <<< VALID end | loss=0.19067 macro_f1=0.93417
2025-09-10 11:06:06 | [DATA] build highperf loaders | img_size=384 bs=64
2025-09-10 11:06:06 | [DATA] augmentation: baseline-advanced (normal + hard augmentation)
2025-09-10 11:06:06 | [HighPerfDataset] size=785 img_size=384 epoch=45/200 p_hard=0.268 is_train=True
2025-09-10 11:06:06 | [HighPerfDataset] size=785 img_size=384 epoch=45/200 p_hard=0.000 is_train=False
2025-09-10 11:06:06 | [DATA] dataset sizes | train=785 valid=785
2025-09-10 11:06:06 | [HighPerfDataset] updated epoch=46, p_hard=0.269
2025-09-10 11:06:06 | [EPOCH 46] >>> TRAIN start | steps=13 mixup=True
2025-09-10 11:06:10 | [EPOCH 46][TRAIN step 1/13] loss=0.17039 lr=0.000122 bs=64
2025-09-10 11:06:49 | [EPOCH 46][TRAIN step 13/13] loss=0.97679 lr=0.000122 bs=17
2025-09-10 11:06:49 | [EPOCH 46] <<< TRAIN end | loss=0.46368
2025-09-10 11:06:49 | [EPOCH 46] >>> VALID start | steps=13
2025-09-10 11:06:58 | [EPOCH 46] <<< VALID end | loss=0.18171 macro_f1=0.95061
2025-09-10 11:06:58 | [DATA] build highperf loaders | img_size=384 bs=64
2025-09-10 11:06:58 | [DATA] augmentation: baseline-advanced (normal + hard augmentation)
2025-09-10 11:06:58 | [HighPerfDataset] size=785 img_size=384 epoch=46/200 p_hard=0.269 is_train=True
2025-09-10 11:06:58 | [HighPerfDataset] size=785 img_size=384 epoch=46/200 p_hard=0.000 is_train=False
2025-09-10 11:06:58 | [DATA] dataset sizes | train=785 valid=785
2025-09-10 11:06:58 | [HighPerfDataset] updated epoch=47, p_hard=0.271
2025-09-10 11:06:58 | [EPOCH 47] >>> TRAIN start | steps=13 mixup=True
2025-09-10 11:07:03 | [EPOCH 47][TRAIN step 1/13] loss=0.68392 lr=0.000121 bs=64
2025-09-10 11:07:44 | [EPOCH 47][TRAIN step 13/13] loss=0.01431 lr=0.000121 bs=17
2025-09-10 11:07:44 | [EPOCH 47] <<< TRAIN end | loss=0.35695
2025-09-10 11:07:44 | [EPOCH 47] >>> VALID start | steps=13
2025-09-10 11:07:54 | [EPOCH 47] <<< VALID end | loss=0.23390 macro_f1=0.94206
2025-09-10 11:07:54 | [DATA] build highperf loaders | img_size=384 bs=64
2025-09-10 11:07:54 | [DATA] augmentation: baseline-advanced (normal + hard augmentation)
2025-09-10 11:07:54 | [HighPerfDataset] size=785 img_size=384 epoch=47/200 p_hard=0.271 is_train=True
2025-09-10 11:07:54 | [HighPerfDataset] size=785 img_size=384 epoch=47/200 p_hard=0.000 is_train=False
2025-09-10 11:07:54 | [DATA] dataset sizes | train=785 valid=785
2025-09-10 11:07:54 | [HighPerfDataset] updated epoch=48, p_hard=0.272
2025-09-10 11:07:54 | [EPOCH 48] >>> TRAIN start | steps=13 mixup=True
2025-09-10 11:07:59 | [EPOCH 48][TRAIN step 1/13] loss=1.12519 lr=0.000120 bs=64
2025-09-10 11:08:38 | [EPOCH 48][TRAIN step 13/13] loss=0.02888 lr=0.000120 bs=17
2025-09-10 11:08:38 | [EPOCH 48] <<< TRAIN end | loss=0.53931
2025-09-10 11:08:38 | [EPOCH 48] >>> VALID start | steps=13
2025-09-10 11:08:48 | [EPOCH 48] <<< VALID end | loss=0.26541 macro_f1=0.93567
2025-09-10 11:08:48 | [DATA] build highperf loaders | img_size=384 bs=64
2025-09-10 11:08:48 | [DATA] augmentation: baseline-advanced (normal + hard augmentation)
2025-09-10 11:08:48 | [HighPerfDataset] size=785 img_size=384 epoch=48/200 p_hard=0.272 is_train=True
2025-09-10 11:08:48 | [HighPerfDataset] size=785 img_size=384 epoch=48/200 p_hard=0.000 is_train=False
2025-09-10 11:08:48 | [DATA] dataset sizes | train=785 valid=785
2025-09-10 11:08:48 | [HighPerfDataset] updated epoch=49, p_hard=0.274
2025-09-10 11:08:48 | [EPOCH 49] >>> TRAIN start | steps=13 mixup=True
2025-09-10 11:08:52 | [EPOCH 49][TRAIN step 1/13] loss=0.03947 lr=0.000120 bs=64
2025-09-10 11:09:31 | [EPOCH 49][TRAIN step 13/13] loss=1.14567 lr=0.000120 bs=17
2025-09-10 11:09:31 | [EPOCH 49] <<< TRAIN end | loss=0.34286
2025-09-10 11:09:31 | [EPOCH 49] >>> VALID start | steps=13
2025-09-10 11:09:41 | [EPOCH 49] <<< VALID end | loss=0.24215 macro_f1=0.94064
2025-09-10 11:09:41 | [DATA] build highperf loaders | img_size=384 bs=64
2025-09-10 11:09:41 | [DATA] augmentation: baseline-advanced (normal + hard augmentation)
2025-09-10 11:09:41 | [HighPerfDataset] size=785 img_size=384 epoch=49/200 p_hard=0.274 is_train=True
2025-09-10 11:09:41 | [HighPerfDataset] size=785 img_size=384 epoch=49/200 p_hard=0.000 is_train=False
2025-09-10 11:09:41 | [DATA] dataset sizes | train=785 valid=785
2025-09-10 11:09:41 | [HighPerfDataset] updated epoch=50, p_hard=0.275
2025-09-10 11:09:41 | [EPOCH 50] >>> TRAIN start | steps=13 mixup=True
2025-09-10 11:09:46 | [EPOCH 50][TRAIN step 1/13] loss=0.90528 lr=0.000119 bs=64
2025-09-10 11:10:25 | [EPOCH 50][TRAIN step 13/13] loss=0.25125 lr=0.000119 bs=17
2025-09-10 11:10:25 | [EPOCH 50] <<< TRAIN end | loss=0.40049
2025-09-10 11:10:25 | [EPOCH 50] >>> VALID start | steps=13
2025-09-10 11:10:35 | [EPOCH 50] <<< VALID end | loss=0.21273 macro_f1=0.93896
2025-09-10 11:10:35 | [DATA] build highperf loaders | img_size=384 bs=64
2025-09-10 11:10:35 | [DATA] augmentation: baseline-advanced (normal + hard augmentation)
2025-09-10 11:10:35 | [HighPerfDataset] size=785 img_size=384 epoch=50/200 p_hard=0.275 is_train=True
2025-09-10 11:10:35 | [HighPerfDataset] size=785 img_size=384 epoch=50/200 p_hard=0.000 is_train=False
2025-09-10 11:10:35 | [DATA] dataset sizes | train=785 valid=785
2025-09-10 11:10:35 | [HighPerfDataset] updated epoch=51, p_hard=0.277
2025-09-10 11:10:35 | [EPOCH 51] >>> TRAIN start | steps=13 mixup=True
2025-09-10 11:10:39 | [EPOCH 51][TRAIN step 1/13] loss=0.89512 lr=0.000118 bs=64
2025-09-10 11:11:18 | [EPOCH 51][TRAIN step 13/13] loss=0.07861 lr=0.000118 bs=17
2025-09-10 11:11:18 | [EPOCH 51] <<< TRAIN end | loss=0.35916
2025-09-10 11:11:18 | [EPOCH 51] >>> VALID start | steps=13
2025-09-10 11:11:28 | [EPOCH 51] <<< VALID end | loss=0.24708 macro_f1=0.93903
2025-09-10 11:11:28 | [DATA] build highperf loaders | img_size=384 bs=64
2025-09-10 11:11:28 | [DATA] augmentation: baseline-advanced (normal + hard augmentation)
2025-09-10 11:11:28 | [HighPerfDataset] size=785 img_size=384 epoch=51/200 p_hard=0.277 is_train=True
2025-09-10 11:11:28 | [HighPerfDataset] size=785 img_size=384 epoch=51/200 p_hard=0.000 is_train=False
2025-09-10 11:11:28 | [DATA] dataset sizes | train=785 valid=785
2025-09-10 11:11:28 | [HighPerfDataset] updated epoch=52, p_hard=0.278
2025-09-10 11:11:28 | [EPOCH 52] >>> TRAIN start | steps=13 mixup=True
2025-09-10 11:11:32 | [EPOCH 52][TRAIN step 1/13] loss=0.11096 lr=0.000117 bs=64
2025-09-10 11:12:11 | [EPOCH 52][TRAIN step 13/13] loss=0.73923 lr=0.000117 bs=17
2025-09-10 11:12:11 | [EPOCH 52] <<< TRAIN end | loss=0.28581
2025-09-10 11:12:11 | [EPOCH 52] >>> VALID start | steps=13
2025-09-10 11:12:22 | [EPOCH 52] <<< VALID end | loss=0.19126 macro_f1=0.94812
2025-09-10 11:12:22 | [DATA] build highperf loaders | img_size=384 bs=64
2025-09-10 11:12:22 | [DATA] augmentation: baseline-advanced (normal + hard augmentation)
2025-09-10 11:12:22 | [HighPerfDataset] size=785 img_size=384 epoch=52/200 p_hard=0.278 is_train=True
2025-09-10 11:12:22 | [HighPerfDataset] size=785 img_size=384 epoch=52/200 p_hard=0.000 is_train=False
2025-09-10 11:12:22 | [DATA] dataset sizes | train=785 valid=785
2025-09-10 11:12:22 | [HighPerfDataset] updated epoch=53, p_hard=0.280
2025-09-10 11:12:22 | [EPOCH 53] >>> TRAIN start | steps=13 mixup=True
2025-09-10 11:12:26 | [EPOCH 53][TRAIN step 1/13] loss=1.21748 lr=0.000117 bs=64
2025-09-10 11:13:08 | [EPOCH 53][TRAIN step 13/13] loss=0.07540 lr=0.000117 bs=17
2025-09-10 11:13:08 | [EPOCH 53] <<< TRAIN end | loss=0.46742
2025-09-10 11:13:08 | [EPOCH 53] >>> VALID start | steps=13
2025-09-10 11:13:19 | [EPOCH 53] <<< VALID end | loss=0.16996 macro_f1=0.95489
2025-09-10 11:13:20 | [FOLD 0] NEW BEST F1: 0.95489 (epoch 53)
2025-09-10 11:13:20 | [DATA] build highperf loaders | img_size=384 bs=64
2025-09-10 11:13:20 | [DATA] augmentation: baseline-advanced (normal + hard augmentation)
2025-09-10 11:13:20 | [HighPerfDataset] size=785 img_size=384 epoch=53/200 p_hard=0.280 is_train=True
2025-09-10 11:13:20 | [HighPerfDataset] size=785 img_size=384 epoch=53/200 p_hard=0.000 is_train=False
2025-09-10 11:13:20 | [DATA] dataset sizes | train=785 valid=785
2025-09-10 11:13:20 | [HighPerfDataset] updated epoch=54, p_hard=0.281
2025-09-10 11:13:20 | [EPOCH 54] >>> TRAIN start | steps=13 mixup=True
2025-09-10 11:13:26 | [EPOCH 54][TRAIN step 1/13] loss=0.05151 lr=0.000116 bs=64
2025-09-10 11:14:07 | [EPOCH 54][TRAIN step 13/13] loss=0.00201 lr=0.000116 bs=17
2025-09-10 11:14:07 | [EPOCH 54] <<< TRAIN end | loss=0.46518
2025-09-10 11:14:07 | [EPOCH 54] >>> VALID start | steps=13
2025-09-10 11:14:17 | [EPOCH 54] <<< VALID end | loss=0.21539 macro_f1=0.94210
2025-09-10 11:14:17 | [DATA] build highperf loaders | img_size=384 bs=64
2025-09-10 11:14:17 | [DATA] augmentation: baseline-advanced (normal + hard augmentation)
2025-09-10 11:14:17 | [HighPerfDataset] size=785 img_size=384 epoch=54/200 p_hard=0.281 is_train=True
2025-09-10 11:14:17 | [HighPerfDataset] size=785 img_size=384 epoch=54/200 p_hard=0.000 is_train=False
2025-09-10 11:14:17 | [DATA] dataset sizes | train=785 valid=785
2025-09-10 11:14:17 | [HighPerfDataset] updated epoch=55, p_hard=0.283
2025-09-10 11:14:17 | [EPOCH 55] >>> TRAIN start | steps=13 mixup=True
2025-09-10 11:14:21 | [EPOCH 55][TRAIN step 1/13] loss=0.00842 lr=0.000115 bs=64
2025-09-10 11:15:02 | [EPOCH 55][TRAIN step 13/13] loss=0.00537 lr=0.000115 bs=17
2025-09-10 11:15:02 | [EPOCH 55] <<< TRAIN end | loss=0.50804
2025-09-10 11:15:02 | [EPOCH 55] >>> VALID start | steps=13
2025-09-10 11:15:12 | [EPOCH 55] <<< VALID end | loss=0.25814 macro_f1=0.93520
2025-09-10 11:15:12 | [DATA] build highperf loaders | img_size=384 bs=64
2025-09-10 11:15:12 | [DATA] augmentation: baseline-advanced (normal + hard augmentation)
2025-09-10 11:15:12 | [HighPerfDataset] size=785 img_size=384 epoch=55/200 p_hard=0.283 is_train=True
2025-09-10 11:15:12 | [HighPerfDataset] size=785 img_size=384 epoch=55/200 p_hard=0.000 is_train=False
2025-09-10 11:15:12 | [DATA] dataset sizes | train=785 valid=785
2025-09-10 11:15:12 | [HighPerfDataset] updated epoch=56, p_hard=0.284
2025-09-10 11:15:12 | [EPOCH 56] >>> TRAIN start | steps=13 mixup=True
2025-09-10 11:15:16 | [EPOCH 56][TRAIN step 1/13] loss=0.14607 lr=0.000114 bs=64
2025-09-10 11:15:54 | [EPOCH 56][TRAIN step 13/13] loss=0.15359 lr=0.000114 bs=17
2025-09-10 11:15:54 | [EPOCH 56] <<< TRAIN end | loss=0.35911
2025-09-10 11:15:54 | [EPOCH 56] >>> VALID start | steps=13
2025-09-10 11:16:04 | [EPOCH 56] <<< VALID end | loss=0.37328 macro_f1=0.93075
2025-09-10 11:16:04 | [DATA] build highperf loaders | img_size=384 bs=64
2025-09-10 11:16:04 | [DATA] augmentation: baseline-advanced (normal + hard augmentation)
2025-09-10 11:16:04 | [HighPerfDataset] size=785 img_size=384 epoch=56/200 p_hard=0.284 is_train=True
2025-09-10 11:16:04 | [HighPerfDataset] size=785 img_size=384 epoch=56/200 p_hard=0.000 is_train=False
2025-09-10 11:16:04 | [DATA] dataset sizes | train=785 valid=785
2025-09-10 11:16:04 | [HighPerfDataset] updated epoch=57, p_hard=0.285
2025-09-10 11:16:04 | [EPOCH 57] >>> TRAIN start | steps=13 mixup=True
2025-09-10 11:16:08 | [EPOCH 57][TRAIN step 1/13] loss=0.54619 lr=0.000113 bs=64
2025-09-10 11:16:47 | [EPOCH 57][TRAIN step 13/13] loss=0.00275 lr=0.000113 bs=17
2025-09-10 11:16:47 | [EPOCH 57] <<< TRAIN end | loss=0.25634
2025-09-10 11:16:47 | [EPOCH 57] >>> VALID start | steps=13
2025-09-10 11:16:56 | [EPOCH 57] <<< VALID end | loss=0.23309 macro_f1=0.93104
2025-09-10 11:16:56 | [DATA] build highperf loaders | img_size=384 bs=64
2025-09-10 11:16:56 | [DATA] augmentation: baseline-advanced (normal + hard augmentation)
2025-09-10 11:16:56 | [HighPerfDataset] size=785 img_size=384 epoch=57/200 p_hard=0.285 is_train=True
2025-09-10 11:16:56 | [HighPerfDataset] size=785 img_size=384 epoch=57/200 p_hard=0.000 is_train=False
2025-09-10 11:16:56 | [DATA] dataset sizes | train=785 valid=785
2025-09-10 11:16:56 | [HighPerfDataset] updated epoch=58, p_hard=0.287
2025-09-10 11:16:56 | [EPOCH 58] >>> TRAIN start | steps=13 mixup=True
2025-09-10 11:17:00 | [EPOCH 58][TRAIN step 1/13] loss=0.10442 lr=0.000112 bs=64
2025-09-10 11:17:39 | [EPOCH 58][TRAIN step 13/13] loss=0.98023 lr=0.000112 bs=17
2025-09-10 11:17:39 | [EPOCH 58] <<< TRAIN end | loss=0.56222
2025-09-10 11:17:39 | [EPOCH 58] >>> VALID start | steps=13
2025-09-10 11:17:48 | [EPOCH 58] <<< VALID end | loss=0.27063 macro_f1=0.93331
2025-09-10 11:17:48 | [DATA] build highperf loaders | img_size=384 bs=64
2025-09-10 11:17:48 | [DATA] augmentation: baseline-advanced (normal + hard augmentation)
2025-09-10 11:17:48 | [HighPerfDataset] size=785 img_size=384 epoch=58/200 p_hard=0.287 is_train=True
2025-09-10 11:17:48 | [HighPerfDataset] size=785 img_size=384 epoch=58/200 p_hard=0.000 is_train=False
2025-09-10 11:17:48 | [DATA] dataset sizes | train=785 valid=785
2025-09-10 11:17:48 | [HighPerfDataset] updated epoch=59, p_hard=0.288
2025-09-10 11:17:48 | [EPOCH 59] >>> TRAIN start | steps=13 mixup=True
2025-09-10 11:17:52 | [EPOCH 59][TRAIN step 1/13] loss=0.00380 lr=0.000112 bs=64
2025-09-10 11:18:30 | [EPOCH 59][TRAIN step 13/13] loss=0.00311 lr=0.000112 bs=17
2025-09-10 11:18:30 | [EPOCH 59] <<< TRAIN end | loss=0.35373
2025-09-10 11:18:30 | [EPOCH 59] >>> VALID start | steps=13
2025-09-10 11:18:40 | [EPOCH 59] <<< VALID end | loss=0.27205 macro_f1=0.93457
2025-09-10 11:18:40 | [DATA] build highperf loaders | img_size=384 bs=64
2025-09-10 11:18:40 | [DATA] augmentation: baseline-advanced (normal + hard augmentation)
2025-09-10 11:18:40 | [HighPerfDataset] size=785 img_size=384 epoch=59/200 p_hard=0.288 is_train=True
2025-09-10 11:18:40 | [HighPerfDataset] size=785 img_size=384 epoch=59/200 p_hard=0.000 is_train=False
2025-09-10 11:18:40 | [DATA] dataset sizes | train=785 valid=785
2025-09-10 11:18:40 | [HighPerfDataset] updated epoch=60, p_hard=0.290
2025-09-10 11:18:40 | [EPOCH 60] >>> TRAIN start | steps=13 mixup=True
2025-09-10 11:18:44 | [EPOCH 60][TRAIN step 1/13] loss=0.00351 lr=0.000111 bs=64
2025-09-10 11:19:21 | [EPOCH 60][TRAIN step 13/13] loss=0.03520 lr=0.000111 bs=17
2025-09-10 11:19:21 | [EPOCH 60] <<< TRAIN end | loss=0.27446
2025-09-10 11:19:21 | [EPOCH 60] >>> VALID start | steps=13
2025-09-10 11:19:31 | [EPOCH 60] <<< VALID end | loss=0.26509 macro_f1=0.92689
2025-09-10 11:19:31 | [DATA] build highperf loaders | img_size=384 bs=64
2025-09-10 11:19:31 | [DATA] augmentation: baseline-advanced (normal + hard augmentation)
2025-09-10 11:19:31 | [HighPerfDataset] size=785 img_size=384 epoch=60/200 p_hard=0.290 is_train=True
2025-09-10 11:19:31 | [HighPerfDataset] size=785 img_size=384 epoch=60/200 p_hard=0.000 is_train=False
2025-09-10 11:19:31 | [DATA] dataset sizes | train=785 valid=785
2025-09-10 11:19:31 | [HighPerfDataset] updated epoch=61, p_hard=0.291
2025-09-10 11:19:31 | [EPOCH 61] >>> TRAIN start | steps=13 mixup=True
2025-09-10 11:19:36 | [EPOCH 61][TRAIN step 1/13] loss=1.12057 lr=0.000110 bs=64
2025-09-10 11:20:14 | [EPOCH 61][TRAIN step 13/13] loss=0.00138 lr=0.000110 bs=17
2025-09-10 11:20:14 | [EPOCH 61] <<< TRAIN end | loss=0.32087
2025-09-10 11:20:14 | [EPOCH 61] >>> VALID start | steps=13
2025-09-10 11:20:24 | [EPOCH 61] <<< VALID end | loss=0.29672 macro_f1=0.93631
2025-09-10 11:20:24 | [DATA] build highperf loaders | img_size=384 bs=64
2025-09-10 11:20:24 | [DATA] augmentation: baseline-advanced (normal + hard augmentation)
2025-09-10 11:20:24 | [HighPerfDataset] size=785 img_size=384 epoch=61/200 p_hard=0.291 is_train=True
2025-09-10 11:20:24 | [HighPerfDataset] size=785 img_size=384 epoch=61/200 p_hard=0.000 is_train=False
2025-09-10 11:20:24 | [DATA] dataset sizes | train=785 valid=785
2025-09-10 11:20:24 | [HighPerfDataset] updated epoch=62, p_hard=0.293
2025-09-10 11:20:24 | [EPOCH 62] >>> TRAIN start | steps=13 mixup=True
2025-09-10 11:20:28 | [EPOCH 62][TRAIN step 1/13] loss=0.01374 lr=0.000109 bs=64
2025-09-10 11:21:08 | [EPOCH 62][TRAIN step 13/13] loss=0.60882 lr=0.000109 bs=17
2025-09-10 11:21:08 | [EPOCH 62] <<< TRAIN end | loss=0.48098
2025-09-10 11:21:08 | [EPOCH 62] >>> VALID start | steps=13
2025-09-10 11:21:17 | [EPOCH 62] <<< VALID end | loss=0.28561 macro_f1=0.93534
2025-09-10 11:21:17 | [DATA] build highperf loaders | img_size=384 bs=64
2025-09-10 11:21:17 | [DATA] augmentation: baseline-advanced (normal + hard augmentation)
2025-09-10 11:21:17 | [HighPerfDataset] size=785 img_size=384 epoch=62/200 p_hard=0.293 is_train=True
2025-09-10 11:21:17 | [HighPerfDataset] size=785 img_size=384 epoch=62/200 p_hard=0.000 is_train=False
2025-09-10 11:21:17 | [DATA] dataset sizes | train=785 valid=785
2025-09-10 11:21:17 | [HighPerfDataset] updated epoch=63, p_hard=0.294
2025-09-10 11:21:17 | [EPOCH 63] >>> TRAIN start | steps=13 mixup=True
2025-09-10 11:21:21 | [EPOCH 63][TRAIN step 1/13] loss=0.04098 lr=0.000108 bs=64
2025-09-10 11:22:01 | [EPOCH 63][TRAIN step 13/13] loss=0.41006 lr=0.000108 bs=17
2025-09-10 11:22:01 | [EPOCH 63] <<< TRAIN end | loss=0.43953
2025-09-10 11:22:01 | [EPOCH 63] >>> VALID start | steps=13
2025-09-10 11:22:11 | [EPOCH 63] <<< VALID end | loss=0.32119 macro_f1=0.93341
2025-09-10 11:22:11 | [DATA] build highperf loaders | img_size=384 bs=64
2025-09-10 11:22:11 | [DATA] augmentation: baseline-advanced (normal + hard augmentation)
2025-09-10 11:22:11 | [HighPerfDataset] size=785 img_size=384 epoch=63/200 p_hard=0.294 is_train=True
2025-09-10 11:22:11 | [HighPerfDataset] size=785 img_size=384 epoch=63/200 p_hard=0.000 is_train=False
2025-09-10 11:22:11 | [DATA] dataset sizes | train=785 valid=785
2025-09-10 11:22:11 | [HighPerfDataset] updated epoch=64, p_hard=0.296
2025-09-10 11:22:11 | [EPOCH 64] >>> TRAIN start | steps=13 mixup=True
2025-09-10 11:22:15 | [EPOCH 64][TRAIN step 1/13] loss=0.00454 lr=0.000107 bs=64
2025-09-10 11:22:54 | [EPOCH 64][TRAIN step 13/13] loss=0.00716 lr=0.000107 bs=17
2025-09-10 11:22:54 | [EPOCH 64] <<< TRAIN end | loss=0.28739
2025-09-10 11:22:54 | [EPOCH 64] >>> VALID start | steps=13
2025-09-10 11:23:04 | [EPOCH 64] <<< VALID end | loss=0.30630 macro_f1=0.94083
2025-09-10 11:23:04 | [DATA] build highperf loaders | img_size=384 bs=64
2025-09-10 11:23:04 | [DATA] augmentation: baseline-advanced (normal + hard augmentation)
2025-09-10 11:23:04 | [HighPerfDataset] size=785 img_size=384 epoch=64/200 p_hard=0.296 is_train=True
2025-09-10 11:23:04 | [HighPerfDataset] size=785 img_size=384 epoch=64/200 p_hard=0.000 is_train=False
2025-09-10 11:23:04 | [DATA] dataset sizes | train=785 valid=785
2025-09-10 11:23:04 | [HighPerfDataset] updated epoch=65, p_hard=0.297
2025-09-10 11:23:04 | [EPOCH 65] >>> TRAIN start | steps=13 mixup=True
2025-09-10 11:23:09 | [EPOCH 65][TRAIN step 1/13] loss=0.82369 lr=0.000106 bs=64
2025-09-10 11:23:53 | [EPOCH 65][TRAIN step 13/13] loss=0.00688 lr=0.000106 bs=17
2025-09-10 11:23:53 | [EPOCH 65] <<< TRAIN end | loss=0.47527
2025-09-10 11:23:53 | [EPOCH 65] >>> VALID start | steps=13
2025-09-10 11:24:03 | [EPOCH 65] <<< VALID end | loss=0.22513 macro_f1=0.94432
2025-09-10 11:24:03 | [DATA] build highperf loaders | img_size=384 bs=64
2025-09-10 11:24:03 | [DATA] augmentation: baseline-advanced (normal + hard augmentation)
2025-09-10 11:24:03 | [HighPerfDataset] size=785 img_size=384 epoch=65/200 p_hard=0.297 is_train=True
2025-09-10 11:24:03 | [HighPerfDataset] size=785 img_size=384 epoch=65/200 p_hard=0.000 is_train=False
2025-09-10 11:24:03 | [DATA] dataset sizes | train=785 valid=785
2025-09-10 11:24:03 | [HighPerfDataset] updated epoch=66, p_hard=0.299
2025-09-10 11:24:03 | [EPOCH 66] >>> TRAIN start | steps=13 mixup=True
2025-09-10 11:24:07 | [EPOCH 66][TRAIN step 1/13] loss=1.04591 lr=0.000105 bs=64
2025-09-10 11:24:46 | [EPOCH 66][TRAIN step 13/13] loss=0.95420 lr=0.000105 bs=17
2025-09-10 11:24:46 | [EPOCH 66] <<< TRAIN end | loss=0.49547
2025-09-10 11:24:46 | [EPOCH 66] >>> VALID start | steps=13
2025-09-10 11:24:55 | [EPOCH 66] <<< VALID end | loss=0.22865 macro_f1=0.94518
2025-09-10 11:24:55 | [DATA] build highperf loaders | img_size=384 bs=64
2025-09-10 11:24:55 | [DATA] augmentation: baseline-advanced (normal + hard augmentation)
2025-09-10 11:24:55 | [HighPerfDataset] size=785 img_size=384 epoch=66/200 p_hard=0.299 is_train=True
2025-09-10 11:24:55 | [HighPerfDataset] size=785 img_size=384 epoch=66/200 p_hard=0.000 is_train=False
2025-09-10 11:24:55 | [DATA] dataset sizes | train=785 valid=785
2025-09-10 11:24:55 | [HighPerfDataset] updated epoch=67, p_hard=0.300
2025-09-10 11:24:55 | [EPOCH 67] >>> TRAIN start | steps=13 mixup=True
2025-09-10 11:24:59 | [EPOCH 67][TRAIN step 1/13] loss=0.04762 lr=0.000104 bs=64
2025-09-10 11:25:37 | [EPOCH 67][TRAIN step 13/13] loss=1.05394 lr=0.000104 bs=17
2025-09-10 11:25:37 | [EPOCH 67] <<< TRAIN end | loss=0.15349
2025-09-10 11:25:37 | [EPOCH 67] >>> VALID start | steps=13
2025-09-10 11:25:48 | [EPOCH 67] <<< VALID end | loss=0.32279 macro_f1=0.92350
2025-09-10 11:25:48 | [DATA] build highperf loaders | img_size=384 bs=64
2025-09-10 11:25:48 | [DATA] augmentation: baseline-advanced (normal + hard augmentation)
2025-09-10 11:25:48 | [HighPerfDataset] size=785 img_size=384 epoch=67/200 p_hard=0.300 is_train=True
2025-09-10 11:25:48 | [HighPerfDataset] size=785 img_size=384 epoch=67/200 p_hard=0.000 is_train=False
2025-09-10 11:25:48 | [DATA] dataset sizes | train=785 valid=785
2025-09-10 11:25:48 | [HighPerfDataset] updated epoch=68, p_hard=0.302
2025-09-10 11:25:48 | [EPOCH 68] >>> TRAIN start | steps=13 mixup=True
2025-09-10 11:25:53 | [EPOCH 68][TRAIN step 1/13] loss=0.99142 lr=0.000104 bs=64
2025-09-10 11:26:33 | [EPOCH 68][TRAIN step 13/13] loss=0.00214 lr=0.000104 bs=17
2025-09-10 11:26:33 | [EPOCH 68] <<< TRAIN end | loss=0.39680
2025-09-10 11:26:33 | [EPOCH 68] >>> VALID start | steps=13
2025-09-10 11:26:42 | [EPOCH 68] <<< VALID end | loss=0.21315 macro_f1=0.93635
2025-09-10 11:26:42 | [DATA] build highperf loaders | img_size=384 bs=64
2025-09-10 11:26:42 | [DATA] augmentation: baseline-advanced (normal + hard augmentation)
2025-09-10 11:26:42 | [HighPerfDataset] size=785 img_size=384 epoch=68/200 p_hard=0.302 is_train=True
2025-09-10 11:26:42 | [HighPerfDataset] size=785 img_size=384 epoch=68/200 p_hard=0.000 is_train=False
2025-09-10 11:26:42 | [DATA] dataset sizes | train=785 valid=785
2025-09-10 11:26:42 | [HighPerfDataset] updated epoch=69, p_hard=0.303
2025-09-10 11:26:42 | [EPOCH 69] >>> TRAIN start | steps=13 mixup=True
2025-09-10 11:26:47 | [EPOCH 69][TRAIN step 1/13] loss=0.02437 lr=0.000103 bs=64
2025-09-10 11:27:26 | [EPOCH 69][TRAIN step 13/13] loss=0.92936 lr=0.000103 bs=17
2025-09-10 11:27:26 | [EPOCH 69] <<< TRAIN end | loss=0.19536
2025-09-10 11:27:26 | [EPOCH 69] >>> VALID start | steps=13
2025-09-10 11:27:36 | [EPOCH 69] <<< VALID end | loss=0.35704 macro_f1=0.92276
2025-09-10 11:27:36 | [DATA] build highperf loaders | img_size=384 bs=64
2025-09-10 11:27:36 | [DATA] augmentation: baseline-advanced (normal + hard augmentation)
2025-09-10 11:27:36 | [HighPerfDataset] size=785 img_size=384 epoch=69/200 p_hard=0.303 is_train=True
2025-09-10 11:27:36 | [HighPerfDataset] size=785 img_size=384 epoch=69/200 p_hard=0.000 is_train=False
2025-09-10 11:27:36 | [DATA] dataset sizes | train=785 valid=785
2025-09-10 11:27:36 | [HighPerfDataset] updated epoch=70, p_hard=0.305
2025-09-10 11:27:36 | [EPOCH 70] >>> TRAIN start | steps=13 mixup=True
2025-09-10 11:27:40 | [EPOCH 70][TRAIN step 1/13] loss=0.13448 lr=0.000102 bs=64
2025-09-10 11:28:21 | [EPOCH 70][TRAIN step 13/13] loss=0.75771 lr=0.000102 bs=17
2025-09-10 11:28:21 | [EPOCH 70] <<< TRAIN end | loss=0.35457
2025-09-10 11:28:21 | [EPOCH 70] >>> VALID start | steps=13
2025-09-10 11:28:32 | [EPOCH 70] <<< VALID end | loss=0.22436 macro_f1=0.93412
2025-09-10 11:28:32 | [DATA] build highperf loaders | img_size=384 bs=64
2025-09-10 11:28:32 | [DATA] augmentation: baseline-advanced (normal + hard augmentation)
2025-09-10 11:28:32 | [HighPerfDataset] size=785 img_size=384 epoch=70/200 p_hard=0.305 is_train=True
2025-09-10 11:28:32 | [HighPerfDataset] size=785 img_size=384 epoch=70/200 p_hard=0.000 is_train=False
2025-09-10 11:28:32 | [DATA] dataset sizes | train=785 valid=785
2025-09-10 11:28:32 | [HighPerfDataset] updated epoch=71, p_hard=0.306
2025-09-10 11:28:32 | [EPOCH 71] >>> TRAIN start | steps=13 mixup=True
2025-09-10 11:28:36 | [EPOCH 71][TRAIN step 1/13] loss=0.05741 lr=0.000101 bs=64
2025-09-10 11:29:16 | [EPOCH 71][TRAIN step 13/13] loss=0.97359 lr=0.000101 bs=17
2025-09-10 11:29:16 | [EPOCH 71] <<< TRAIN end | loss=0.36738
2025-09-10 11:29:16 | [EPOCH 71] >>> VALID start | steps=13
2025-09-10 11:29:27 | [EPOCH 71] <<< VALID end | loss=0.23986 macro_f1=0.92852
2025-09-10 11:29:27 | [DATA] build highperf loaders | img_size=384 bs=64
2025-09-10 11:29:27 | [DATA] augmentation: baseline-advanced (normal + hard augmentation)
2025-09-10 11:29:27 | [HighPerfDataset] size=785 img_size=384 epoch=71/200 p_hard=0.306 is_train=True
2025-09-10 11:29:27 | [HighPerfDataset] size=785 img_size=384 epoch=71/200 p_hard=0.000 is_train=False
2025-09-10 11:29:27 | [DATA] dataset sizes | train=785 valid=785
2025-09-10 11:29:27 | [HighPerfDataset] updated epoch=72, p_hard=0.308
2025-09-10 11:29:27 | [EPOCH 72] >>> TRAIN start | steps=13 mixup=True
2025-09-10 11:29:31 | [EPOCH 72][TRAIN step 1/13] loss=0.00697 lr=0.000100 bs=64
2025-09-10 11:30:09 | [EPOCH 72][TRAIN step 13/13] loss=0.02052 lr=0.000100 bs=17
2025-09-10 11:30:09 | [EPOCH 72] <<< TRAIN end | loss=0.40852
2025-09-10 11:30:09 | [EPOCH 72] >>> VALID start | steps=13
2025-09-10 11:30:19 | [EPOCH 72] <<< VALID end | loss=0.28011 macro_f1=0.94466
2025-09-10 11:30:19 | [DATA] build highperf loaders | img_size=384 bs=64
2025-09-10 11:30:19 | [DATA] augmentation: baseline-advanced (normal + hard augmentation)
2025-09-10 11:30:19 | [HighPerfDataset] size=785 img_size=384 epoch=72/200 p_hard=0.308 is_train=True
2025-09-10 11:30:19 | [HighPerfDataset] size=785 img_size=384 epoch=72/200 p_hard=0.000 is_train=False
2025-09-10 11:30:19 | [DATA] dataset sizes | train=785 valid=785
2025-09-10 11:30:19 | [HighPerfDataset] updated epoch=73, p_hard=0.309
2025-09-10 11:30:19 | [EPOCH 73] >>> TRAIN start | steps=13 mixup=True
2025-09-10 11:30:23 | [EPOCH 73][TRAIN step 1/13] loss=0.01791 lr=0.000099 bs=64
2025-09-10 11:31:03 | [EPOCH 73][TRAIN step 13/13] loss=0.03227 lr=0.000099 bs=17
2025-09-10 11:31:03 | [EPOCH 73] <<< TRAIN end | loss=0.44470
2025-09-10 11:31:03 | [EPOCH 73] >>> VALID start | steps=13
2025-09-10 11:31:13 | [EPOCH 73] <<< VALID end | loss=0.28132 macro_f1=0.94444
2025-09-10 11:31:13 | [DATA] build highperf loaders | img_size=384 bs=64
2025-09-10 11:31:13 | [DATA] augmentation: baseline-advanced (normal + hard augmentation)
2025-09-10 11:31:13 | [HighPerfDataset] size=785 img_size=384 epoch=73/200 p_hard=0.309 is_train=True
2025-09-10 11:31:13 | [HighPerfDataset] size=785 img_size=384 epoch=73/200 p_hard=0.000 is_train=False
2025-09-10 11:31:13 | [DATA] dataset sizes | train=785 valid=785
2025-09-10 11:31:13 | [HighPerfDataset] updated epoch=74, p_hard=0.311
2025-09-10 11:31:13 | [EPOCH 74] >>> TRAIN start | steps=13 mixup=True
2025-09-10 11:31:17 | [EPOCH 74][TRAIN step 1/13] loss=0.00382 lr=0.000098 bs=64
2025-09-10 11:32:00 | [EPOCH 74][TRAIN step 13/13] loss=0.03514 lr=0.000098 bs=17
2025-09-10 11:32:00 | [EPOCH 74] <<< TRAIN end | loss=0.38770
2025-09-10 11:32:00 | [EPOCH 74] >>> VALID start | steps=13
2025-09-10 11:32:11 | [EPOCH 74] <<< VALID end | loss=0.24919 macro_f1=0.94481
2025-09-10 11:32:11 | [DATA] build highperf loaders | img_size=384 bs=64
2025-09-10 11:32:11 | [DATA] augmentation: baseline-advanced (normal + hard augmentation)
2025-09-10 11:32:11 | [HighPerfDataset] size=785 img_size=384 epoch=74/200 p_hard=0.311 is_train=True
2025-09-10 11:32:11 | [HighPerfDataset] size=785 img_size=384 epoch=74/200 p_hard=0.000 is_train=False
2025-09-10 11:32:11 | [DATA] dataset sizes | train=785 valid=785
2025-09-10 11:32:11 | [HighPerfDataset] updated epoch=75, p_hard=0.312
2025-09-10 11:32:11 | [EPOCH 75] >>> TRAIN start | steps=13 mixup=True
2025-09-10 11:32:15 | [EPOCH 75][TRAIN step 1/13] loss=0.06881 lr=0.000097 bs=64
2025-09-10 11:32:58 | [EPOCH 75][TRAIN step 13/13] loss=0.00213 lr=0.000097 bs=17
2025-09-10 11:32:58 | [EPOCH 75] <<< TRAIN end | loss=0.23101
2025-09-10 11:32:58 | [EPOCH 75] >>> VALID start | steps=13
2025-09-10 11:33:07 | [EPOCH 75] <<< VALID end | loss=0.22843 macro_f1=0.94920
2025-09-10 11:33:07 | [DATA] build highperf loaders | img_size=384 bs=64
2025-09-10 11:33:07 | [DATA] augmentation: baseline-advanced (normal + hard augmentation)
2025-09-10 11:33:07 | [HighPerfDataset] size=785 img_size=384 epoch=75/200 p_hard=0.312 is_train=True
2025-09-10 11:33:07 | [HighPerfDataset] size=785 img_size=384 epoch=75/200 p_hard=0.000 is_train=False
2025-09-10 11:33:07 | [DATA] dataset sizes | train=785 valid=785
2025-09-10 11:33:07 | [HighPerfDataset] updated epoch=76, p_hard=0.314
2025-09-10 11:33:07 | [EPOCH 76] >>> TRAIN start | steps=13 mixup=True
2025-09-10 11:33:11 | [EPOCH 76][TRAIN step 1/13] loss=0.90533 lr=0.000096 bs=64
2025-09-10 11:33:50 | [EPOCH 76][TRAIN step 13/13] loss=0.95822 lr=0.000096 bs=17
2025-09-10 11:33:50 | [EPOCH 76] <<< TRAIN end | loss=0.47722
2025-09-10 11:33:50 | [EPOCH 76] >>> VALID start | steps=13
2025-09-10 11:34:01 | [EPOCH 76] <<< VALID end | loss=0.26962 macro_f1=0.93585
2025-09-10 11:34:01 | [DATA] build highperf loaders | img_size=384 bs=64
2025-09-10 11:34:01 | [DATA] augmentation: baseline-advanced (normal + hard augmentation)
2025-09-10 11:34:01 | [HighPerfDataset] size=785 img_size=384 epoch=76/200 p_hard=0.314 is_train=True
2025-09-10 11:34:01 | [HighPerfDataset] size=785 img_size=384 epoch=76/200 p_hard=0.000 is_train=False
2025-09-10 11:34:01 | [DATA] dataset sizes | train=785 valid=785
2025-09-10 11:34:01 | [HighPerfDataset] updated epoch=77, p_hard=0.316
2025-09-10 11:34:01 | [EPOCH 77] >>> TRAIN start | steps=13 mixup=True
2025-09-10 11:34:05 | [EPOCH 77][TRAIN step 1/13] loss=0.02488 lr=0.000095 bs=64
2025-09-10 11:34:45 | [EPOCH 77][TRAIN step 13/13] loss=0.61030 lr=0.000095 bs=17
2025-09-10 11:34:45 | [EPOCH 77] <<< TRAIN end | loss=0.18036
2025-09-10 11:34:45 | [EPOCH 77] >>> VALID start | steps=13
2025-09-10 11:34:55 | [EPOCH 77] <<< VALID end | loss=0.27936 macro_f1=0.93995
2025-09-10 11:34:55 | [DATA] build highperf loaders | img_size=384 bs=64
2025-09-10 11:34:55 | [DATA] augmentation: baseline-advanced (normal + hard augmentation)
2025-09-10 11:34:55 | [HighPerfDataset] size=785 img_size=384 epoch=77/200 p_hard=0.316 is_train=True
2025-09-10 11:34:55 | [HighPerfDataset] size=785 img_size=384 epoch=77/200 p_hard=0.000 is_train=False
2025-09-10 11:34:55 | [DATA] dataset sizes | train=785 valid=785
2025-09-10 11:34:55 | [HighPerfDataset] updated epoch=78, p_hard=0.317
2025-09-10 11:34:55 | [EPOCH 78] >>> TRAIN start | steps=13 mixup=True
2025-09-10 11:35:00 | [EPOCH 78][TRAIN step 1/13] loss=0.45488 lr=0.000094 bs=64
2025-09-10 11:35:42 | [EPOCH 78][TRAIN step 13/13] loss=0.01205 lr=0.000094 bs=17
2025-09-10 11:35:42 | [EPOCH 78] <<< TRAIN end | loss=0.22741
2025-09-10 11:35:42 | [EPOCH 78] >>> VALID start | steps=13
2025-09-10 11:35:52 | [EPOCH 78] <<< VALID end | loss=0.23591 macro_f1=0.94080
2025-09-10 11:35:52 | [DATA] build highperf loaders | img_size=384 bs=64
2025-09-10 11:35:52 | [DATA] augmentation: baseline-advanced (normal + hard augmentation)
2025-09-10 11:35:52 | [HighPerfDataset] size=785 img_size=384 epoch=78/200 p_hard=0.317 is_train=True
2025-09-10 11:35:52 | [HighPerfDataset] size=785 img_size=384 epoch=78/200 p_hard=0.000 is_train=False
2025-09-10 11:35:52 | [DATA] dataset sizes | train=785 valid=785
2025-09-10 11:35:52 | [HighPerfDataset] updated epoch=79, p_hard=0.319
2025-09-10 11:35:52 | [EPOCH 79] >>> TRAIN start | steps=13 mixup=True
2025-09-10 11:35:57 | [EPOCH 79][TRAIN step 1/13] loss=0.04536 lr=0.000093 bs=64
2025-09-10 11:36:38 | [EPOCH 79][TRAIN step 13/13] loss=0.00372 lr=0.000093 bs=17
2025-09-10 11:36:38 | [EPOCH 79] <<< TRAIN end | loss=0.46924
2025-09-10 11:36:38 | [EPOCH 79] >>> VALID start | steps=13
2025-09-10 11:36:48 | [EPOCH 79] <<< VALID end | loss=0.23901 macro_f1=0.94430
2025-09-10 11:36:48 | [DATA] build highperf loaders | img_size=384 bs=64
2025-09-10 11:36:48 | [DATA] augmentation: baseline-advanced (normal + hard augmentation)
2025-09-10 11:36:48 | [HighPerfDataset] size=785 img_size=384 epoch=79/200 p_hard=0.319 is_train=True
2025-09-10 11:36:48 | [HighPerfDataset] size=785 img_size=384 epoch=79/200 p_hard=0.000 is_train=False
2025-09-10 11:36:48 | [DATA] dataset sizes | train=785 valid=785
2025-09-10 11:36:48 | [HighPerfDataset] updated epoch=80, p_hard=0.320
2025-09-10 11:36:48 | [EPOCH 80] >>> TRAIN start | steps=13 mixup=True
2025-09-10 11:36:53 | [EPOCH 80][TRAIN step 1/13] loss=0.01978 lr=0.000092 bs=64
2025-09-10 11:37:31 | [EPOCH 80][TRAIN step 13/13] loss=0.00171 lr=0.000092 bs=17
2025-09-10 11:37:31 | [EPOCH 80] <<< TRAIN end | loss=0.16882
2025-09-10 11:37:31 | [EPOCH 80] >>> VALID start | steps=13
2025-09-10 11:37:41 | [EPOCH 80] <<< VALID end | loss=0.21141 macro_f1=0.94365
2025-09-10 11:37:41 | [DATA] build highperf loaders | img_size=384 bs=64
2025-09-10 11:37:41 | [DATA] augmentation: baseline-advanced (normal + hard augmentation)
2025-09-10 11:37:41 | [HighPerfDataset] size=785 img_size=384 epoch=80/200 p_hard=0.320 is_train=True
2025-09-10 11:37:41 | [HighPerfDataset] size=785 img_size=384 epoch=80/200 p_hard=0.000 is_train=False
2025-09-10 11:37:41 | [DATA] dataset sizes | train=785 valid=785
2025-09-10 11:37:41 | [HighPerfDataset] updated epoch=81, p_hard=0.322
2025-09-10 11:37:41 | [EPOCH 81] >>> TRAIN start | steps=13 mixup=True
2025-09-10 11:37:45 | [EPOCH 81][TRAIN step 1/13] loss=0.01861 lr=0.000091 bs=64
2025-09-10 11:38:22 | [EPOCH 81][TRAIN step 13/13] loss=0.43178 lr=0.000091 bs=17
2025-09-10 11:38:22 | [EPOCH 81] <<< TRAIN end | loss=0.20558
2025-09-10 11:38:22 | [EPOCH 81] >>> VALID start | steps=13
2025-09-10 11:38:31 | [EPOCH 81] <<< VALID end | loss=0.24951 macro_f1=0.94367
2025-09-10 11:38:31 | [DATA] build highperf loaders | img_size=384 bs=64
2025-09-10 11:38:31 | [DATA] augmentation: baseline-advanced (normal + hard augmentation)
2025-09-10 11:38:31 | [HighPerfDataset] size=785 img_size=384 epoch=81/200 p_hard=0.322 is_train=True
2025-09-10 11:38:31 | [HighPerfDataset] size=785 img_size=384 epoch=81/200 p_hard=0.000 is_train=False
2025-09-10 11:38:31 | [DATA] dataset sizes | train=785 valid=785
2025-09-10 11:38:31 | [HighPerfDataset] updated epoch=82, p_hard=0.323
2025-09-10 11:38:31 | [EPOCH 82] >>> TRAIN start | steps=13 mixup=True
2025-09-10 11:38:35 | [EPOCH 82][TRAIN step 1/13] loss=0.31072 lr=0.000090 bs=64
2025-09-10 11:39:13 | [EPOCH 82][TRAIN step 13/13] loss=0.00241 lr=0.000090 bs=17
2025-09-10 11:39:13 | [EPOCH 82] <<< TRAIN end | loss=0.25781
2025-09-10 11:39:13 | [EPOCH 82] >>> VALID start | steps=13
2025-09-10 11:39:23 | [EPOCH 82] <<< VALID end | loss=0.20037 macro_f1=0.94894
2025-09-10 11:39:23 | [DATA] build highperf loaders | img_size=384 bs=64
2025-09-10 11:39:23 | [DATA] augmentation: baseline-advanced (normal + hard augmentation)
2025-09-10 11:39:23 | [HighPerfDataset] size=785 img_size=384 epoch=82/200 p_hard=0.323 is_train=True
2025-09-10 11:39:23 | [HighPerfDataset] size=785 img_size=384 epoch=82/200 p_hard=0.000 is_train=False
2025-09-10 11:39:23 | [DATA] dataset sizes | train=785 valid=785
2025-09-10 11:39:23 | [HighPerfDataset] updated epoch=83, p_hard=0.325
2025-09-10 11:39:23 | [EPOCH 83] >>> TRAIN start | steps=13 mixup=True
2025-09-10 11:39:27 | [EPOCH 83][TRAIN step 1/13] loss=0.69224 lr=0.000089 bs=64
2025-09-10 11:40:10 | [EPOCH 83][TRAIN step 13/13] loss=0.88222 lr=0.000089 bs=17
2025-09-10 11:40:10 | [EPOCH 83] <<< TRAIN end | loss=0.35555
2025-09-10 11:40:10 | [EPOCH 83] >>> VALID start | steps=13
2025-09-10 11:40:21 | [EPOCH 83] <<< VALID end | loss=0.24869 macro_f1=0.93826
2025-09-10 11:40:21 | [DATA] build highperf loaders | img_size=384 bs=64
2025-09-10 11:40:21 | [DATA] augmentation: baseline-advanced (normal + hard augmentation)
2025-09-10 11:40:21 | [HighPerfDataset] size=785 img_size=384 epoch=83/200 p_hard=0.325 is_train=True
2025-09-10 11:40:21 | [HighPerfDataset] size=785 img_size=384 epoch=83/200 p_hard=0.000 is_train=False
2025-09-10 11:40:21 | [DATA] dataset sizes | train=785 valid=785
2025-09-10 11:40:21 | [HighPerfDataset] updated epoch=84, p_hard=0.326
2025-09-10 11:40:21 | [EPOCH 84] >>> TRAIN start | steps=13 mixup=True
2025-09-10 11:40:26 | [EPOCH 84][TRAIN step 1/13] loss=0.39709 lr=0.000087 bs=64
2025-09-10 11:41:07 | [EPOCH 84][TRAIN step 13/13] loss=0.42180 lr=0.000087 bs=17
2025-09-10 11:41:07 | [EPOCH 84] <<< TRAIN end | loss=0.35577
2025-09-10 11:41:07 | [EPOCH 84] >>> VALID start | steps=13
2025-09-10 11:41:18 | [EPOCH 84] <<< VALID end | loss=0.18529 macro_f1=0.95102
2025-09-10 11:41:18 | [DATA] build highperf loaders | img_size=384 bs=64
2025-09-10 11:41:18 | [DATA] augmentation: baseline-advanced (normal + hard augmentation)
2025-09-10 11:41:18 | [HighPerfDataset] size=785 img_size=384 epoch=84/200 p_hard=0.326 is_train=True
2025-09-10 11:41:18 | [HighPerfDataset] size=785 img_size=384 epoch=84/200 p_hard=0.000 is_train=False
2025-09-10 11:41:18 | [DATA] dataset sizes | train=785 valid=785
2025-09-10 11:41:18 | [HighPerfDataset] updated epoch=85, p_hard=0.328
2025-09-10 11:41:18 | [EPOCH 85] >>> TRAIN start | steps=13 mixup=True
2025-09-10 11:41:22 | [EPOCH 85][TRAIN step 1/13] loss=0.04786 lr=0.000086 bs=64
2025-09-10 11:42:03 | [EPOCH 85][TRAIN step 13/13] loss=0.14526 lr=0.000086 bs=17
2025-09-10 11:42:03 | [EPOCH 85] <<< TRAIN end | loss=0.37422
2025-09-10 11:42:03 | [EPOCH 85] >>> VALID start | steps=13
2025-09-10 11:42:14 | [EPOCH 85] <<< VALID end | loss=0.22073 macro_f1=0.94685
2025-09-10 11:42:14 | [DATA] build highperf loaders | img_size=384 bs=64
2025-09-10 11:42:14 | [DATA] augmentation: baseline-advanced (normal + hard augmentation)
2025-09-10 11:42:14 | [HighPerfDataset] size=785 img_size=384 epoch=85/200 p_hard=0.328 is_train=True
2025-09-10 11:42:14 | [HighPerfDataset] size=785 img_size=384 epoch=85/200 p_hard=0.000 is_train=False
2025-09-10 11:42:14 | [DATA] dataset sizes | train=785 valid=785
2025-09-10 11:42:14 | [HighPerfDataset] updated epoch=86, p_hard=0.329
2025-09-10 11:42:14 | [EPOCH 86] >>> TRAIN start | steps=13 mixup=True
2025-09-10 11:42:18 | [EPOCH 86][TRAIN step 1/13] loss=0.04245 lr=0.000085 bs=64
2025-09-10 11:42:58 | [EPOCH 86][TRAIN step 13/13] loss=0.00154 lr=0.000085 bs=17
2025-09-10 11:42:58 | [EPOCH 86] <<< TRAIN end | loss=0.59094
2025-09-10 11:42:58 | [EPOCH 86] >>> VALID start | steps=13
2025-09-10 11:43:08 | [EPOCH 86] <<< VALID end | loss=0.24624 macro_f1=0.93656
2025-09-10 11:43:08 | [DATA] build highperf loaders | img_size=384 bs=64
2025-09-10 11:43:08 | [DATA] augmentation: baseline-advanced (normal + hard augmentation)
2025-09-10 11:43:08 | [HighPerfDataset] size=785 img_size=384 epoch=86/200 p_hard=0.329 is_train=True
2025-09-10 11:43:08 | [HighPerfDataset] size=785 img_size=384 epoch=86/200 p_hard=0.000 is_train=False
2025-09-10 11:43:08 | [DATA] dataset sizes | train=785 valid=785
2025-09-10 11:43:08 | [HighPerfDataset] updated epoch=87, p_hard=0.331
2025-09-10 11:43:08 | [EPOCH 87] >>> TRAIN start | steps=13 mixup=True
2025-09-10 11:43:12 | [EPOCH 87][TRAIN step 1/13] loss=0.00332 lr=0.000084 bs=64
2025-09-10 11:43:53 | [EPOCH 87][TRAIN step 13/13] loss=0.48703 lr=0.000084 bs=17
2025-09-10 11:43:53 | [EPOCH 87] <<< TRAIN end | loss=0.21899
2025-09-10 11:43:53 | [EPOCH 87] >>> VALID start | steps=13
2025-09-10 11:44:04 | [EPOCH 87] <<< VALID end | loss=0.22253 macro_f1=0.94873
2025-09-10 11:44:04 | [DATA] build highperf loaders | img_size=384 bs=64
2025-09-10 11:44:04 | [DATA] augmentation: baseline-advanced (normal + hard augmentation)
2025-09-10 11:44:04 | [HighPerfDataset] size=785 img_size=384 epoch=87/200 p_hard=0.331 is_train=True
2025-09-10 11:44:04 | [HighPerfDataset] size=785 img_size=384 epoch=87/200 p_hard=0.000 is_train=False
2025-09-10 11:44:04 | [DATA] dataset sizes | train=785 valid=785
2025-09-10 11:44:04 | [HighPerfDataset] updated epoch=88, p_hard=0.332
2025-09-10 11:44:04 | [EPOCH 88] >>> TRAIN start | steps=13 mixup=True
2025-09-10 11:44:09 | [EPOCH 88][TRAIN step 1/13] loss=0.15849 lr=0.000083 bs=64
2025-09-10 11:44:52 | [EPOCH 88][TRAIN step 13/13] loss=0.82923 lr=0.000083 bs=17
2025-09-10 11:44:52 | [EPOCH 88] <<< TRAIN end | loss=0.36175
2025-09-10 11:44:52 | [EPOCH 88] >>> VALID start | steps=13
2025-09-10 11:45:03 | [EPOCH 88] <<< VALID end | loss=0.25996 macro_f1=0.93602
2025-09-10 11:45:03 | [DATA] build highperf loaders | img_size=384 bs=64
2025-09-10 11:45:03 | [DATA] augmentation: baseline-advanced (normal + hard augmentation)
2025-09-10 11:45:03 | [HighPerfDataset] size=785 img_size=384 epoch=88/200 p_hard=0.332 is_train=True
2025-09-10 11:45:03 | [HighPerfDataset] size=785 img_size=384 epoch=88/200 p_hard=0.000 is_train=False
2025-09-10 11:45:03 | [DATA] dataset sizes | train=785 valid=785
2025-09-10 11:45:03 | [HighPerfDataset] updated epoch=89, p_hard=0.334
2025-09-10 11:45:03 | [EPOCH 89] >>> TRAIN start | steps=13 mixup=True
2025-09-10 11:45:08 | [EPOCH 89][TRAIN step 1/13] loss=0.19780 lr=0.000082 bs=64
2025-09-10 11:45:47 | [SHUTDOWN] Training pipeline ended
