2025-09-10 00:29:42 | [BOOT] high-performance training pipeline started
2025-09-10 00:29:42 | [BOOT] device=cuda
2025-09-10 00:29:42 | [DATA] loaded train data | shape=(1570, 2)
2025-09-10 00:29:42 | ==================================================
2025-09-10 00:29:42 | FOLD 1/5 START
2025-09-10 00:29:42 | ==================================================
2025-09-10 00:29:42 | [FOLD 0] train=1256 valid=314
2025-09-10 00:34:52 | [SINGLE-MODEL] All folds using model: convnext_base_384_in22ft1k
2025-09-10 00:34:52 | [DATA] build highperf loaders | img_size=384 bs=64
2025-09-10 00:34:52 | [DATA] augmentation: baseline-advanced (normal + hard augmentation)
2025-09-10 00:34:52 | [HighPerfDataset] size=1256 img_size=384 epoch=0/25 p_hard=0.200 is_train=True
2025-09-10 00:34:52 | [HighPerfDataset] size=314 img_size=384 epoch=0/25 p_hard=0.000 is_train=False
2025-09-10 00:34:52 | [DATA] dataset sizes | train=1256 valid=314
2025-09-10 00:34:52 | [HighPerfDataset] updated epoch=1, p_hard=0.212
2025-09-10 00:34:52 | [EPOCH 1] >>> TRAIN start | steps=20 mixup=True
2025-09-10 00:35:34 | [EPOCH 1][TRAIN step 1/20] loss=3.04932 lr=0.000238 bs=64
2025-09-10 00:43:51 | [EPOCH 1][TRAIN step 20/20] loss=1.91936 lr=0.000238 bs=40
2025-09-10 00:43:51 | [EPOCH 1] <<< TRAIN end | loss=2.03241
2025-09-10 00:43:51 | [EPOCH 1] >>> VALID start | steps=5
2025-09-10 00:45:13 | [EPOCH 1] <<< VALID end | loss=0.67166 macro_f1=0.67864
2025-09-10 00:45:17 | [FOLD 0] NEW BEST F1: 0.67864 (epoch 1)
2025-09-10 00:45:17 | [DATA] build highperf loaders | img_size=384 bs=64
2025-09-10 00:45:17 | [DATA] augmentation: baseline-advanced (normal + hard augmentation)
2025-09-10 00:45:17 | [HighPerfDataset] size=1256 img_size=384 epoch=1/25 p_hard=0.212 is_train=True
2025-09-10 00:45:17 | [HighPerfDataset] size=314 img_size=384 epoch=1/25 p_hard=0.000 is_train=False
2025-09-10 00:45:17 | [DATA] dataset sizes | train=1256 valid=314
2025-09-10 00:45:17 | [HighPerfDataset] updated epoch=2, p_hard=0.224
2025-09-10 00:45:17 | [EPOCH 2] >>> TRAIN start | steps=20 mixup=True
2025-09-10 00:45:46 | [EPOCH 2][TRAIN step 1/20] loss=0.96187 lr=0.000237 bs=64
2025-09-10 00:53:54 | [EPOCH 2][TRAIN step 20/20] loss=1.71138 lr=0.000237 bs=40
2025-09-10 00:53:54 | [EPOCH 2] <<< TRAIN end | loss=1.06849
2025-09-10 00:53:54 | [EPOCH 2] >>> VALID start | steps=5
2025-09-10 00:55:15 | [EPOCH 2] <<< VALID end | loss=0.32624 macro_f1=0.84650
2025-09-10 00:55:18 | [FOLD 0] NEW BEST F1: 0.84650 (epoch 2)
2025-09-10 00:55:18 | [DATA] build highperf loaders | img_size=384 bs=64
2025-09-10 00:55:18 | [DATA] augmentation: baseline-advanced (normal + hard augmentation)
2025-09-10 00:55:18 | [HighPerfDataset] size=1256 img_size=384 epoch=2/25 p_hard=0.224 is_train=True
2025-09-10 00:55:18 | [HighPerfDataset] size=314 img_size=384 epoch=2/25 p_hard=0.000 is_train=False
2025-09-10 00:55:18 | [DATA] dataset sizes | train=1256 valid=314
2025-09-10 00:55:18 | [HighPerfDataset] updated epoch=3, p_hard=0.236
2025-09-10 00:55:18 | [EPOCH 3] >>> TRAIN start | steps=20 mixup=True
2025-09-10 00:55:46 | [EPOCH 3][TRAIN step 1/20] loss=0.47209 lr=0.000234 bs=64
2025-09-10 01:03:53 | [EPOCH 3][TRAIN step 20/20] loss=0.43999 lr=0.000234 bs=40
2025-09-10 01:03:53 | [EPOCH 3] <<< TRAIN end | loss=0.89667
2025-09-10 01:03:53 | [EPOCH 3] >>> VALID start | steps=5
2025-09-10 01:05:16 | [EPOCH 3] <<< VALID end | loss=0.30821 macro_f1=0.87120
2025-09-10 01:05:18 | [FOLD 0] NEW BEST F1: 0.87120 (epoch 3)
2025-09-10 01:05:18 | [DATA] build highperf loaders | img_size=384 bs=64
2025-09-10 01:05:18 | [DATA] augmentation: baseline-advanced (normal + hard augmentation)
2025-09-10 01:05:18 | [HighPerfDataset] size=1256 img_size=384 epoch=3/25 p_hard=0.236 is_train=True
2025-09-10 01:05:18 | [HighPerfDataset] size=314 img_size=384 epoch=3/25 p_hard=0.000 is_train=False
2025-09-10 01:05:18 | [DATA] dataset sizes | train=1256 valid=314
2025-09-10 01:05:18 | [HighPerfDataset] updated epoch=4, p_hard=0.248
2025-09-10 01:05:18 | [EPOCH 4] >>> TRAIN start | steps=20 mixup=True
2025-09-10 01:05:46 | [EPOCH 4][TRAIN step 1/20] loss=1.69878 lr=0.000229 bs=64
2025-09-10 01:13:53 | [EPOCH 4][TRAIN step 20/20] loss=0.35114 lr=0.000229 bs=40
2025-09-10 01:13:53 | [EPOCH 4] <<< TRAIN end | loss=0.85235
2025-09-10 01:13:53 | [EPOCH 4] >>> VALID start | steps=5
2025-09-10 01:15:14 | [EPOCH 4] <<< VALID end | loss=0.18406 macro_f1=0.92921
2025-09-10 01:15:16 | [FOLD 0] NEW BEST F1: 0.92921 (epoch 4)
2025-09-10 01:15:16 | [DATA] build highperf loaders | img_size=384 bs=64
2025-09-10 01:15:16 | [DATA] augmentation: baseline-advanced (normal + hard augmentation)
2025-09-10 01:15:16 | [HighPerfDataset] size=1256 img_size=384 epoch=4/25 p_hard=0.248 is_train=True
2025-09-10 01:15:16 | [HighPerfDataset] size=314 img_size=384 epoch=4/25 p_hard=0.000 is_train=False
2025-09-10 01:15:16 | [DATA] dataset sizes | train=1256 valid=314
2025-09-10 01:15:16 | [HighPerfDataset] updated epoch=5, p_hard=0.260
2025-09-10 01:15:16 | [EPOCH 5] >>> TRAIN start | steps=20 mixup=True
2025-09-10 01:15:44 | [EPOCH 5][TRAIN step 1/20] loss=1.31015 lr=0.000223 bs=64
2025-09-10 01:23:53 | [EPOCH 5][TRAIN step 20/20] loss=1.15667 lr=0.000223 bs=40
2025-09-10 01:23:53 | [EPOCH 5] <<< TRAIN end | loss=0.83993
2025-09-10 01:23:53 | [EPOCH 5] >>> VALID start | steps=5
2025-09-10 01:25:13 | [EPOCH 5] <<< VALID end | loss=0.18778 macro_f1=0.90784
2025-09-10 01:25:13 | [DATA] build highperf loaders | img_size=384 bs=64
2025-09-10 01:25:13 | [DATA] augmentation: baseline-advanced (normal + hard augmentation)
2025-09-10 01:25:13 | [HighPerfDataset] size=1256 img_size=384 epoch=5/25 p_hard=0.260 is_train=True
2025-09-10 01:25:13 | [HighPerfDataset] size=314 img_size=384 epoch=5/25 p_hard=0.000 is_train=False
2025-09-10 01:25:13 | [DATA] dataset sizes | train=1256 valid=314
2025-09-10 01:25:13 | [HighPerfDataset] updated epoch=6, p_hard=0.272
2025-09-10 01:25:13 | [EPOCH 6] >>> TRAIN start | steps=20 mixup=True
2025-09-10 01:25:42 | [EPOCH 6][TRAIN step 1/20] loss=1.55590 lr=0.000215 bs=64
2025-09-10 01:33:46 | [EPOCH 6][TRAIN step 20/20] loss=1.29769 lr=0.000215 bs=40
2025-09-10 01:33:46 | [EPOCH 6] <<< TRAIN end | loss=0.63628
2025-09-10 01:33:46 | [EPOCH 6] >>> VALID start | steps=5
2025-09-10 01:35:07 | [EPOCH 6] <<< VALID end | loss=0.19875 macro_f1=0.91016
2025-09-10 01:35:07 | [DATA] build highperf loaders | img_size=384 bs=64
2025-09-10 01:35:07 | [DATA] augmentation: baseline-advanced (normal + hard augmentation)
2025-09-10 01:35:07 | [HighPerfDataset] size=1256 img_size=384 epoch=6/25 p_hard=0.272 is_train=True
2025-09-10 01:35:07 | [HighPerfDataset] size=314 img_size=384 epoch=6/25 p_hard=0.000 is_train=False
2025-09-10 01:35:07 | [DATA] dataset sizes | train=1256 valid=314
2025-09-10 01:35:07 | [HighPerfDataset] updated epoch=7, p_hard=0.284
2025-09-10 01:35:07 | [EPOCH 7] >>> TRAIN start | steps=20 mixup=True
2025-09-10 01:35:35 | [EPOCH 7][TRAIN step 1/20] loss=0.06544 lr=0.000205 bs=64
2025-09-10 01:43:40 | [EPOCH 7][TRAIN step 20/20] loss=1.27481 lr=0.000205 bs=40
2025-09-10 01:43:40 | [EPOCH 7] <<< TRAIN end | loss=0.71214
2025-09-10 01:43:40 | [EPOCH 7] >>> VALID start | steps=5
2025-09-10 01:45:02 | [EPOCH 7] <<< VALID end | loss=0.20081 macro_f1=0.93253
2025-09-10 01:45:04 | [FOLD 0] NEW BEST F1: 0.93253 (epoch 7)
2025-09-10 01:45:04 | [DATA] build highperf loaders | img_size=384 bs=64
2025-09-10 01:45:04 | [DATA] augmentation: baseline-advanced (normal + hard augmentation)
2025-09-10 01:45:04 | [HighPerfDataset] size=1256 img_size=384 epoch=7/25 p_hard=0.284 is_train=True
2025-09-10 01:45:04 | [HighPerfDataset] size=314 img_size=384 epoch=7/25 p_hard=0.000 is_train=False
2025-09-10 01:45:04 | [DATA] dataset sizes | train=1256 valid=314
2025-09-10 01:45:04 | [HighPerfDataset] updated epoch=8, p_hard=0.296
2025-09-10 01:45:04 | [EPOCH 8] >>> TRAIN start | steps=20 mixup=True
2025-09-10 01:45:33 | [EPOCH 8][TRAIN step 1/20] loss=0.16489 lr=0.000195 bs=64
2025-09-10 01:53:48 | [EPOCH 8][TRAIN step 20/20] loss=0.16874 lr=0.000195 bs=40
2025-09-10 01:53:48 | [EPOCH 8] <<< TRAIN end | loss=0.56426
2025-09-10 01:53:48 | [EPOCH 8] >>> VALID start | steps=5
2025-09-10 01:55:13 | [EPOCH 8] <<< VALID end | loss=0.23795 macro_f1=0.88298
2025-09-10 01:55:13 | [DATA] build highperf loaders | img_size=384 bs=64
2025-09-10 01:55:13 | [DATA] augmentation: baseline-advanced (normal + hard augmentation)
2025-09-10 01:55:13 | [HighPerfDataset] size=1256 img_size=384 epoch=8/25 p_hard=0.296 is_train=True
2025-09-10 01:55:13 | [HighPerfDataset] size=314 img_size=384 epoch=8/25 p_hard=0.000 is_train=False
2025-09-10 01:55:13 | [DATA] dataset sizes | train=1256 valid=314
2025-09-10 01:55:13 | [HighPerfDataset] updated epoch=9, p_hard=0.308
2025-09-10 01:55:13 | [EPOCH 9] >>> TRAIN start | steps=20 mixup=True
2025-09-10 01:55:42 | [EPOCH 9][TRAIN step 1/20] loss=0.28723 lr=0.000182 bs=64
2025-09-10 02:03:47 | [EPOCH 9][TRAIN step 20/20] loss=1.14532 lr=0.000182 bs=40
2025-09-10 02:03:47 | [EPOCH 9] <<< TRAIN end | loss=0.72300
2025-09-10 02:03:47 | [EPOCH 9] >>> VALID start | steps=5
2025-09-10 02:05:07 | [EPOCH 9] <<< VALID end | loss=0.20381 macro_f1=0.93550
2025-09-10 02:05:09 | [FOLD 0] NEW BEST F1: 0.93550 (epoch 9)
2025-09-10 02:05:09 | [DATA] build highperf loaders | img_size=384 bs=64
2025-09-10 02:05:09 | [DATA] augmentation: baseline-advanced (normal + hard augmentation)
2025-09-10 02:05:09 | [HighPerfDataset] size=1256 img_size=384 epoch=9/25 p_hard=0.308 is_train=True
2025-09-10 02:05:09 | [HighPerfDataset] size=314 img_size=384 epoch=9/25 p_hard=0.000 is_train=False
2025-09-10 02:05:09 | [DATA] dataset sizes | train=1256 valid=314
2025-09-10 02:05:09 | [HighPerfDataset] updated epoch=10, p_hard=0.320
2025-09-10 02:05:09 | [EPOCH 10] >>> TRAIN start | steps=20 mixup=True
2025-09-10 02:05:38 | [EPOCH 10][TRAIN step 1/20] loss=1.41775 lr=0.000169 bs=64
2025-09-10 02:13:41 | [EPOCH 10][TRAIN step 20/20] loss=0.10695 lr=0.000169 bs=40
2025-09-10 02:13:41 | [EPOCH 10] <<< TRAIN end | loss=0.49074
2025-09-10 02:13:41 | [EPOCH 10] >>> VALID start | steps=5
2025-09-10 02:15:03 | [EPOCH 10] <<< VALID end | loss=0.19292 macro_f1=0.92900
2025-09-10 02:15:03 | [DATA] build highperf loaders | img_size=384 bs=64
2025-09-10 02:15:03 | [DATA] augmentation: baseline-advanced (normal + hard augmentation)
2025-09-10 02:15:03 | [HighPerfDataset] size=1256 img_size=384 epoch=10/25 p_hard=0.320 is_train=True
2025-09-10 02:15:03 | [HighPerfDataset] size=314 img_size=384 epoch=10/25 p_hard=0.000 is_train=False
2025-09-10 02:15:03 | [DATA] dataset sizes | train=1256 valid=314
2025-09-10 02:15:03 | [HighPerfDataset] updated epoch=11, p_hard=0.332
2025-09-10 02:15:03 | [EPOCH 11] >>> TRAIN start | steps=20 mixup=True
2025-09-10 02:15:32 | [EPOCH 11][TRAIN step 1/20] loss=0.57865 lr=0.000155 bs=64
2025-09-10 02:23:40 | [EPOCH 11][TRAIN step 20/20] loss=0.91267 lr=0.000155 bs=40
2025-09-10 02:23:40 | [EPOCH 11] <<< TRAIN end | loss=0.49502
2025-09-10 02:23:40 | [EPOCH 11] >>> VALID start | steps=5
2025-09-10 02:25:01 | [EPOCH 11] <<< VALID end | loss=0.15504 macro_f1=0.94133
2025-09-10 02:25:03 | [FOLD 0] NEW BEST F1: 0.94133 (epoch 11)
2025-09-10 02:25:03 | [DATA] build highperf loaders | img_size=384 bs=64
2025-09-10 02:25:03 | [DATA] augmentation: baseline-advanced (normal + hard augmentation)
2025-09-10 02:25:03 | [HighPerfDataset] size=1256 img_size=384 epoch=11/25 p_hard=0.332 is_train=True
2025-09-10 02:25:03 | [HighPerfDataset] size=314 img_size=384 epoch=11/25 p_hard=0.000 is_train=False
2025-09-10 02:25:03 | [DATA] dataset sizes | train=1256 valid=314
2025-09-10 02:25:03 | [HighPerfDataset] updated epoch=12, p_hard=0.344
2025-09-10 02:25:03 | [EPOCH 12] >>> TRAIN start | steps=20 mixup=True
2025-09-10 02:25:32 | [EPOCH 12][TRAIN step 1/20] loss=1.13354 lr=0.000141 bs=64
2025-09-10 02:33:42 | [EPOCH 12][TRAIN step 20/20] loss=1.12947 lr=0.000141 bs=40
2025-09-10 02:33:42 | [EPOCH 12] <<< TRAIN end | loss=0.62569
2025-09-10 02:33:42 | [EPOCH 12] >>> VALID start | steps=5
2025-09-10 02:35:04 | [EPOCH 12] <<< VALID end | loss=0.16062 macro_f1=0.93777
2025-09-10 02:35:04 | [DATA] build highperf loaders | img_size=384 bs=64
2025-09-10 02:35:04 | [DATA] augmentation: baseline-advanced (normal + hard augmentation)
2025-09-10 02:35:04 | [HighPerfDataset] size=1256 img_size=384 epoch=12/25 p_hard=0.344 is_train=True
2025-09-10 02:35:04 | [HighPerfDataset] size=314 img_size=384 epoch=12/25 p_hard=0.000 is_train=False
2025-09-10 02:35:04 | [DATA] dataset sizes | train=1256 valid=314
2025-09-10 02:35:04 | [HighPerfDataset] updated epoch=13, p_hard=0.356
2025-09-10 02:35:04 | [EPOCH 13] >>> TRAIN start | steps=20 mixup=True
2025-09-10 02:35:33 | [EPOCH 13][TRAIN step 1/20] loss=0.07995 lr=0.000126 bs=64
2025-09-10 02:43:44 | [EPOCH 13][TRAIN step 20/20] loss=1.15334 lr=0.000126 bs=40
2025-09-10 02:43:44 | [EPOCH 13] <<< TRAIN end | loss=0.63248
2025-09-10 02:43:44 | [EPOCH 13] >>> VALID start | steps=5
2025-09-10 02:45:06 | [EPOCH 13] <<< VALID end | loss=0.17055 macro_f1=0.93393
2025-09-10 02:45:06 | [DATA] build highperf loaders | img_size=384 bs=64
2025-09-10 02:45:06 | [DATA] augmentation: baseline-advanced (normal + hard augmentation)
2025-09-10 02:45:06 | [HighPerfDataset] size=1256 img_size=384 epoch=13/25 p_hard=0.356 is_train=True
2025-09-10 02:45:06 | [HighPerfDataset] size=314 img_size=384 epoch=13/25 p_hard=0.000 is_train=False
2025-09-10 02:45:06 | [DATA] dataset sizes | train=1256 valid=314
2025-09-10 02:45:06 | [HighPerfDataset] updated epoch=14, p_hard=0.368
2025-09-10 02:45:06 | [EPOCH 14] >>> TRAIN start | steps=20 mixup=True
2025-09-10 02:45:34 | [EPOCH 14][TRAIN step 1/20] loss=0.09360 lr=0.000111 bs=64
2025-09-10 02:53:45 | [EPOCH 14][TRAIN step 20/20] loss=0.19200 lr=0.000111 bs=40
2025-09-10 02:53:45 | [EPOCH 14] <<< TRAIN end | loss=0.60925
2025-09-10 02:53:45 | [EPOCH 14] >>> VALID start | steps=5
2025-09-10 02:55:08 | [EPOCH 14] <<< VALID end | loss=0.16685 macro_f1=0.92987
2025-09-10 02:55:08 | [DATA] build highperf loaders | img_size=384 bs=64
2025-09-10 02:55:08 | [DATA] augmentation: baseline-advanced (normal + hard augmentation)
2025-09-10 02:55:08 | [HighPerfDataset] size=1256 img_size=384 epoch=14/25 p_hard=0.368 is_train=True
2025-09-10 02:55:08 | [HighPerfDataset] size=314 img_size=384 epoch=14/25 p_hard=0.000 is_train=False
2025-09-10 02:55:08 | [DATA] dataset sizes | train=1256 valid=314
2025-09-10 02:55:08 | [HighPerfDataset] updated epoch=15, p_hard=0.380
2025-09-10 02:55:08 | [EPOCH 15] >>> TRAIN start | steps=20 mixup=True
2025-09-10 02:55:37 | [EPOCH 15][TRAIN step 1/20] loss=1.31703 lr=0.000097 bs=64
2025-09-10 03:03:48 | [EPOCH 15][TRAIN step 20/20] loss=1.23829 lr=0.000097 bs=40
2025-09-10 03:03:48 | [EPOCH 15] <<< TRAIN end | loss=0.46903
2025-09-10 03:03:48 | [EPOCH 15] >>> VALID start | steps=5
2025-09-10 03:05:10 | [EPOCH 15] <<< VALID end | loss=0.14210 macro_f1=0.95118
2025-09-10 03:05:12 | [FOLD 0] NEW BEST F1: 0.95118 (epoch 15)
2025-09-10 03:05:12 | [DATA] build highperf loaders | img_size=384 bs=64
2025-09-10 03:05:12 | [DATA] augmentation: baseline-advanced (normal + hard augmentation)
2025-09-10 03:05:12 | [HighPerfDataset] size=1256 img_size=384 epoch=15/25 p_hard=0.380 is_train=True
2025-09-10 03:05:12 | [HighPerfDataset] size=314 img_size=384 epoch=15/25 p_hard=0.000 is_train=False
2025-09-10 03:05:12 | [DATA] dataset sizes | train=1256 valid=314
2025-09-10 03:05:12 | [HighPerfDataset] updated epoch=16, p_hard=0.392
2025-09-10 03:05:12 | [EPOCH 16] >>> TRAIN start | steps=20 mixup=True
2025-09-10 03:05:41 | [EPOCH 16][TRAIN step 1/20] loss=1.08382 lr=0.000082 bs=64
2025-09-10 03:13:50 | [EPOCH 16][TRAIN step 20/20] loss=0.02190 lr=0.000082 bs=40
2025-09-10 03:13:50 | [EPOCH 16] <<< TRAIN end | loss=0.43101
2025-09-10 03:13:50 | [EPOCH 16] >>> VALID start | steps=5
2025-09-10 03:15:13 | [EPOCH 16] <<< VALID end | loss=0.17481 macro_f1=0.93981
2025-09-10 03:15:13 | [DATA] build highperf loaders | img_size=384 bs=64
2025-09-10 03:15:13 | [DATA] augmentation: baseline-advanced (normal + hard augmentation)
2025-09-10 03:15:13 | [HighPerfDataset] size=1256 img_size=384 epoch=16/25 p_hard=0.392 is_train=True
2025-09-10 03:15:13 | [HighPerfDataset] size=314 img_size=384 epoch=16/25 p_hard=0.000 is_train=False
2025-09-10 03:15:13 | [DATA] dataset sizes | train=1256 valid=314
2025-09-10 03:15:13 | [HighPerfDataset] updated epoch=17, p_hard=0.404
2025-09-10 03:15:13 | [EPOCH 17] >>> TRAIN start | steps=20 mixup=True
2025-09-10 03:15:41 | [EPOCH 17][TRAIN step 1/20] loss=1.13353 lr=0.000068 bs=64
2025-09-10 03:23:55 | [EPOCH 17][TRAIN step 20/20] loss=0.01889 lr=0.000068 bs=40
2025-09-10 03:23:55 | [EPOCH 17] <<< TRAIN end | loss=0.52399
2025-09-10 03:23:55 | [EPOCH 17] >>> VALID start | steps=5
2025-09-10 03:25:19 | [EPOCH 17] <<< VALID end | loss=0.15433 macro_f1=0.94362
2025-09-10 03:25:19 | [DATA] build highperf loaders | img_size=384 bs=64
2025-09-10 03:25:19 | [DATA] augmentation: baseline-advanced (normal + hard augmentation)
2025-09-10 03:25:19 | [HighPerfDataset] size=1256 img_size=384 epoch=17/25 p_hard=0.404 is_train=True
2025-09-10 03:25:19 | [HighPerfDataset] size=314 img_size=384 epoch=17/25 p_hard=0.000 is_train=False
2025-09-10 03:25:19 | [DATA] dataset sizes | train=1256 valid=314
2025-09-10 03:25:19 | [HighPerfDataset] updated epoch=18, p_hard=0.416
2025-09-10 03:25:19 | [EPOCH 18] >>> TRAIN start | steps=20 mixup=True
2025-09-10 03:25:48 | [EPOCH 18][TRAIN step 1/20] loss=0.76557 lr=0.000055 bs=64
2025-09-10 03:34:03 | [EPOCH 18][TRAIN step 20/20] loss=0.07656 lr=0.000055 bs=40
2025-09-10 03:34:03 | [EPOCH 18] <<< TRAIN end | loss=0.57330
2025-09-10 03:34:03 | [EPOCH 18] >>> VALID start | steps=5
2025-09-10 03:35:28 | [EPOCH 18] <<< VALID end | loss=0.15571 macro_f1=0.94183
2025-09-10 03:35:28 | [DATA] build highperf loaders | img_size=384 bs=64
2025-09-10 03:35:28 | [DATA] augmentation: baseline-advanced (normal + hard augmentation)
2025-09-10 03:35:28 | [HighPerfDataset] size=1256 img_size=384 epoch=18/25 p_hard=0.416 is_train=True
2025-09-10 03:35:28 | [HighPerfDataset] size=314 img_size=384 epoch=18/25 p_hard=0.000 is_train=False
2025-09-10 03:35:28 | [DATA] dataset sizes | train=1256 valid=314
2025-09-10 03:35:28 | [HighPerfDataset] updated epoch=19, p_hard=0.428
2025-09-10 03:35:28 | [EPOCH 19] >>> TRAIN start | steps=20 mixup=True
2025-09-10 03:35:56 | [EPOCH 19][TRAIN step 1/20] loss=0.26017 lr=0.000043 bs=64
2025-09-10 03:44:12 | [EPOCH 19][TRAIN step 20/20] loss=0.49922 lr=0.000043 bs=40
2025-09-10 03:44:12 | [EPOCH 19] <<< TRAIN end | loss=0.42213
2025-09-10 03:44:12 | [EPOCH 19] >>> VALID start | steps=5
2025-09-10 03:45:37 | [EPOCH 19] <<< VALID end | loss=0.14944 macro_f1=0.93838
2025-09-10 03:45:37 | [DATA] build highperf loaders | img_size=384 bs=64
2025-09-10 03:45:37 | [DATA] augmentation: baseline-advanced (normal + hard augmentation)
2025-09-10 03:45:37 | [HighPerfDataset] size=1256 img_size=384 epoch=19/25 p_hard=0.428 is_train=True
2025-09-10 03:45:37 | [HighPerfDataset] size=314 img_size=384 epoch=19/25 p_hard=0.000 is_train=False
2025-09-10 03:45:37 | [DATA] dataset sizes | train=1256 valid=314
2025-09-10 03:45:37 | [HighPerfDataset] updated epoch=20, p_hard=0.440
2025-09-10 03:45:37 | [EPOCH 20] >>> TRAIN start | steps=20 mixup=True
2025-09-10 03:46:07 | [EPOCH 20][TRAIN step 1/20] loss=0.03542 lr=0.000032 bs=64
2025-09-10 03:54:19 | [EPOCH 20][TRAIN step 20/20] loss=0.51945 lr=0.000032 bs=40
2025-09-10 03:54:19 | [EPOCH 20] <<< TRAIN end | loss=0.39177
2025-09-10 03:54:19 | [EPOCH 20] >>> VALID start | steps=5
2025-09-10 03:55:41 | [EPOCH 20] <<< VALID end | loss=0.15529 macro_f1=0.94427
2025-09-10 03:55:41 | [DATA] build highperf loaders | img_size=384 bs=64
2025-09-10 03:55:41 | [DATA] augmentation: baseline-advanced (normal + hard augmentation)
2025-09-10 03:55:41 | [HighPerfDataset] size=1256 img_size=384 epoch=20/25 p_hard=0.440 is_train=True
2025-09-10 03:55:41 | [HighPerfDataset] size=314 img_size=384 epoch=20/25 p_hard=0.000 is_train=False
2025-09-10 03:55:41 | [DATA] dataset sizes | train=1256 valid=314
2025-09-10 03:55:41 | [HighPerfDataset] updated epoch=21, p_hard=0.452
2025-09-10 03:55:41 | [EPOCH 21] >>> TRAIN start | steps=20 mixup=True
2025-09-10 03:56:10 | [EPOCH 21][TRAIN step 1/20] loss=0.05184 lr=0.000023 bs=64
2025-09-10 04:04:23 | [EPOCH 21][TRAIN step 20/20] loss=0.14579 lr=0.000023 bs=40
2025-09-10 04:04:23 | [EPOCH 21] <<< TRAIN end | loss=0.46127
2025-09-10 04:04:23 | [EPOCH 21] >>> VALID start | steps=5
2025-09-10 04:05:46 | [EPOCH 21] <<< VALID end | loss=0.16317 macro_f1=0.93538
2025-09-10 04:05:46 | [DATA] build highperf loaders | img_size=384 bs=64
2025-09-10 04:05:46 | [DATA] augmentation: baseline-advanced (normal + hard augmentation)
2025-09-10 04:05:46 | [HighPerfDataset] size=1256 img_size=384 epoch=21/25 p_hard=0.452 is_train=True
2025-09-10 04:05:46 | [HighPerfDataset] size=314 img_size=384 epoch=21/25 p_hard=0.000 is_train=False
2025-09-10 04:05:46 | [DATA] dataset sizes | train=1256 valid=314
2025-09-10 04:05:46 | [HighPerfDataset] updated epoch=22, p_hard=0.464
2025-09-10 04:05:46 | [EPOCH 22] >>> TRAIN start | steps=20 mixup=True
2025-09-10 04:06:15 | [EPOCH 22][TRAIN step 1/20] loss=0.80093 lr=0.000015 bs=64
2025-09-10 04:14:27 | [EPOCH 22][TRAIN step 20/20] loss=0.05496 lr=0.000015 bs=40
2025-09-10 04:14:27 | [EPOCH 22] <<< TRAIN end | loss=0.34501
2025-09-10 04:14:27 | [EPOCH 22] >>> VALID start | steps=5
2025-09-10 04:15:52 | [EPOCH 22] <<< VALID end | loss=0.14872 macro_f1=0.94295
2025-09-10 04:15:52 | [DATA] build highperf loaders | img_size=384 bs=64
2025-09-10 04:15:52 | [DATA] augmentation: baseline-advanced (normal + hard augmentation)
2025-09-10 04:15:52 | [HighPerfDataset] size=1256 img_size=384 epoch=22/25 p_hard=0.464 is_train=True
2025-09-10 04:15:52 | [HighPerfDataset] size=314 img_size=384 epoch=22/25 p_hard=0.000 is_train=False
2025-09-10 04:15:52 | [DATA] dataset sizes | train=1256 valid=314
2025-09-10 04:15:52 | [HighPerfDataset] updated epoch=23, p_hard=0.476
2025-09-10 04:15:52 | [EPOCH 23] >>> TRAIN start | steps=20 mixup=True
2025-09-10 04:16:22 | [EPOCH 23][TRAIN step 1/20] loss=0.07990 lr=0.000008 bs=64
2025-09-10 04:24:36 | [EPOCH 23][TRAIN step 20/20] loss=0.75586 lr=0.000008 bs=40
2025-09-10 04:24:36 | [EPOCH 23] <<< TRAIN end | loss=0.40550
2025-09-10 04:24:36 | [EPOCH 23] >>> VALID start | steps=5
2025-09-10 04:25:59 | [EPOCH 23] <<< VALID end | loss=0.14916 macro_f1=0.94411
2025-09-10 04:25:59 | [DATA] build highperf loaders | img_size=384 bs=64
2025-09-10 04:25:59 | [DATA] augmentation: baseline-advanced (normal + hard augmentation)
2025-09-10 04:25:59 | [HighPerfDataset] size=1256 img_size=384 epoch=23/25 p_hard=0.476 is_train=True
2025-09-10 04:25:59 | [HighPerfDataset] size=314 img_size=384 epoch=23/25 p_hard=0.000 is_train=False
2025-09-10 04:25:59 | [DATA] dataset sizes | train=1256 valid=314
2025-09-10 04:25:59 | [HighPerfDataset] updated epoch=24, p_hard=0.488
2025-09-10 04:25:59 | [EPOCH 24] >>> TRAIN start | steps=20 mixup=True
2025-09-10 04:26:28 | [EPOCH 24][TRAIN step 1/20] loss=0.81663 lr=0.000004 bs=64
2025-09-10 04:34:38 | [EPOCH 24][TRAIN step 20/20] loss=0.08902 lr=0.000004 bs=40
2025-09-10 04:34:38 | [EPOCH 24] <<< TRAIN end | loss=0.52087
2025-09-10 04:34:38 | [EPOCH 24] >>> VALID start | steps=5
2025-09-10 04:36:02 | [EPOCH 24] <<< VALID end | loss=0.14876 macro_f1=0.94413
2025-09-10 04:36:02 | [DATA] build highperf loaders | img_size=384 bs=64
2025-09-10 04:36:02 | [DATA] augmentation: baseline-advanced (normal + hard augmentation)
2025-09-10 04:36:02 | [HighPerfDataset] size=1256 img_size=384 epoch=24/25 p_hard=0.488 is_train=True
2025-09-10 04:36:02 | [HighPerfDataset] size=314 img_size=384 epoch=24/25 p_hard=0.000 is_train=False
2025-09-10 04:36:02 | [DATA] dataset sizes | train=1256 valid=314
2025-09-10 04:36:02 | [HighPerfDataset] updated epoch=25, p_hard=0.500
2025-09-10 04:36:02 | [EPOCH 25] >>> TRAIN start | steps=20 mixup=True
2025-09-10 04:36:31 | [EPOCH 25][TRAIN step 1/20] loss=0.07151 lr=0.000001 bs=64
2025-09-10 04:44:45 | [EPOCH 25][TRAIN step 20/20] loss=0.04505 lr=0.000001 bs=40
2025-09-10 04:44:45 | [EPOCH 25] <<< TRAIN end | loss=0.50345
2025-09-10 04:44:45 | [EPOCH 25] >>> VALID start | steps=5
2025-09-10 04:46:08 | [EPOCH 25] <<< VALID end | loss=0.14912 macro_f1=0.94413
2025-09-10 04:46:08 | [FOLD 0] COMPLETED | Best F1: 0.95118
2025-09-10 04:46:10 | ==================================================
2025-09-10 04:46:10 | FOLD 2/5 START
2025-09-10 04:46:10 | ==================================================
2025-09-10 04:46:10 | [FOLD 1] train=1256 valid=314
2025-09-10 04:46:13 | [SINGLE-MODEL] All folds using model: convnext_base_384_in22ft1k
2025-09-10 04:46:13 | [DATA] build highperf loaders | img_size=384 bs=64
2025-09-10 04:46:13 | [DATA] augmentation: baseline-advanced (normal + hard augmentation)
2025-09-10 04:46:13 | [HighPerfDataset] size=1256 img_size=384 epoch=0/25 p_hard=0.200 is_train=True
2025-09-10 04:46:13 | [HighPerfDataset] size=314 img_size=384 epoch=0/25 p_hard=0.000 is_train=False
2025-09-10 04:46:13 | [DATA] dataset sizes | train=1256 valid=314
2025-09-10 04:46:13 | [HighPerfDataset] updated epoch=1, p_hard=0.212
2025-09-10 04:46:13 | [EPOCH 1] >>> TRAIN start | steps=20 mixup=True
2025-09-10 04:46:41 | [EPOCH 1][TRAIN step 1/20] loss=3.08147 lr=0.000238 bs=64
2025-09-10 04:54:07 | [EPOCH 1][TRAIN step 20/20] loss=0.82376 lr=0.000238 bs=40
2025-09-10 04:54:07 | [EPOCH 1] <<< TRAIN end | loss=1.93698
2025-09-10 04:54:07 | [EPOCH 1] >>> VALID start | steps=5
2025-09-10 04:57:30 | [EPOCH 1] <<< VALID end | loss=0.66652 macro_f1=0.75360
2025-09-10 04:57:33 | [FOLD 1] NEW BEST F1: 0.75360 (epoch 1)
2025-09-10 04:57:33 | [DATA] build highperf loaders | img_size=384 bs=64
2025-09-10 04:57:33 | [DATA] augmentation: baseline-advanced (normal + hard augmentation)
2025-09-10 04:57:33 | [HighPerfDataset] size=1256 img_size=384 epoch=1/25 p_hard=0.212 is_train=True
2025-09-10 04:57:33 | [HighPerfDataset] size=314 img_size=384 epoch=1/25 p_hard=0.000 is_train=False
2025-09-10 04:57:33 | [DATA] dataset sizes | train=1256 valid=314
2025-09-10 04:57:33 | [HighPerfDataset] updated epoch=2, p_hard=0.224
2025-09-10 04:57:33 | [EPOCH 2] >>> TRAIN start | steps=20 mixup=True
2025-09-10 04:57:55 | [EPOCH 2][TRAIN step 1/20] loss=2.17807 lr=0.000237 bs=64
2025-09-10 05:04:08 | [EPOCH 2][TRAIN step 20/20] loss=2.03338 lr=0.000237 bs=40
2025-09-10 05:04:08 | [EPOCH 2] <<< TRAIN end | loss=1.34628
2025-09-10 05:04:08 | [EPOCH 2] >>> VALID start | steps=5
2025-09-10 05:07:31 | [EPOCH 2] <<< VALID end | loss=0.38852 macro_f1=0.84337
2025-09-10 05:07:34 | [FOLD 1] NEW BEST F1: 0.84337 (epoch 2)
2025-09-10 05:07:34 | [DATA] build highperf loaders | img_size=384 bs=64
2025-09-10 05:07:34 | [DATA] augmentation: baseline-advanced (normal + hard augmentation)
2025-09-10 05:07:34 | [HighPerfDataset] size=1256 img_size=384 epoch=2/25 p_hard=0.224 is_train=True
2025-09-10 05:07:34 | [HighPerfDataset] size=314 img_size=384 epoch=2/25 p_hard=0.000 is_train=False
2025-09-10 05:07:34 | [DATA] dataset sizes | train=1256 valid=314
2025-09-10 05:07:34 | [HighPerfDataset] updated epoch=3, p_hard=0.236
2025-09-10 05:07:34 | [EPOCH 3] >>> TRAIN start | steps=20 mixup=True
2025-09-10 05:07:56 | [EPOCH 3][TRAIN step 1/20] loss=1.88345 lr=0.000234 bs=64
2025-09-10 05:14:22 | [EPOCH 3][TRAIN step 20/20] loss=0.27938 lr=0.000234 bs=40
2025-09-10 05:14:22 | [EPOCH 3] <<< TRAIN end | loss=1.02916
2025-09-10 05:14:22 | [EPOCH 3] >>> VALID start | steps=5
2025-09-10 05:17:50 | [EPOCH 3] <<< VALID end | loss=0.30411 macro_f1=0.90026
2025-09-10 05:17:53 | [FOLD 1] NEW BEST F1: 0.90026 (epoch 3)
2025-09-10 05:17:53 | [DATA] build highperf loaders | img_size=384 bs=64
2025-09-10 05:17:53 | [DATA] augmentation: baseline-advanced (normal + hard augmentation)
2025-09-10 05:17:53 | [HighPerfDataset] size=1256 img_size=384 epoch=3/25 p_hard=0.236 is_train=True
2025-09-10 05:17:53 | [HighPerfDataset] size=314 img_size=384 epoch=3/25 p_hard=0.000 is_train=False
2025-09-10 05:17:53 | [DATA] dataset sizes | train=1256 valid=314
2025-09-10 05:17:53 | [HighPerfDataset] updated epoch=4, p_hard=0.248
2025-09-10 05:17:53 | [EPOCH 4] >>> TRAIN start | steps=20 mixup=True
2025-09-10 05:18:16 | [EPOCH 4][TRAIN step 1/20] loss=0.42760 lr=0.000229 bs=64
2025-09-10 05:24:39 | [EPOCH 4][TRAIN step 20/20] loss=1.29683 lr=0.000229 bs=40
2025-09-10 05:24:40 | [EPOCH 4] <<< TRAIN end | loss=0.81928
2025-09-10 05:24:40 | [EPOCH 4] >>> VALID start | steps=5
2025-09-10 05:28:07 | [EPOCH 4] <<< VALID end | loss=0.25694 macro_f1=0.91625
2025-09-10 05:28:09 | [FOLD 1] NEW BEST F1: 0.91625 (epoch 4)
2025-09-10 05:28:09 | [DATA] build highperf loaders | img_size=384 bs=64
2025-09-10 05:28:09 | [DATA] augmentation: baseline-advanced (normal + hard augmentation)
2025-09-10 05:28:09 | [HighPerfDataset] size=1256 img_size=384 epoch=4/25 p_hard=0.248 is_train=True
2025-09-10 05:28:09 | [HighPerfDataset] size=314 img_size=384 epoch=4/25 p_hard=0.000 is_train=False
2025-09-10 05:28:09 | [DATA] dataset sizes | train=1256 valid=314
2025-09-10 05:28:09 | [HighPerfDataset] updated epoch=5, p_hard=0.260
2025-09-10 05:28:09 | [EPOCH 5] >>> TRAIN start | steps=20 mixup=True
2025-09-10 05:28:31 | [EPOCH 5][TRAIN step 1/20] loss=0.96968 lr=0.000223 bs=64
2025-09-10 05:34:52 | [EPOCH 5][TRAIN step 20/20] loss=0.22889 lr=0.000223 bs=40
2025-09-10 05:34:52 | [EPOCH 5] <<< TRAIN end | loss=0.68457
2025-09-10 05:34:52 | [EPOCH 5] >>> VALID start | steps=5
2025-09-10 05:38:22 | [EPOCH 5] <<< VALID end | loss=0.15282 macro_f1=0.94996
2025-09-10 05:38:25 | [FOLD 1] NEW BEST F1: 0.94996 (epoch 5)
2025-09-10 05:38:25 | [DATA] build highperf loaders | img_size=384 bs=64
2025-09-10 05:38:25 | [DATA] augmentation: baseline-advanced (normal + hard augmentation)
2025-09-10 05:38:25 | [HighPerfDataset] size=1256 img_size=384 epoch=5/25 p_hard=0.260 is_train=True
2025-09-10 05:38:25 | [HighPerfDataset] size=314 img_size=384 epoch=5/25 p_hard=0.000 is_train=False
2025-09-10 05:38:25 | [DATA] dataset sizes | train=1256 valid=314
2025-09-10 05:38:25 | [HighPerfDataset] updated epoch=6, p_hard=0.272
2025-09-10 05:38:25 | [EPOCH 6] >>> TRAIN start | steps=20 mixup=True
2025-09-10 05:38:47 | [EPOCH 6][TRAIN step 1/20] loss=1.10404 lr=0.000215 bs=64
2025-09-10 05:45:09 | [EPOCH 6][TRAIN step 20/20] loss=1.50342 lr=0.000215 bs=40
2025-09-10 05:45:09 | [EPOCH 6] <<< TRAIN end | loss=0.78007
2025-09-10 05:45:09 | [EPOCH 6] >>> VALID start | steps=5
2025-09-10 05:48:38 | [EPOCH 6] <<< VALID end | loss=0.18109 macro_f1=0.93410
2025-09-10 05:48:38 | [DATA] build highperf loaders | img_size=384 bs=64
2025-09-10 05:48:38 | [DATA] augmentation: baseline-advanced (normal + hard augmentation)
2025-09-10 05:48:38 | [HighPerfDataset] size=1256 img_size=384 epoch=6/25 p_hard=0.272 is_train=True
2025-09-10 05:48:38 | [HighPerfDataset] size=314 img_size=384 epoch=6/25 p_hard=0.000 is_train=False
2025-09-10 05:48:38 | [DATA] dataset sizes | train=1256 valid=314
2025-09-10 05:48:38 | [HighPerfDataset] updated epoch=7, p_hard=0.284
2025-09-10 05:48:38 | [EPOCH 7] >>> TRAIN start | steps=20 mixup=True
2025-09-10 05:49:00 | [EPOCH 7][TRAIN step 1/20] loss=0.75274 lr=0.000205 bs=64
2025-09-10 05:55:22 | [EPOCH 7][TRAIN step 20/20] loss=0.29790 lr=0.000205 bs=40
2025-09-10 05:55:22 | [EPOCH 7] <<< TRAIN end | loss=0.78297
2025-09-10 05:55:22 | [EPOCH 7] >>> VALID start | steps=5
2025-09-10 05:58:50 | [EPOCH 7] <<< VALID end | loss=0.17066 macro_f1=0.93479
2025-09-10 05:58:50 | [DATA] build highperf loaders | img_size=384 bs=64
2025-09-10 05:58:50 | [DATA] augmentation: baseline-advanced (normal + hard augmentation)
2025-09-10 05:58:50 | [HighPerfDataset] size=1256 img_size=384 epoch=7/25 p_hard=0.284 is_train=True
2025-09-10 05:58:50 | [HighPerfDataset] size=314 img_size=384 epoch=7/25 p_hard=0.000 is_train=False
2025-09-10 05:58:50 | [DATA] dataset sizes | train=1256 valid=314
2025-09-10 05:58:50 | [HighPerfDataset] updated epoch=8, p_hard=0.296
2025-09-10 05:58:50 | [EPOCH 8] >>> TRAIN start | steps=20 mixup=True
2025-09-10 05:59:12 | [EPOCH 8][TRAIN step 1/20] loss=0.62078 lr=0.000195 bs=64
2025-09-10 06:05:33 | [EPOCH 8][TRAIN step 20/20] loss=0.25363 lr=0.000195 bs=40
2025-09-10 06:05:34 | [EPOCH 8] <<< TRAIN end | loss=0.49673
2025-09-10 06:05:34 | [EPOCH 8] >>> VALID start | steps=5
2025-09-10 06:09:03 | [EPOCH 8] <<< VALID end | loss=0.14714 macro_f1=0.94155
2025-09-10 06:09:03 | [DATA] build highperf loaders | img_size=384 bs=64
2025-09-10 06:09:03 | [DATA] augmentation: baseline-advanced (normal + hard augmentation)
2025-09-10 06:09:03 | [HighPerfDataset] size=1256 img_size=384 epoch=8/25 p_hard=0.296 is_train=True
2025-09-10 06:09:03 | [HighPerfDataset] size=314 img_size=384 epoch=8/25 p_hard=0.000 is_train=False
2025-09-10 06:09:03 | [DATA] dataset sizes | train=1256 valid=314
2025-09-10 06:09:03 | [HighPerfDataset] updated epoch=9, p_hard=0.308
2025-09-10 06:09:03 | [EPOCH 9] >>> TRAIN start | steps=20 mixup=True
2025-09-10 06:09:25 | [EPOCH 9][TRAIN step 1/20] loss=1.02944 lr=0.000182 bs=64
2025-09-10 06:15:45 | [EPOCH 9][TRAIN step 20/20] loss=0.78204 lr=0.000182 bs=40
2025-09-10 06:15:45 | [EPOCH 9] <<< TRAIN end | loss=0.78065
2025-09-10 06:15:45 | [EPOCH 9] >>> VALID start | steps=5
2025-09-10 06:19:12 | [EPOCH 9] <<< VALID end | loss=0.15007 macro_f1=0.93256
2025-09-10 06:19:12 | [DATA] build highperf loaders | img_size=384 bs=64
2025-09-10 06:19:12 | [DATA] augmentation: baseline-advanced (normal + hard augmentation)
2025-09-10 06:19:12 | [HighPerfDataset] size=1256 img_size=384 epoch=9/25 p_hard=0.308 is_train=True
2025-09-10 06:19:12 | [HighPerfDataset] size=314 img_size=384 epoch=9/25 p_hard=0.000 is_train=False
2025-09-10 06:19:12 | [DATA] dataset sizes | train=1256 valid=314
2025-09-10 06:19:12 | [HighPerfDataset] updated epoch=10, p_hard=0.320
2025-09-10 06:19:12 | [EPOCH 10] >>> TRAIN start | steps=20 mixup=True
2025-09-10 06:19:36 | [EPOCH 10][TRAIN step 1/20] loss=0.13775 lr=0.000169 bs=64
2025-09-10 06:25:56 | [EPOCH 10][TRAIN step 20/20] loss=1.46499 lr=0.000169 bs=40
2025-09-10 06:25:56 | [EPOCH 10] <<< TRAIN end | loss=0.50639
2025-09-10 06:25:56 | [EPOCH 10] >>> VALID start | steps=5
2025-09-10 06:29:24 | [EPOCH 10] <<< VALID end | loss=0.13301 macro_f1=0.93857
2025-09-10 06:29:24 | [DATA] build highperf loaders | img_size=384 bs=64
2025-09-10 06:29:24 | [DATA] augmentation: baseline-advanced (normal + hard augmentation)
2025-09-10 06:29:24 | [HighPerfDataset] size=1256 img_size=384 epoch=10/25 p_hard=0.320 is_train=True
2025-09-10 06:29:24 | [HighPerfDataset] size=314 img_size=384 epoch=10/25 p_hard=0.000 is_train=False
2025-09-10 06:29:24 | [DATA] dataset sizes | train=1256 valid=314
2025-09-10 06:29:24 | [HighPerfDataset] updated epoch=11, p_hard=0.332
2025-09-10 06:29:24 | [EPOCH 11] >>> TRAIN start | steps=20 mixup=True
2025-09-10 06:29:46 | [EPOCH 11][TRAIN step 1/20] loss=0.62512 lr=0.000155 bs=64
2025-09-10 06:36:13 | [EPOCH 11][TRAIN step 20/20] loss=0.11154 lr=0.000155 bs=40
2025-09-10 06:36:13 | [EPOCH 11] <<< TRAIN end | loss=0.63329
2025-09-10 06:36:13 | [EPOCH 11] >>> VALID start | steps=5
2025-09-10 06:39:46 | [EPOCH 11] <<< VALID end | loss=0.14114 macro_f1=0.94597
2025-09-10 06:39:46 | [DATA] build highperf loaders | img_size=384 bs=64
2025-09-10 06:39:46 | [DATA] augmentation: baseline-advanced (normal + hard augmentation)
2025-09-10 06:39:46 | [HighPerfDataset] size=1256 img_size=384 epoch=11/25 p_hard=0.332 is_train=True
2025-09-10 06:39:46 | [HighPerfDataset] size=314 img_size=384 epoch=11/25 p_hard=0.000 is_train=False
2025-09-10 06:39:46 | [DATA] dataset sizes | train=1256 valid=314
2025-09-10 06:39:46 | [HighPerfDataset] updated epoch=12, p_hard=0.344
2025-09-10 06:39:46 | [EPOCH 12] >>> TRAIN start | steps=20 mixup=True
2025-09-10 06:40:09 | [EPOCH 12][TRAIN step 1/20] loss=0.54629 lr=0.000141 bs=64
2025-09-10 06:46:33 | [EPOCH 12][TRAIN step 20/20] loss=1.23643 lr=0.000141 bs=40
2025-09-10 06:46:33 | [EPOCH 12] <<< TRAIN end | loss=0.62024
2025-09-10 06:46:33 | [EPOCH 12] >>> VALID start | steps=5
2025-09-10 06:50:03 | [EPOCH 12] <<< VALID end | loss=0.16153 macro_f1=0.93793
2025-09-10 06:50:03 | [DATA] build highperf loaders | img_size=384 bs=64
2025-09-10 06:50:03 | [DATA] augmentation: baseline-advanced (normal + hard augmentation)
2025-09-10 06:50:03 | [HighPerfDataset] size=1256 img_size=384 epoch=12/25 p_hard=0.344 is_train=True
2025-09-10 06:50:03 | [HighPerfDataset] size=314 img_size=384 epoch=12/25 p_hard=0.000 is_train=False
2025-09-10 06:50:03 | [DATA] dataset sizes | train=1256 valid=314
2025-09-10 06:50:03 | [HighPerfDataset] updated epoch=13, p_hard=0.356
2025-09-10 06:50:03 | [EPOCH 13] >>> TRAIN start | steps=20 mixup=True
2025-09-10 06:50:26 | [EPOCH 13][TRAIN step 1/20] loss=0.99902 lr=0.000126 bs=64
2025-09-10 06:56:51 | [EPOCH 13][TRAIN step 20/20] loss=0.98320 lr=0.000126 bs=40
2025-09-10 06:56:51 | [EPOCH 13] <<< TRAIN end | loss=0.59878
2025-09-10 06:56:51 | [EPOCH 13] >>> VALID start | steps=5
2025-09-10 07:00:21 | [EPOCH 13] <<< VALID end | loss=0.14597 macro_f1=0.94030
2025-09-10 07:00:21 | [DATA] build highperf loaders | img_size=384 bs=64
2025-09-10 07:00:21 | [DATA] augmentation: baseline-advanced (normal + hard augmentation)
2025-09-10 07:00:21 | [HighPerfDataset] size=1256 img_size=384 epoch=13/25 p_hard=0.356 is_train=True
2025-09-10 07:00:21 | [HighPerfDataset] size=314 img_size=384 epoch=13/25 p_hard=0.000 is_train=False
2025-09-10 07:00:21 | [DATA] dataset sizes | train=1256 valid=314
2025-09-10 07:00:21 | [HighPerfDataset] updated epoch=14, p_hard=0.368
2025-09-10 07:00:21 | [EPOCH 14] >>> TRAIN start | steps=20 mixup=True
2025-09-10 07:00:45 | [EPOCH 14][TRAIN step 1/20] loss=0.02833 lr=0.000111 bs=64
2025-09-10 07:07:11 | [EPOCH 14][TRAIN step 20/20] loss=0.15335 lr=0.000111 bs=40
2025-09-10 07:07:11 | [EPOCH 14] <<< TRAIN end | loss=0.46642
2025-09-10 07:07:11 | [EPOCH 14] >>> VALID start | steps=5
2025-09-10 07:10:44 | [EPOCH 14] <<< VALID end | loss=0.15383 macro_f1=0.94766
2025-09-10 07:10:44 | [DATA] build highperf loaders | img_size=384 bs=64
2025-09-10 07:10:44 | [DATA] augmentation: baseline-advanced (normal + hard augmentation)
2025-09-10 07:10:44 | [HighPerfDataset] size=1256 img_size=384 epoch=14/25 p_hard=0.368 is_train=True
2025-09-10 07:10:44 | [HighPerfDataset] size=314 img_size=384 epoch=14/25 p_hard=0.000 is_train=False
2025-09-10 07:10:44 | [DATA] dataset sizes | train=1256 valid=314
2025-09-10 07:10:44 | [HighPerfDataset] updated epoch=15, p_hard=0.380
2025-09-10 07:10:44 | [EPOCH 15] >>> TRAIN start | steps=20 mixup=True
2025-09-10 07:11:08 | [EPOCH 15][TRAIN step 1/20] loss=0.06199 lr=0.000097 bs=64
2025-09-10 07:17:35 | [EPOCH 15][TRAIN step 20/20] loss=0.04992 lr=0.000097 bs=40
2025-09-10 07:17:35 | [EPOCH 15] <<< TRAIN end | loss=0.27832
2025-09-10 07:17:35 | [EPOCH 15] >>> VALID start | steps=5
2025-09-10 07:21:10 | [EPOCH 15] <<< VALID end | loss=0.12320 macro_f1=0.94238
2025-09-10 07:21:10 | [DATA] build highperf loaders | img_size=384 bs=64
2025-09-10 07:21:10 | [DATA] augmentation: baseline-advanced (normal + hard augmentation)
2025-09-10 07:21:10 | [HighPerfDataset] size=1256 img_size=384 epoch=15/25 p_hard=0.380 is_train=True
2025-09-10 07:21:10 | [HighPerfDataset] size=314 img_size=384 epoch=15/25 p_hard=0.000 is_train=False
2025-09-10 07:21:10 | [DATA] dataset sizes | train=1256 valid=314
2025-09-10 07:21:10 | [HighPerfDataset] updated epoch=16, p_hard=0.392
2025-09-10 07:21:10 | [EPOCH 16] >>> TRAIN start | steps=20 mixup=True
2025-09-10 07:21:34 | [EPOCH 16][TRAIN step 1/20] loss=0.08083 lr=0.000082 bs=64
2025-09-10 07:28:02 | [EPOCH 16][TRAIN step 20/20] loss=0.02301 lr=0.000082 bs=40
2025-09-10 07:28:02 | [EPOCH 16] <<< TRAIN end | loss=0.52197
2025-09-10 07:28:02 | [EPOCH 16] >>> VALID start | steps=5
2025-09-10 07:31:37 | [EPOCH 16] <<< VALID end | loss=0.13619 macro_f1=0.93540
2025-09-10 07:31:37 | [DATA] build highperf loaders | img_size=384 bs=64
2025-09-10 07:31:37 | [DATA] augmentation: baseline-advanced (normal + hard augmentation)
2025-09-10 07:31:37 | [HighPerfDataset] size=1256 img_size=384 epoch=16/25 p_hard=0.392 is_train=True
2025-09-10 07:31:37 | [HighPerfDataset] size=314 img_size=384 epoch=16/25 p_hard=0.000 is_train=False
2025-09-10 07:31:37 | [DATA] dataset sizes | train=1256 valid=314
2025-09-10 07:31:37 | [HighPerfDataset] updated epoch=17, p_hard=0.404
2025-09-10 07:31:37 | [EPOCH 17] >>> TRAIN start | steps=20 mixup=True
2025-09-10 07:32:00 | [EPOCH 17][TRAIN step 1/20] loss=1.14214 lr=0.000068 bs=64
2025-09-10 07:38:28 | [EPOCH 17][TRAIN step 20/20] loss=0.81325 lr=0.000068 bs=40
2025-09-10 07:38:28 | [EPOCH 17] <<< TRAIN end | loss=0.58707
2025-09-10 07:38:28 | [EPOCH 17] >>> VALID start | steps=5
2025-09-10 07:42:00 | [EPOCH 17] <<< VALID end | loss=0.12079 macro_f1=0.95481
2025-09-10 07:42:08 | [FOLD 1] NEW BEST F1: 0.95481 (epoch 17)
2025-09-10 07:42:08 | [DATA] build highperf loaders | img_size=384 bs=64
2025-09-10 07:42:08 | [DATA] augmentation: baseline-advanced (normal + hard augmentation)
2025-09-10 07:42:08 | [HighPerfDataset] size=1256 img_size=384 epoch=17/25 p_hard=0.404 is_train=True
2025-09-10 07:42:08 | [HighPerfDataset] size=314 img_size=384 epoch=17/25 p_hard=0.000 is_train=False
2025-09-10 07:42:08 | [DATA] dataset sizes | train=1256 valid=314
2025-09-10 07:42:08 | [HighPerfDataset] updated epoch=18, p_hard=0.416
2025-09-10 07:42:08 | [EPOCH 18] >>> TRAIN start | steps=20 mixup=True
2025-09-10 07:42:32 | [EPOCH 18][TRAIN step 1/20] loss=0.15116 lr=0.000055 bs=64
2025-09-10 07:49:01 | [EPOCH 18][TRAIN step 20/20] loss=0.02098 lr=0.000055 bs=40
2025-09-10 07:49:01 | [EPOCH 18] <<< TRAIN end | loss=0.50743
2025-09-10 07:49:01 | [EPOCH 18] >>> VALID start | steps=5
2025-09-10 07:52:38 | [EPOCH 18] <<< VALID end | loss=0.13068 macro_f1=0.95371
2025-09-10 07:52:38 | [DATA] build highperf loaders | img_size=384 bs=64
2025-09-10 07:52:38 | [DATA] augmentation: baseline-advanced (normal + hard augmentation)
2025-09-10 07:52:38 | [HighPerfDataset] size=1256 img_size=384 epoch=18/25 p_hard=0.416 is_train=True
2025-09-10 07:52:38 | [HighPerfDataset] size=314 img_size=384 epoch=18/25 p_hard=0.000 is_train=False
2025-09-10 07:52:38 | [DATA] dataset sizes | train=1256 valid=314
2025-09-10 07:52:38 | [HighPerfDataset] updated epoch=19, p_hard=0.428
2025-09-10 07:52:38 | [EPOCH 19] >>> TRAIN start | steps=20 mixup=True
2025-09-10 07:53:03 | [EPOCH 19][TRAIN step 1/20] loss=0.05269 lr=0.000043 bs=64
2025-09-10 07:59:34 | [EPOCH 19][TRAIN step 20/20] loss=0.02573 lr=0.000043 bs=40
2025-09-10 07:59:34 | [EPOCH 19] <<< TRAIN end | loss=0.47039
2025-09-10 07:59:34 | [EPOCH 19] >>> VALID start | steps=5
2025-09-10 08:03:11 | [EPOCH 19] <<< VALID end | loss=0.13505 macro_f1=0.93837
2025-09-10 08:03:11 | [DATA] build highperf loaders | img_size=384 bs=64
2025-09-10 08:03:11 | [DATA] augmentation: baseline-advanced (normal + hard augmentation)
2025-09-10 08:03:11 | [HighPerfDataset] size=1256 img_size=384 epoch=19/25 p_hard=0.428 is_train=True
2025-09-10 08:03:11 | [HighPerfDataset] size=314 img_size=384 epoch=19/25 p_hard=0.000 is_train=False
2025-09-10 08:03:11 | [DATA] dataset sizes | train=1256 valid=314
2025-09-10 08:03:11 | [HighPerfDataset] updated epoch=20, p_hard=0.440
2025-09-10 08:03:11 | [EPOCH 20] >>> TRAIN start | steps=20 mixup=True
2025-09-10 08:03:35 | [EPOCH 20][TRAIN step 1/20] loss=0.06193 lr=0.000032 bs=64
2025-09-10 08:10:05 | [EPOCH 20][TRAIN step 20/20] loss=0.89269 lr=0.000032 bs=40
2025-09-10 08:10:05 | [EPOCH 20] <<< TRAIN end | loss=0.35303
2025-09-10 08:10:05 | [EPOCH 20] >>> VALID start | steps=5
2025-09-10 08:13:36 | [EPOCH 20] <<< VALID end | loss=0.11846 macro_f1=0.95407
2025-09-10 08:13:36 | [DATA] build highperf loaders | img_size=384 bs=64
2025-09-10 08:13:36 | [DATA] augmentation: baseline-advanced (normal + hard augmentation)
2025-09-10 08:13:36 | [HighPerfDataset] size=1256 img_size=384 epoch=20/25 p_hard=0.440 is_train=True
2025-09-10 08:13:36 | [HighPerfDataset] size=314 img_size=384 epoch=20/25 p_hard=0.000 is_train=False
2025-09-10 08:13:36 | [DATA] dataset sizes | train=1256 valid=314
2025-09-10 08:13:36 | [HighPerfDataset] updated epoch=21, p_hard=0.452
2025-09-10 08:13:36 | [EPOCH 21] >>> TRAIN start | steps=20 mixup=True
2025-09-10 08:14:00 | [EPOCH 21][TRAIN step 1/20] loss=1.31747 lr=0.000023 bs=64
2025-09-10 08:20:25 | [EPOCH 21][TRAIN step 20/20] loss=0.06009 lr=0.000023 bs=40
2025-09-10 08:20:25 | [EPOCH 21] <<< TRAIN end | loss=0.26980
2025-09-10 08:20:25 | [EPOCH 21] >>> VALID start | steps=5
2025-09-10 08:24:01 | [EPOCH 21] <<< VALID end | loss=0.11106 macro_f1=0.96044
2025-09-10 08:24:04 | [FOLD 1] NEW BEST F1: 0.96044 (epoch 21)
2025-09-10 08:24:04 | [DATA] build highperf loaders | img_size=384 bs=64
2025-09-10 08:24:04 | [DATA] augmentation: baseline-advanced (normal + hard augmentation)
2025-09-10 08:24:04 | [HighPerfDataset] size=1256 img_size=384 epoch=21/25 p_hard=0.452 is_train=True
2025-09-10 08:24:04 | [HighPerfDataset] size=314 img_size=384 epoch=21/25 p_hard=0.000 is_train=False
2025-09-10 08:24:04 | [DATA] dataset sizes | train=1256 valid=314
2025-09-10 08:24:04 | [HighPerfDataset] updated epoch=22, p_hard=0.464
2025-09-10 08:24:04 | [EPOCH 22] >>> TRAIN start | steps=20 mixup=True
2025-09-10 08:24:28 | [EPOCH 22][TRAIN step 1/20] loss=0.26069 lr=0.000015 bs=64
2025-09-10 08:31:00 | [EPOCH 22][TRAIN step 20/20] loss=0.07849 lr=0.000015 bs=40
2025-09-10 08:31:00 | [EPOCH 22] <<< TRAIN end | loss=0.48096
2025-09-10 08:31:00 | [EPOCH 22] >>> VALID start | steps=5
2025-09-10 08:34:35 | [EPOCH 22] <<< VALID end | loss=0.11378 macro_f1=0.96044
2025-09-10 08:34:35 | [DATA] build highperf loaders | img_size=384 bs=64
2025-09-10 08:34:35 | [DATA] augmentation: baseline-advanced (normal + hard augmentation)
2025-09-10 08:34:35 | [HighPerfDataset] size=1256 img_size=384 epoch=22/25 p_hard=0.464 is_train=True
2025-09-10 08:34:35 | [HighPerfDataset] size=314 img_size=384 epoch=22/25 p_hard=0.000 is_train=False
2025-09-10 08:34:35 | [DATA] dataset sizes | train=1256 valid=314
2025-09-10 08:34:35 | [HighPerfDataset] updated epoch=23, p_hard=0.476
2025-09-10 08:34:35 | [EPOCH 23] >>> TRAIN start | steps=20 mixup=True
2025-09-10 08:34:58 | [EPOCH 23][TRAIN step 1/20] loss=0.56700 lr=0.000008 bs=64
2025-09-10 08:41:27 | [EPOCH 23][TRAIN step 20/20] loss=0.58392 lr=0.000008 bs=40
2025-09-10 08:41:27 | [EPOCH 23] <<< TRAIN end | loss=0.39851
2025-09-10 08:41:27 | [EPOCH 23] >>> VALID start | steps=5
2025-09-10 08:45:00 | [EPOCH 23] <<< VALID end | loss=0.11913 macro_f1=0.95407
2025-09-10 08:45:00 | [DATA] build highperf loaders | img_size=384 bs=64
2025-09-10 08:45:00 | [DATA] augmentation: baseline-advanced (normal + hard augmentation)
2025-09-10 08:45:00 | [HighPerfDataset] size=1256 img_size=384 epoch=23/25 p_hard=0.476 is_train=True
2025-09-10 08:45:00 | [HighPerfDataset] size=314 img_size=384 epoch=23/25 p_hard=0.000 is_train=False
2025-09-10 08:45:00 | [DATA] dataset sizes | train=1256 valid=314
2025-09-10 08:45:00 | [HighPerfDataset] updated epoch=24, p_hard=0.488
2025-09-10 08:45:00 | [EPOCH 24] >>> TRAIN start | steps=20 mixup=True
2025-09-10 08:45:24 | [EPOCH 24][TRAIN step 1/20] loss=0.06388 lr=0.000004 bs=64
2025-09-10 08:51:55 | [EPOCH 24][TRAIN step 20/20] loss=1.07464 lr=0.000004 bs=40
2025-09-10 08:51:56 | [EPOCH 24] <<< TRAIN end | loss=0.47059
2025-09-10 08:51:56 | [EPOCH 24] >>> VALID start | steps=5
2025-09-10 08:55:29 | [EPOCH 24] <<< VALID end | loss=0.12489 macro_f1=0.95407
2025-09-10 08:55:29 | [DATA] build highperf loaders | img_size=384 bs=64
2025-09-10 08:55:29 | [DATA] augmentation: baseline-advanced (normal + hard augmentation)
2025-09-10 08:55:29 | [HighPerfDataset] size=1256 img_size=384 epoch=24/25 p_hard=0.488 is_train=True
2025-09-10 08:55:29 | [HighPerfDataset] size=314 img_size=384 epoch=24/25 p_hard=0.000 is_train=False
2025-09-10 08:55:29 | [DATA] dataset sizes | train=1256 valid=314
2025-09-10 08:55:29 | [HighPerfDataset] updated epoch=25, p_hard=0.500
2025-09-10 08:55:29 | [EPOCH 25] >>> TRAIN start | steps=20 mixup=True
2025-09-10 08:55:52 | [EPOCH 25][TRAIN step 1/20] loss=0.85956 lr=0.000001 bs=64
2025-09-10 09:02:24 | [EPOCH 25][TRAIN step 20/20] loss=1.15662 lr=0.000001 bs=40
2025-09-10 09:02:24 | [EPOCH 25] <<< TRAIN end | loss=0.49349
2025-09-10 09:02:24 | [EPOCH 25] >>> VALID start | steps=5
2025-09-10 09:05:58 | [EPOCH 25] <<< VALID end | loss=0.12585 macro_f1=0.95407
2025-09-10 09:05:58 | [FOLD 1] COMPLETED | Best F1: 0.96044
2025-09-10 09:05:59 | ==================================================
2025-09-10 09:05:59 | FOLD 3/5 START
2025-09-10 09:05:59 | ==================================================
2025-09-10 09:05:59 | [FOLD 2] train=1256 valid=314
2025-09-10 09:06:04 | [SINGLE-MODEL] All folds using model: convnext_base_384_in22ft1k
2025-09-10 09:06:04 | [DATA] build highperf loaders | img_size=384 bs=64
2025-09-10 09:06:04 | [DATA] augmentation: baseline-advanced (normal + hard augmentation)
2025-09-10 09:06:04 | [HighPerfDataset] size=1256 img_size=384 epoch=0/25 p_hard=0.200 is_train=True
2025-09-10 09:06:04 | [HighPerfDataset] size=314 img_size=384 epoch=0/25 p_hard=0.000 is_train=False
2025-09-10 09:06:04 | [DATA] dataset sizes | train=1256 valid=314
2025-09-10 09:06:04 | [HighPerfDataset] updated epoch=1, p_hard=0.212
2025-09-10 09:06:04 | [EPOCH 1] >>> TRAIN start | steps=20 mixup=True
2025-09-10 09:06:29 | [EPOCH 1][TRAIN step 1/20] loss=2.83116 lr=0.000238 bs=64
2025-09-10 09:13:05 | [EPOCH 1][TRAIN step 20/20] loss=1.33956 lr=0.000238 bs=40
2025-09-10 09:13:05 | [EPOCH 1] <<< TRAIN end | loss=2.07038
2025-09-10 09:13:05 | [EPOCH 1] >>> VALID start | steps=5
2025-09-10 09:15:35 | [EPOCH 1] <<< VALID end | loss=0.76943 macro_f1=0.76788
2025-09-10 09:15:37 | [FOLD 2] NEW BEST F1: 0.76788 (epoch 1)
2025-09-10 09:15:37 | [DATA] build highperf loaders | img_size=384 bs=64
2025-09-10 09:15:37 | [DATA] augmentation: baseline-advanced (normal + hard augmentation)
2025-09-10 09:15:37 | [HighPerfDataset] size=1256 img_size=384 epoch=1/25 p_hard=0.212 is_train=True
2025-09-10 09:15:37 | [HighPerfDataset] size=314 img_size=384 epoch=1/25 p_hard=0.000 is_train=False
2025-09-10 09:15:37 | [DATA] dataset sizes | train=1256 valid=314
2025-09-10 09:15:37 | [HighPerfDataset] updated epoch=2, p_hard=0.224
2025-09-10 09:15:37 | [EPOCH 2] >>> TRAIN start | steps=20 mixup=True
2025-09-10 09:16:06 | [EPOCH 2][TRAIN step 1/20] loss=1.99738 lr=0.000237 bs=64
2025-09-10 09:23:33 | [EPOCH 2][TRAIN step 20/20] loss=1.77990 lr=0.000237 bs=40
2025-09-10 09:23:33 | [EPOCH 2] <<< TRAIN end | loss=1.25515
2025-09-10 09:23:33 | [EPOCH 2] >>> VALID start | steps=5
2025-09-10 09:25:52 | [EPOCH 2] <<< VALID end | loss=0.44586 macro_f1=0.81375
2025-09-10 09:25:58 | [FOLD 2] NEW BEST F1: 0.81375 (epoch 2)
2025-09-10 09:25:58 | [DATA] build highperf loaders | img_size=384 bs=64
2025-09-10 09:25:58 | [DATA] augmentation: baseline-advanced (normal + hard augmentation)
2025-09-10 09:25:58 | [HighPerfDataset] size=1256 img_size=384 epoch=2/25 p_hard=0.224 is_train=True
2025-09-10 09:25:58 | [HighPerfDataset] size=314 img_size=384 epoch=2/25 p_hard=0.000 is_train=False
2025-09-10 09:25:58 | [DATA] dataset sizes | train=1256 valid=314
2025-09-10 09:25:58 | [HighPerfDataset] updated epoch=3, p_hard=0.236
2025-09-10 09:25:58 | [EPOCH 3] >>> TRAIN start | steps=20 mixup=True
2025-09-10 09:26:25 | [EPOCH 3][TRAIN step 1/20] loss=0.65610 lr=0.000234 bs=64
2025-09-10 09:33:51 | [EPOCH 3][TRAIN step 20/20] loss=1.19731 lr=0.000234 bs=40
2025-09-10 09:33:51 | [EPOCH 3] <<< TRAIN end | loss=0.81752
2025-09-10 09:33:51 | [EPOCH 3] >>> VALID start | steps=5
2025-09-10 09:36:11 | [EPOCH 3] <<< VALID end | loss=0.25087 macro_f1=0.87508
2025-09-10 09:36:14 | [FOLD 2] NEW BEST F1: 0.87508 (epoch 3)
2025-09-10 09:36:14 | [DATA] build highperf loaders | img_size=384 bs=64
2025-09-10 09:36:14 | [DATA] augmentation: baseline-advanced (normal + hard augmentation)
2025-09-10 09:36:14 | [HighPerfDataset] size=1256 img_size=384 epoch=3/25 p_hard=0.236 is_train=True
2025-09-10 09:36:14 | [HighPerfDataset] size=314 img_size=384 epoch=3/25 p_hard=0.000 is_train=False
2025-09-10 09:36:14 | [DATA] dataset sizes | train=1256 valid=314
2025-09-10 09:36:14 | [HighPerfDataset] updated epoch=4, p_hard=0.248
2025-09-10 09:36:14 | [EPOCH 4] >>> TRAIN start | steps=20 mixup=True
2025-09-10 09:36:43 | [EPOCH 4][TRAIN step 1/20] loss=0.31790 lr=0.000229 bs=64
2025-09-10 09:44:12 | [EPOCH 4][TRAIN step 20/20] loss=0.25322 lr=0.000229 bs=40
2025-09-10 09:44:12 | [EPOCH 4] <<< TRAIN end | loss=0.70850
2025-09-10 09:44:12 | [EPOCH 4] >>> VALID start | steps=5
2025-09-10 09:46:35 | [EPOCH 4] <<< VALID end | loss=0.32543 macro_f1=0.84438
2025-09-10 09:46:35 | [DATA] build highperf loaders | img_size=384 bs=64
2025-09-10 09:46:35 | [DATA] augmentation: baseline-advanced (normal + hard augmentation)
2025-09-10 09:46:35 | [HighPerfDataset] size=1256 img_size=384 epoch=4/25 p_hard=0.248 is_train=True
2025-09-10 09:46:35 | [HighPerfDataset] size=314 img_size=384 epoch=4/25 p_hard=0.000 is_train=False
2025-09-10 09:46:35 | [DATA] dataset sizes | train=1256 valid=314
2025-09-10 09:46:35 | [HighPerfDataset] updated epoch=5, p_hard=0.260
2025-09-10 09:46:35 | [EPOCH 5] >>> TRAIN start | steps=20 mixup=True
2025-09-10 09:47:01 | [EPOCH 5][TRAIN step 1/20] loss=1.57452 lr=0.000223 bs=64
2025-09-10 09:54:30 | [EPOCH 5][TRAIN step 20/20] loss=1.89762 lr=0.000223 bs=40
2025-09-10 09:54:30 | [EPOCH 5] <<< TRAIN end | loss=0.78811
2025-09-10 09:54:30 | [EPOCH 5] >>> VALID start | steps=5
2025-09-10 09:57:46 | [EPOCH 5] <<< VALID end | loss=0.20613 macro_f1=0.89018
2025-09-10 09:57:59 | [FOLD 2] NEW BEST F1: 0.89018 (epoch 5)
2025-09-10 09:57:59 | [DATA] build highperf loaders | img_size=384 bs=64
2025-09-10 09:57:59 | [DATA] augmentation: baseline-advanced (normal + hard augmentation)
2025-09-10 09:57:59 | [HighPerfDataset] size=1256 img_size=384 epoch=5/25 p_hard=0.260 is_train=True
2025-09-10 09:57:59 | [HighPerfDataset] size=314 img_size=384 epoch=5/25 p_hard=0.000 is_train=False
2025-09-10 09:57:59 | [DATA] dataset sizes | train=1256 valid=314
2025-09-10 09:57:59 | [HighPerfDataset] updated epoch=6, p_hard=0.272
2025-09-10 09:57:59 | [EPOCH 6] >>> TRAIN start | steps=20 mixup=True
2025-09-10 09:59:03 | [EPOCH 6][TRAIN step 1/20] loss=1.33817 lr=0.000215 bs=64
2025-09-10 10:19:11 | [EPOCH 6][TRAIN step 20/20] loss=1.56462 lr=0.000215 bs=40
2025-09-10 10:19:11 | [EPOCH 6] <<< TRAIN end | loss=0.80931
2025-09-10 10:19:11 | [EPOCH 6] >>> VALID start | steps=5
2025-09-10 10:26:24 | [EPOCH 6] <<< VALID end | loss=0.19843 macro_f1=0.89731
2025-09-10 10:26:35 | [FOLD 2] NEW BEST F1: 0.89731 (epoch 6)
2025-09-10 10:26:35 | [DATA] build highperf loaders | img_size=384 bs=64
2025-09-10 10:26:35 | [DATA] augmentation: baseline-advanced (normal + hard augmentation)
2025-09-10 10:26:35 | [HighPerfDataset] size=1256 img_size=384 epoch=6/25 p_hard=0.272 is_train=True
2025-09-10 10:26:35 | [HighPerfDataset] size=314 img_size=384 epoch=6/25 p_hard=0.000 is_train=False
2025-09-10 10:26:35 | [DATA] dataset sizes | train=1256 valid=314
2025-09-10 10:26:35 | [HighPerfDataset] updated epoch=7, p_hard=0.284
2025-09-10 10:26:35 | [EPOCH 7] >>> TRAIN start | steps=20 mixup=True
2025-09-10 10:27:45 | [EPOCH 7][TRAIN step 1/20] loss=0.25448 lr=0.000205 bs=64
2025-09-10 10:45:58 | [EPOCH 7][TRAIN step 20/20] loss=0.40736 lr=0.000205 bs=40
2025-09-10 10:45:58 | [EPOCH 7] <<< TRAIN end | loss=0.54708
2025-09-10 10:45:58 | [EPOCH 7] >>> VALID start | steps=5
2025-09-10 10:52:17 | [EPOCH 7] <<< VALID end | loss=0.19539 macro_f1=0.90498
2025-09-10 10:52:26 | [FOLD 2] NEW BEST F1: 0.90498 (epoch 7)
2025-09-10 10:52:26 | [DATA] build highperf loaders | img_size=384 bs=64
2025-09-10 10:52:26 | [DATA] augmentation: baseline-advanced (normal + hard augmentation)
2025-09-10 10:52:26 | [HighPerfDataset] size=1256 img_size=384 epoch=7/25 p_hard=0.284 is_train=True
2025-09-10 10:52:26 | [HighPerfDataset] size=314 img_size=384 epoch=7/25 p_hard=0.000 is_train=False
2025-09-10 10:52:26 | [DATA] dataset sizes | train=1256 valid=314
2025-09-10 10:52:26 | [HighPerfDataset] updated epoch=8, p_hard=0.296
2025-09-10 10:52:26 | [EPOCH 8] >>> TRAIN start | steps=20 mixup=True
2025-09-10 10:53:10 | [EPOCH 8][TRAIN step 1/20] loss=1.26329 lr=0.000195 bs=64
2025-09-10 11:05:59 | [EPOCH 8][TRAIN step 20/20] loss=0.17127 lr=0.000195 bs=40
2025-09-10 11:06:00 | [EPOCH 8] <<< TRAIN end | loss=0.61795
2025-09-10 11:06:00 | [EPOCH 8] >>> VALID start | steps=5
2025-09-10 11:11:15 | [EPOCH 8] <<< VALID end | loss=0.27169 macro_f1=0.87785
2025-09-10 11:11:15 | [DATA] build highperf loaders | img_size=384 bs=64
2025-09-10 11:11:15 | [DATA] augmentation: baseline-advanced (normal + hard augmentation)
2025-09-10 11:11:15 | [HighPerfDataset] size=1256 img_size=384 epoch=8/25 p_hard=0.296 is_train=True
2025-09-10 11:11:15 | [HighPerfDataset] size=314 img_size=384 epoch=8/25 p_hard=0.000 is_train=False
2025-09-10 11:11:15 | [DATA] dataset sizes | train=1256 valid=314
2025-09-10 11:11:15 | [HighPerfDataset] updated epoch=9, p_hard=0.308
2025-09-10 11:11:15 | [EPOCH 9] >>> TRAIN start | steps=20 mixup=True
2025-09-10 11:12:14 | [EPOCH 9][TRAIN step 1/20] loss=0.18068 lr=0.000182 bs=64
2025-09-10 11:25:31 | [EPOCH 9][TRAIN step 20/20] loss=0.68544 lr=0.000182 bs=40
2025-09-10 11:25:31 | [EPOCH 9] <<< TRAIN end | loss=0.69355
2025-09-10 11:25:31 | [EPOCH 9] >>> VALID start | steps=5
2025-09-10 11:30:31 | [EPOCH 9] <<< VALID end | loss=0.18616 macro_f1=0.91719
2025-09-10 11:30:40 | [FOLD 2] NEW BEST F1: 0.91719 (epoch 9)
2025-09-10 11:30:40 | [DATA] build highperf loaders | img_size=384 bs=64
2025-09-10 11:30:40 | [DATA] augmentation: baseline-advanced (normal + hard augmentation)
2025-09-10 11:30:40 | [HighPerfDataset] size=1256 img_size=384 epoch=9/25 p_hard=0.308 is_train=True
2025-09-10 11:30:40 | [HighPerfDataset] size=314 img_size=384 epoch=9/25 p_hard=0.000 is_train=False
2025-09-10 11:30:40 | [DATA] dataset sizes | train=1256 valid=314
2025-09-10 11:30:40 | [HighPerfDataset] updated epoch=10, p_hard=0.320
2025-09-10 11:30:40 | [EPOCH 10] >>> TRAIN start | steps=20 mixup=True
2025-09-10 11:31:37 | [EPOCH 10][TRAIN step 1/20] loss=0.23397 lr=0.000169 bs=64
2025-09-10 11:46:40 | [EPOCH 10][TRAIN step 20/20] loss=0.16294 lr=0.000169 bs=40
2025-09-10 11:46:40 | [EPOCH 10] <<< TRAIN end | loss=0.48389
2025-09-10 11:46:40 | [EPOCH 10] >>> VALID start | steps=5
2025-09-10 11:59:04 | [EPOCH 10] <<< VALID end | loss=0.14595 macro_f1=0.92917
2025-09-10 11:59:14 | [FOLD 2] NEW BEST F1: 0.92917 (epoch 10)
2025-09-10 11:59:14 | [DATA] build highperf loaders | img_size=384 bs=64
2025-09-10 11:59:14 | [DATA] augmentation: baseline-advanced (normal + hard augmentation)
2025-09-10 11:59:14 | [HighPerfDataset] size=1256 img_size=384 epoch=10/25 p_hard=0.320 is_train=True
2025-09-10 11:59:14 | [HighPerfDataset] size=314 img_size=384 epoch=10/25 p_hard=0.000 is_train=False
2025-09-10 11:59:14 | [DATA] dataset sizes | train=1256 valid=314
2025-09-10 11:59:14 | [HighPerfDataset] updated epoch=11, p_hard=0.332
2025-09-10 11:59:14 | [EPOCH 11] >>> TRAIN start | steps=20 mixup=True
2025-09-10 12:01:09 | [EPOCH 11][TRAIN step 1/20] loss=0.10394 lr=0.000155 bs=64
2025-09-10 12:30:38 | [EPOCH 11][TRAIN step 20/20] loss=0.83253 lr=0.000155 bs=40
2025-09-10 12:30:38 | [EPOCH 11] <<< TRAIN end | loss=0.74028
2025-09-10 12:30:38 | [EPOCH 11] >>> VALID start | steps=5
2025-09-10 12:41:52 | [EPOCH 11] <<< VALID end | loss=0.13551 macro_f1=0.93830
2025-09-10 12:42:01 | [FOLD 2] NEW BEST F1: 0.93830 (epoch 11)
2025-09-10 12:42:01 | [DATA] build highperf loaders | img_size=384 bs=64
2025-09-10 12:42:01 | [DATA] augmentation: baseline-advanced (normal + hard augmentation)
2025-09-10 12:42:01 | [HighPerfDataset] size=1256 img_size=384 epoch=11/25 p_hard=0.332 is_train=True
2025-09-10 12:42:01 | [HighPerfDataset] size=314 img_size=384 epoch=11/25 p_hard=0.000 is_train=False
2025-09-10 12:42:01 | [DATA] dataset sizes | train=1256 valid=314
2025-09-10 12:42:01 | [HighPerfDataset] updated epoch=12, p_hard=0.344
2025-09-10 12:42:01 | [EPOCH 12] >>> TRAIN start | steps=20 mixup=True
2025-09-10 12:43:57 | [EPOCH 12][TRAIN step 1/20] loss=0.19976 lr=0.000141 bs=64
2025-09-10 13:15:35 | [EPOCH 12][TRAIN step 20/20] loss=1.39629 lr=0.000141 bs=40
2025-09-10 13:15:36 | [EPOCH 12] <<< TRAIN end | loss=0.43256
2025-09-10 13:15:36 | [EPOCH 12] >>> VALID start | steps=5
2025-09-10 13:28:31 | [EPOCH 12] <<< VALID end | loss=0.17126 macro_f1=0.92599
2025-09-10 13:28:31 | [DATA] build highperf loaders | img_size=384 bs=64
2025-09-10 13:28:31 | [DATA] augmentation: baseline-advanced (normal + hard augmentation)
2025-09-10 13:28:31 | [HighPerfDataset] size=1256 img_size=384 epoch=12/25 p_hard=0.344 is_train=True
2025-09-10 13:28:31 | [HighPerfDataset] size=314 img_size=384 epoch=12/25 p_hard=0.000 is_train=False
2025-09-10 13:28:31 | [DATA] dataset sizes | train=1256 valid=314
2025-09-10 13:28:31 | [HighPerfDataset] updated epoch=13, p_hard=0.356
2025-09-10 13:28:31 | [EPOCH 13] >>> TRAIN start | steps=20 mixup=True
2025-09-10 13:30:35 | [EPOCH 13][TRAIN step 1/20] loss=1.10331 lr=0.000126 bs=64
2025-09-10 14:04:00 | [EPOCH 13][TRAIN step 20/20] loss=0.19811 lr=0.000126 bs=40
2025-09-10 14:04:00 | [EPOCH 13] <<< TRAIN end | loss=0.48495
2025-09-10 14:04:00 | [EPOCH 13] >>> VALID start | steps=5
2025-09-10 14:17:12 | [EPOCH 13] <<< VALID end | loss=0.17186 macro_f1=0.92932
2025-09-10 14:17:12 | [DATA] build highperf loaders | img_size=384 bs=64
2025-09-10 14:17:12 | [DATA] augmentation: baseline-advanced (normal + hard augmentation)
2025-09-10 14:17:12 | [HighPerfDataset] size=1256 img_size=384 epoch=13/25 p_hard=0.356 is_train=True
2025-09-10 14:17:12 | [HighPerfDataset] size=314 img_size=384 epoch=13/25 p_hard=0.000 is_train=False
2025-09-10 14:17:12 | [DATA] dataset sizes | train=1256 valid=314
2025-09-10 14:17:12 | [HighPerfDataset] updated epoch=14, p_hard=0.368
2025-09-10 14:17:12 | [EPOCH 14] >>> TRAIN start | steps=20 mixup=True
2025-09-10 14:19:12 | [EPOCH 14][TRAIN step 1/20] loss=1.01338 lr=0.000111 bs=64
2025-09-10 14:53:40 | [EPOCH 14][TRAIN step 20/20] loss=0.82422 lr=0.000111 bs=40
2025-09-10 14:53:40 | [EPOCH 14] <<< TRAIN end | loss=0.51538
2025-09-10 14:53:40 | [EPOCH 14] >>> VALID start | steps=5
2025-09-10 15:08:27 | [EPOCH 14] <<< VALID end | loss=0.13827 macro_f1=0.94339
2025-09-10 15:08:38 | [FOLD 2] NEW BEST F1: 0.94339 (epoch 14)
2025-09-10 15:08:38 | [DATA] build highperf loaders | img_size=384 bs=64
2025-09-10 15:08:38 | [DATA] augmentation: baseline-advanced (normal + hard augmentation)
2025-09-10 15:08:38 | [HighPerfDataset] size=1256 img_size=384 epoch=14/25 p_hard=0.368 is_train=True
2025-09-10 15:08:38 | [HighPerfDataset] size=314 img_size=384 epoch=14/25 p_hard=0.000 is_train=False
2025-09-10 15:08:38 | [DATA] dataset sizes | train=1256 valid=314
2025-09-10 15:08:38 | [HighPerfDataset] updated epoch=15, p_hard=0.380
2025-09-10 15:08:38 | [EPOCH 15] >>> TRAIN start | steps=20 mixup=True
2025-09-10 15:10:56 | [EPOCH 15][TRAIN step 1/20] loss=1.17341 lr=0.000097 bs=64
2025-09-10 15:34:52 | [SHUTDOWN] Training pipeline ended
