2025-09-07 09:57:31 | [BOOT] high-performance training pipeline started
2025-09-07 09:57:31 | [BOOT] device=cuda
2025-09-07 09:57:31 | [DATA] loaded train data | shape=(1570, 2)
2025-09-07 09:57:31 | ==================================================
2025-09-07 09:57:31 | FOLD 1/5 START
2025-09-07 09:57:31 | ==================================================
2025-09-07 09:57:31 | [FOLD 0] train=1256 valid=314
2025-09-07 09:57:34 | [DATA] build highperf loaders | img_size=384 bs=32
2025-09-07 09:57:34 | [DATA] augmentation: baseline-advanced (normal + hard augmentation)
2025-09-07 09:57:34 | [HighPerfDataset] size=1256 img_size=384 epoch=0/15 p_hard=0.200 is_train=True
2025-09-07 09:57:34 | [HighPerfDataset] size=314 img_size=384 epoch=0/15 p_hard=0.000 is_train=False
2025-09-07 09:57:34 | [DATA] dataset sizes | train=1256 valid=314
2025-09-07 09:57:34 | [HighPerfDataset] updated epoch=1, p_hard=0.220
2025-09-07 09:57:34 | [EPOCH 1] >>> TRAIN start | steps=40 mixup=True
2025-09-07 09:57:35 | [EPOCH 1][TRAIN step 1/40] loss=3.08911 lr=0.005782 bs=32
2025-09-07 09:57:48 | [EPOCH 1][TRAIN step 40/40] loss=3.51327 lr=0.005782 bs=8
2025-09-07 09:57:48 | [EPOCH 1] <<< TRAIN end | loss=5.23856
2025-09-07 09:57:48 | [EPOCH 1] >>> VALID start | steps=10
2025-09-07 09:57:51 | [EPOCH 1] <<< VALID end | loss=3.71131 macro_f1=0.00704
2025-09-07 09:57:51 | [FOLD 0] NEW BEST F1: 0.00704 (epoch 1)
2025-09-07 09:57:51 | [DATA] build highperf loaders | img_size=384 bs=32
2025-09-07 09:57:51 | [DATA] augmentation: baseline-advanced (normal + hard augmentation)
2025-09-07 09:57:51 | [HighPerfDataset] size=1256 img_size=384 epoch=1/15 p_hard=0.220 is_train=True
2025-09-07 09:57:51 | [HighPerfDataset] size=314 img_size=384 epoch=1/15 p_hard=0.000 is_train=False
2025-09-07 09:57:51 | [DATA] dataset sizes | train=1256 valid=314
2025-09-07 09:57:51 | [HighPerfDataset] updated epoch=2, p_hard=0.240
2025-09-07 09:57:51 | [EPOCH 2] >>> TRAIN start | steps=40 mixup=True
2025-09-07 09:57:52 | [EPOCH 2][TRAIN step 1/40] loss=4.25094 lr=0.005719 bs=32
2025-09-07 09:58:08 | [EPOCH 2][TRAIN step 40/40] loss=3.08971 lr=0.005719 bs=8
2025-09-07 09:58:08 | [EPOCH 2] <<< TRAIN end | loss=3.50679
2025-09-07 09:58:08 | [EPOCH 2] >>> VALID start | steps=10
2025-09-07 09:58:10 | [EPOCH 2] <<< VALID end | loss=3.04203 macro_f1=0.00536
2025-09-07 09:58:10 | [DATA] build highperf loaders | img_size=384 bs=32
2025-09-07 09:58:10 | [DATA] augmentation: baseline-advanced (normal + hard augmentation)
2025-09-07 09:58:10 | [HighPerfDataset] size=1256 img_size=384 epoch=2/15 p_hard=0.240 is_train=True
2025-09-07 09:58:10 | [HighPerfDataset] size=314 img_size=384 epoch=2/15 p_hard=0.000 is_train=False
2025-09-07 09:58:10 | [DATA] dataset sizes | train=1256 valid=314
2025-09-07 09:58:10 | [HighPerfDataset] updated epoch=3, p_hard=0.260
2025-09-07 09:58:10 | [EPOCH 3] >>> TRAIN start | steps=40 mixup=True
2025-09-07 09:58:11 | [EPOCH 3][TRAIN step 1/40] loss=3.13487 lr=0.005532 bs=32
2025-09-07 09:58:23 | [EPOCH 3][TRAIN step 40/40] loss=2.74545 lr=0.005532 bs=8
2025-09-07 09:58:23 | [EPOCH 3] <<< TRAIN end | loss=3.10197
2025-09-07 09:58:23 | [EPOCH 3] >>> VALID start | steps=10
2025-09-07 09:58:26 | [EPOCH 3] <<< VALID end | loss=2.98055 macro_f1=0.00704
2025-09-07 09:58:26 | [DATA] build highperf loaders | img_size=384 bs=32
2025-09-07 09:58:26 | [DATA] augmentation: baseline-advanced (normal + hard augmentation)
2025-09-07 09:58:26 | [HighPerfDataset] size=1256 img_size=384 epoch=3/15 p_hard=0.260 is_train=True
2025-09-07 09:58:26 | [HighPerfDataset] size=314 img_size=384 epoch=3/15 p_hard=0.000 is_train=False
2025-09-07 09:58:26 | [DATA] dataset sizes | train=1256 valid=314
2025-09-07 09:58:26 | [HighPerfDataset] updated epoch=4, p_hard=0.280
2025-09-07 09:58:26 | [EPOCH 4] >>> TRAIN start | steps=40 mixup=True
2025-09-07 09:58:27 | [EPOCH 4][TRAIN step 1/40] loss=3.00842 lr=0.005230 bs=32
2025-09-07 09:58:45 | [EPOCH 4][TRAIN step 40/40] loss=2.49829 lr=0.005230 bs=8
2025-09-07 09:58:45 | [EPOCH 4] <<< TRAIN end | loss=2.99032
2025-09-07 09:58:45 | [EPOCH 4] >>> VALID start | steps=10
2025-09-07 09:58:47 | [EPOCH 4] <<< VALID end | loss=3.00601 macro_f1=0.00704
2025-09-07 09:58:47 | [DATA] build highperf loaders | img_size=384 bs=32
2025-09-07 09:58:47 | [DATA] augmentation: baseline-advanced (normal + hard augmentation)
2025-09-07 09:58:47 | [HighPerfDataset] size=1256 img_size=384 epoch=4/15 p_hard=0.280 is_train=True
2025-09-07 09:58:47 | [HighPerfDataset] size=314 img_size=384 epoch=4/15 p_hard=0.000 is_train=False
2025-09-07 09:58:47 | [DATA] dataset sizes | train=1256 valid=314
2025-09-07 09:58:47 | [HighPerfDataset] updated epoch=5, p_hard=0.300
2025-09-07 09:58:47 | [EPOCH 5] >>> TRAIN start | steps=40 mixup=True
2025-09-07 09:58:48 | [EPOCH 5][TRAIN step 1/40] loss=2.92490 lr=0.004825 bs=32
2025-09-07 09:59:02 | [EPOCH 5][TRAIN step 40/40] loss=2.92993 lr=0.004825 bs=8
2025-09-07 09:59:02 | [EPOCH 5] <<< TRAIN end | loss=2.95575
2025-09-07 09:59:02 | [EPOCH 5] >>> VALID start | steps=10
2025-09-07 09:59:05 | [EPOCH 5] <<< VALID end | loss=2.87526 macro_f1=0.00704
2025-09-07 09:59:05 | [DATA] build highperf loaders | img_size=384 bs=32
2025-09-07 09:59:05 | [DATA] augmentation: baseline-advanced (normal + hard augmentation)
2025-09-07 09:59:05 | [HighPerfDataset] size=1256 img_size=384 epoch=5/15 p_hard=0.300 is_train=True
2025-09-07 09:59:05 | [HighPerfDataset] size=314 img_size=384 epoch=5/15 p_hard=0.000 is_train=False
2025-09-07 09:59:05 | [DATA] dataset sizes | train=1256 valid=314
2025-09-07 09:59:05 | [HighPerfDataset] updated epoch=6, p_hard=0.320
2025-09-07 09:59:05 | [EPOCH 6] >>> TRAIN start | steps=40 mixup=True
2025-09-07 09:59:05 | [EPOCH 6][TRAIN step 1/40] loss=3.04647 lr=0.004336 bs=32
2025-09-07 09:59:21 | [EPOCH 6][TRAIN step 40/40] loss=2.86349 lr=0.004336 bs=8
2025-09-07 09:59:21 | [EPOCH 6] <<< TRAIN end | loss=2.92130
2025-09-07 09:59:21 | [EPOCH 6] >>> VALID start | steps=10
2025-09-07 09:59:24 | [EPOCH 6] <<< VALID end | loss=2.88885 macro_f1=0.00704
2025-09-07 09:59:24 | [DATA] build highperf loaders | img_size=384 bs=32
2025-09-07 09:59:24 | [DATA] augmentation: baseline-advanced (normal + hard augmentation)
2025-09-07 09:59:24 | [HighPerfDataset] size=1256 img_size=384 epoch=6/15 p_hard=0.320 is_train=True
2025-09-07 09:59:24 | [HighPerfDataset] size=314 img_size=384 epoch=6/15 p_hard=0.000 is_train=False
2025-09-07 09:59:24 | [DATA] dataset sizes | train=1256 valid=314
2025-09-07 09:59:24 | [HighPerfDataset] updated epoch=7, p_hard=0.340
2025-09-07 09:59:24 | [EPOCH 7] >>> TRAIN start | steps=40 mixup=True
2025-09-07 09:59:25 | [EPOCH 7][TRAIN step 1/40] loss=3.06299 lr=0.003784 bs=32
2025-09-07 09:59:38 | [EPOCH 7][TRAIN step 40/40] loss=2.90063 lr=0.003784 bs=8
2025-09-07 09:59:38 | [EPOCH 7] <<< TRAIN end | loss=2.90321
2025-09-07 09:59:38 | [EPOCH 7] >>> VALID start | steps=10
2025-09-07 09:59:40 | [EPOCH 7] <<< VALID end | loss=2.84383 macro_f1=0.00704
2025-09-07 09:59:40 | [DATA] build highperf loaders | img_size=384 bs=32
2025-09-07 09:59:40 | [DATA] augmentation: baseline-advanced (normal + hard augmentation)
2025-09-07 09:59:40 | [HighPerfDataset] size=1256 img_size=384 epoch=7/15 p_hard=0.340 is_train=True
2025-09-07 09:59:40 | [HighPerfDataset] size=314 img_size=384 epoch=7/15 p_hard=0.000 is_train=False
2025-09-07 09:59:40 | [DATA] dataset sizes | train=1256 valid=314
2025-09-07 09:59:40 | [HighPerfDataset] updated epoch=8, p_hard=0.360
2025-09-07 09:59:40 | [EPOCH 8] >>> TRAIN start | steps=40 mixup=True
2025-09-07 09:59:40 | [EPOCH 8][TRAIN step 1/40] loss=2.88802 lr=0.003193 bs=32
2025-09-07 09:59:56 | [EPOCH 8][TRAIN step 40/40] loss=3.07056 lr=0.003193 bs=8
2025-09-07 09:59:56 | [EPOCH 8] <<< TRAIN end | loss=2.85674
2025-09-07 09:59:56 | [EPOCH 8] >>> VALID start | steps=10
2025-09-07 09:59:58 | [EPOCH 8] <<< VALID end | loss=2.84727 macro_f1=0.00704
2025-09-07 09:59:58 | [DATA] build highperf loaders | img_size=384 bs=32
2025-09-07 09:59:58 | [DATA] augmentation: baseline-advanced (normal + hard augmentation)
2025-09-07 09:59:58 | [HighPerfDataset] size=1256 img_size=384 epoch=8/15 p_hard=0.360 is_train=True
2025-09-07 09:59:58 | [HighPerfDataset] size=314 img_size=384 epoch=8/15 p_hard=0.000 is_train=False
2025-09-07 09:59:58 | [DATA] dataset sizes | train=1256 valid=314
2025-09-07 09:59:58 | [HighPerfDataset] updated epoch=9, p_hard=0.380
2025-09-07 09:59:58 | [EPOCH 9] >>> TRAIN start | steps=40 mixup=True
2025-09-07 09:59:59 | [EPOCH 9][TRAIN step 1/40] loss=2.83716 lr=0.002589 bs=32
2025-09-07 10:00:11 | [EPOCH 9][TRAIN step 40/40] loss=2.88257 lr=0.002589 bs=8
2025-09-07 10:00:11 | [EPOCH 9] <<< TRAIN end | loss=2.84728
2025-09-07 10:00:11 | [EPOCH 9] >>> VALID start | steps=10
2025-09-07 10:00:13 | [EPOCH 9] <<< VALID end | loss=2.83418 macro_f1=0.00704
2025-09-07 10:00:13 | [DATA] build highperf loaders | img_size=384 bs=32
2025-09-07 10:00:13 | [DATA] augmentation: baseline-advanced (normal + hard augmentation)
2025-09-07 10:00:13 | [HighPerfDataset] size=1256 img_size=384 epoch=9/15 p_hard=0.380 is_train=True
2025-09-07 10:00:13 | [HighPerfDataset] size=314 img_size=384 epoch=9/15 p_hard=0.000 is_train=False
2025-09-07 10:00:13 | [DATA] dataset sizes | train=1256 valid=314
2025-09-07 10:00:13 | [HighPerfDataset] updated epoch=10, p_hard=0.400
2025-09-07 10:00:13 | [EPOCH 10] >>> TRAIN start | steps=40 mixup=True
2025-09-07 10:00:14 | [EPOCH 10][TRAIN step 1/40] loss=2.88212 lr=0.001998 bs=32
2025-09-07 10:00:29 | [EPOCH 10][TRAIN step 40/40] loss=2.84518 lr=0.001998 bs=8
2025-09-07 10:00:29 | [EPOCH 10] <<< TRAIN end | loss=2.84576
2025-09-07 10:00:29 | [EPOCH 10] >>> VALID start | steps=10
2025-09-07 10:00:31 | [EPOCH 10] <<< VALID end | loss=2.81965 macro_f1=0.00704
2025-09-07 10:00:31 | [DATA] build highperf loaders | img_size=384 bs=32
2025-09-07 10:00:31 | [DATA] augmentation: baseline-advanced (normal + hard augmentation)
2025-09-07 10:00:31 | [HighPerfDataset] size=1256 img_size=384 epoch=10/15 p_hard=0.400 is_train=True
2025-09-07 10:00:31 | [HighPerfDataset] size=314 img_size=384 epoch=10/15 p_hard=0.000 is_train=False
2025-09-07 10:00:31 | [DATA] dataset sizes | train=1256 valid=314
2025-09-07 10:00:31 | [HighPerfDataset] updated epoch=11, p_hard=0.420
2025-09-07 10:00:31 | [EPOCH 11] >>> TRAIN start | steps=40 mixup=True
2025-09-07 10:00:32 | [EPOCH 11][TRAIN step 1/40] loss=2.79242 lr=0.001445 bs=32
2025-09-07 10:00:44 | [EPOCH 11][TRAIN step 40/40] loss=2.83496 lr=0.001445 bs=8
2025-09-07 10:00:44 | [EPOCH 11] <<< TRAIN end | loss=2.83169
2025-09-07 10:00:44 | [EPOCH 11] >>> VALID start | steps=10
2025-09-07 10:00:46 | [EPOCH 11] <<< VALID end | loss=2.81731 macro_f1=0.00704
2025-09-07 10:00:46 | [DATA] build highperf loaders | img_size=384 bs=32
2025-09-07 10:00:46 | [DATA] augmentation: baseline-advanced (normal + hard augmentation)
2025-09-07 10:00:46 | [HighPerfDataset] size=1256 img_size=384 epoch=11/15 p_hard=0.420 is_train=True
2025-09-07 10:00:46 | [HighPerfDataset] size=314 img_size=384 epoch=11/15 p_hard=0.000 is_train=False
2025-09-07 10:00:46 | [DATA] dataset sizes | train=1256 valid=314
2025-09-07 10:00:46 | [HighPerfDataset] updated epoch=12, p_hard=0.440
2025-09-07 10:00:46 | [EPOCH 12] >>> TRAIN start | steps=40 mixup=True
2025-09-07 10:00:47 | [EPOCH 12][TRAIN step 1/40] loss=2.78033 lr=0.000957 bs=32
2025-09-07 10:01:02 | [EPOCH 12][TRAIN step 40/40] loss=2.78955 lr=0.000957 bs=8
2025-09-07 10:01:02 | [EPOCH 12] <<< TRAIN end | loss=2.82777
2025-09-07 10:01:02 | [EPOCH 12] >>> VALID start | steps=10
2025-09-07 10:01:04 | [EPOCH 12] <<< VALID end | loss=2.81456 macro_f1=0.00704
2025-09-07 10:01:04 | [DATA] build highperf loaders | img_size=384 bs=32
2025-09-07 10:01:04 | [DATA] augmentation: baseline-advanced (normal + hard augmentation)
2025-09-07 10:01:04 | [HighPerfDataset] size=1256 img_size=384 epoch=12/15 p_hard=0.440 is_train=True
2025-09-07 10:01:04 | [HighPerfDataset] size=314 img_size=384 epoch=12/15 p_hard=0.000 is_train=False
2025-09-07 10:01:04 | [DATA] dataset sizes | train=1256 valid=314
2025-09-07 10:01:04 | [HighPerfDataset] updated epoch=13, p_hard=0.460
2025-09-07 10:01:04 | [EPOCH 13] >>> TRAIN start | steps=40 mixup=True
2025-09-07 10:01:04 | [EPOCH 13][TRAIN step 1/40] loss=2.81482 lr=0.000552 bs=32
2025-09-07 10:01:16 | [EPOCH 13][TRAIN step 40/40] loss=2.91455 lr=0.000552 bs=8
2025-09-07 10:01:16 | [EPOCH 13] <<< TRAIN end | loss=2.82253
2025-09-07 10:01:16 | [EPOCH 13] >>> VALID start | steps=10
2025-09-07 10:01:18 | [EPOCH 13] <<< VALID end | loss=2.81270 macro_f1=0.00704
2025-09-07 10:01:18 | [DATA] build highperf loaders | img_size=384 bs=32
2025-09-07 10:01:18 | [DATA] augmentation: baseline-advanced (normal + hard augmentation)
2025-09-07 10:01:18 | [HighPerfDataset] size=1256 img_size=384 epoch=13/15 p_hard=0.460 is_train=True
2025-09-07 10:01:18 | [HighPerfDataset] size=314 img_size=384 epoch=13/15 p_hard=0.000 is_train=False
2025-09-07 10:01:18 | [DATA] dataset sizes | train=1256 valid=314
2025-09-07 10:01:18 | [HighPerfDataset] updated epoch=14, p_hard=0.480
2025-09-07 10:01:18 | [EPOCH 14] >>> TRAIN start | steps=40 mixup=True
2025-09-07 10:01:18 | [EPOCH 14][TRAIN step 1/40] loss=2.79493 lr=0.000250 bs=32
2025-09-07 10:01:29 | [EPOCH 14][TRAIN step 40/40] loss=2.75244 lr=0.000250 bs=8
2025-09-07 10:01:29 | [EPOCH 14] <<< TRAIN end | loss=2.81842
2025-09-07 10:01:29 | [EPOCH 14] >>> VALID start | steps=10
2025-09-07 10:01:31 | [EPOCH 14] <<< VALID end | loss=2.81296 macro_f1=0.00704
2025-09-07 10:01:31 | [DATA] build highperf loaders | img_size=384 bs=32
2025-09-07 10:01:31 | [DATA] augmentation: baseline-advanced (normal + hard augmentation)
2025-09-07 10:01:31 | [HighPerfDataset] size=1256 img_size=384 epoch=14/15 p_hard=0.480 is_train=True
2025-09-07 10:01:31 | [HighPerfDataset] size=314 img_size=384 epoch=14/15 p_hard=0.000 is_train=False
2025-09-07 10:01:31 | [DATA] dataset sizes | train=1256 valid=314
2025-09-07 10:01:31 | [HighPerfDataset] updated epoch=15, p_hard=0.500
2025-09-07 10:01:31 | [EPOCH 15] >>> TRAIN start | steps=40 mixup=True
2025-09-07 10:01:32 | [EPOCH 15][TRAIN step 1/40] loss=2.83032 lr=0.000063 bs=32
2025-09-07 10:01:47 | [EPOCH 15][TRAIN step 40/40] loss=2.83838 lr=0.000063 bs=8
2025-09-07 10:01:47 | [EPOCH 15] <<< TRAIN end | loss=2.81692
2025-09-07 10:01:47 | [EPOCH 15] >>> VALID start | steps=10
2025-09-07 10:01:49 | [EPOCH 15] <<< VALID end | loss=2.81288 macro_f1=0.00704
2025-09-07 10:01:49 | [FOLD 0] COMPLETED | Best F1: 0.00704
2025-09-07 10:01:50 | ==================================================
2025-09-07 10:01:50 | FOLD 2/5 START
2025-09-07 10:01:50 | ==================================================
2025-09-07 10:01:50 | [FOLD 1] train=1256 valid=314
2025-09-07 10:01:51 | [DATA] build highperf loaders | img_size=384 bs=32
2025-09-07 10:01:51 | [DATA] augmentation: baseline-advanced (normal + hard augmentation)
2025-09-07 10:01:51 | [HighPerfDataset] size=1256 img_size=384 epoch=0/15 p_hard=0.200 is_train=True
2025-09-07 10:01:51 | [HighPerfDataset] size=314 img_size=384 epoch=0/15 p_hard=0.000 is_train=False
2025-09-07 10:01:51 | [DATA] dataset sizes | train=1256 valid=314
2025-09-07 10:01:51 | [HighPerfDataset] updated epoch=1, p_hard=0.220
2025-09-07 10:01:51 | [EPOCH 1] >>> TRAIN start | steps=40 mixup=True
2025-09-07 10:01:52 | [EPOCH 1][TRAIN step 1/40] loss=2.90476 lr=0.005782 bs=32
2025-09-07 10:02:04 | [EPOCH 1][TRAIN step 40/40] loss=3.78194 lr=0.005782 bs=8
2025-09-07 10:02:04 | [EPOCH 1] <<< TRAIN end | loss=4.89655
2025-09-07 10:02:04 | [EPOCH 1] >>> VALID start | steps=10
2025-09-07 10:02:06 | [EPOCH 1] <<< VALID end | loss=3.37768 macro_f1=0.00704
2025-09-07 10:02:07 | [FOLD 1] NEW BEST F1: 0.00704 (epoch 1)
2025-09-07 10:02:07 | [DATA] build highperf loaders | img_size=384 bs=32
2025-09-07 10:02:07 | [DATA] augmentation: baseline-advanced (normal + hard augmentation)
2025-09-07 10:02:07 | [HighPerfDataset] size=1256 img_size=384 epoch=1/15 p_hard=0.220 is_train=True
2025-09-07 10:02:07 | [HighPerfDataset] size=314 img_size=384 epoch=1/15 p_hard=0.000 is_train=False
2025-09-07 10:02:07 | [DATA] dataset sizes | train=1256 valid=314
2025-09-07 10:02:07 | [HighPerfDataset] updated epoch=2, p_hard=0.240
2025-09-07 10:02:07 | [EPOCH 2] >>> TRAIN start | steps=40 mixup=True
2025-09-07 10:02:07 | [EPOCH 2][TRAIN step 1/40] loss=4.22609 lr=0.005719 bs=32
2025-09-07 10:02:22 | [EPOCH 2][TRAIN step 40/40] loss=3.52278 lr=0.005719 bs=8
2025-09-07 10:02:22 | [EPOCH 2] <<< TRAIN end | loss=3.14266
2025-09-07 10:02:22 | [EPOCH 2] >>> VALID start | steps=10
2025-09-07 10:02:24 | [EPOCH 2] <<< VALID end | loss=3.03432 macro_f1=0.00704
2025-09-07 10:02:24 | [DATA] build highperf loaders | img_size=384 bs=32
2025-09-07 10:02:24 | [DATA] augmentation: baseline-advanced (normal + hard augmentation)
2025-09-07 10:02:24 | [HighPerfDataset] size=1256 img_size=384 epoch=2/15 p_hard=0.240 is_train=True
2025-09-07 10:02:24 | [HighPerfDataset] size=314 img_size=384 epoch=2/15 p_hard=0.000 is_train=False
2025-09-07 10:02:24 | [DATA] dataset sizes | train=1256 valid=314
2025-09-07 10:02:24 | [HighPerfDataset] updated epoch=3, p_hard=0.260
2025-09-07 10:02:24 | [EPOCH 3] >>> TRAIN start | steps=40 mixup=True
2025-09-07 10:02:25 | [EPOCH 3][TRAIN step 1/40] loss=3.09225 lr=0.005532 bs=32
2025-09-07 10:02:37 | [EPOCH 3][TRAIN step 40/40] loss=2.49780 lr=0.005532 bs=8
2025-09-07 10:02:37 | [EPOCH 3] <<< TRAIN end | loss=3.02953
2025-09-07 10:02:37 | [EPOCH 3] >>> VALID start | steps=10
2025-09-07 10:02:39 | [EPOCH 3] <<< VALID end | loss=3.03760 macro_f1=0.00704
2025-09-07 10:02:39 | [DATA] build highperf loaders | img_size=384 bs=32
2025-09-07 10:02:39 | [DATA] augmentation: baseline-advanced (normal + hard augmentation)
2025-09-07 10:02:39 | [HighPerfDataset] size=1256 img_size=384 epoch=3/15 p_hard=0.260 is_train=True
2025-09-07 10:02:39 | [HighPerfDataset] size=314 img_size=384 epoch=3/15 p_hard=0.000 is_train=False
2025-09-07 10:02:39 | [DATA] dataset sizes | train=1256 valid=314
2025-09-07 10:02:39 | [HighPerfDataset] updated epoch=4, p_hard=0.280
2025-09-07 10:02:39 | [EPOCH 4] >>> TRAIN start | steps=40 mixup=True
2025-09-07 10:02:40 | [EPOCH 4][TRAIN step 1/40] loss=2.96960 lr=0.005230 bs=32
2025-09-07 10:02:55 | [EPOCH 4][TRAIN step 40/40] loss=2.82420 lr=0.005230 bs=8
2025-09-07 10:02:55 | [EPOCH 4] <<< TRAIN end | loss=2.98805
2025-09-07 10:02:55 | [EPOCH 4] >>> VALID start | steps=10
2025-09-07 10:02:57 | [EPOCH 4] <<< VALID end | loss=2.92422 macro_f1=0.00704
2025-09-07 10:02:57 | [DATA] build highperf loaders | img_size=384 bs=32
2025-09-07 10:02:57 | [DATA] augmentation: baseline-advanced (normal + hard augmentation)
2025-09-07 10:02:57 | [HighPerfDataset] size=1256 img_size=384 epoch=4/15 p_hard=0.280 is_train=True
2025-09-07 10:02:57 | [HighPerfDataset] size=314 img_size=384 epoch=4/15 p_hard=0.000 is_train=False
2025-09-07 10:02:57 | [DATA] dataset sizes | train=1256 valid=314
2025-09-07 10:02:57 | [HighPerfDataset] updated epoch=5, p_hard=0.300
2025-09-07 10:02:57 | [EPOCH 5] >>> TRAIN start | steps=40 mixup=True
2025-09-07 10:02:58 | [EPOCH 5][TRAIN step 1/40] loss=3.25229 lr=0.004825 bs=32
2025-09-07 10:03:09 | [EPOCH 5][TRAIN step 40/40] loss=2.92090 lr=0.004825 bs=8
2025-09-07 10:03:09 | [EPOCH 5] <<< TRAIN end | loss=2.91474
2025-09-07 10:03:09 | [EPOCH 5] >>> VALID start | steps=10
2025-09-07 10:03:12 | [EPOCH 5] <<< VALID end | loss=2.86185 macro_f1=0.00704
2025-09-07 10:03:12 | [DATA] build highperf loaders | img_size=384 bs=32
2025-09-07 10:03:12 | [DATA] augmentation: baseline-advanced (normal + hard augmentation)
2025-09-07 10:03:12 | [HighPerfDataset] size=1256 img_size=384 epoch=5/15 p_hard=0.300 is_train=True
2025-09-07 10:03:12 | [HighPerfDataset] size=314 img_size=384 epoch=5/15 p_hard=0.000 is_train=False
2025-09-07 10:03:12 | [DATA] dataset sizes | train=1256 valid=314
2025-09-07 10:03:12 | [HighPerfDataset] updated epoch=6, p_hard=0.320
2025-09-07 10:03:12 | [EPOCH 6] >>> TRAIN start | steps=40 mixup=True
2025-09-07 10:03:12 | [EPOCH 6][TRAIN step 1/40] loss=2.81613 lr=0.004336 bs=32
2025-09-07 10:03:29 | [EPOCH 6][TRAIN step 40/40] loss=2.83977 lr=0.004336 bs=8
2025-09-07 10:03:29 | [EPOCH 6] <<< TRAIN end | loss=2.87292
2025-09-07 10:03:29 | [EPOCH 6] >>> VALID start | steps=10
2025-09-07 10:03:31 | [EPOCH 6] <<< VALID end | loss=2.84167 macro_f1=0.00704
2025-09-07 10:03:31 | [DATA] build highperf loaders | img_size=384 bs=32
2025-09-07 10:03:31 | [DATA] augmentation: baseline-advanced (normal + hard augmentation)
2025-09-07 10:03:31 | [HighPerfDataset] size=1256 img_size=384 epoch=6/15 p_hard=0.320 is_train=True
2025-09-07 10:03:31 | [HighPerfDataset] size=314 img_size=384 epoch=6/15 p_hard=0.000 is_train=False
2025-09-07 10:03:31 | [DATA] dataset sizes | train=1256 valid=314
2025-09-07 10:03:31 | [HighPerfDataset] updated epoch=7, p_hard=0.340
2025-09-07 10:03:31 | [EPOCH 7] >>> TRAIN start | steps=40 mixup=True
2025-09-07 10:03:32 | [EPOCH 7][TRAIN step 1/40] loss=2.81757 lr=0.003784 bs=32
2025-09-07 10:03:44 | [EPOCH 7][TRAIN step 40/40] loss=3.09106 lr=0.003784 bs=8
2025-09-07 10:03:44 | [EPOCH 7] <<< TRAIN end | loss=2.86793
2025-09-07 10:03:44 | [EPOCH 7] >>> VALID start | steps=10
2025-09-07 10:03:46 | [EPOCH 7] <<< VALID end | loss=2.84502 macro_f1=0.00704
2025-09-07 10:03:46 | [DATA] build highperf loaders | img_size=384 bs=32
2025-09-07 10:03:46 | [DATA] augmentation: baseline-advanced (normal + hard augmentation)
2025-09-07 10:03:46 | [HighPerfDataset] size=1256 img_size=384 epoch=7/15 p_hard=0.340 is_train=True
2025-09-07 10:03:46 | [HighPerfDataset] size=314 img_size=384 epoch=7/15 p_hard=0.000 is_train=False
2025-09-07 10:03:46 | [DATA] dataset sizes | train=1256 valid=314
2025-09-07 10:03:46 | [HighPerfDataset] updated epoch=8, p_hard=0.360
2025-09-07 10:03:46 | [EPOCH 8] >>> TRAIN start | steps=40 mixup=True
2025-09-07 10:03:47 | [EPOCH 8][TRAIN step 1/40] loss=2.79517 lr=0.003193 bs=32
2025-09-07 10:04:02 | [EPOCH 8][TRAIN step 40/40] loss=3.14575 lr=0.003193 bs=8
2025-09-07 10:04:02 | [EPOCH 8] <<< TRAIN end | loss=2.84591
2025-09-07 10:04:02 | [EPOCH 8] >>> VALID start | steps=10
2025-09-07 10:04:04 | [EPOCH 8] <<< VALID end | loss=2.84109 macro_f1=0.00704
2025-09-07 10:04:04 | [DATA] build highperf loaders | img_size=384 bs=32
2025-09-07 10:04:04 | [DATA] augmentation: baseline-advanced (normal + hard augmentation)
2025-09-07 10:04:04 | [HighPerfDataset] size=1256 img_size=384 epoch=8/15 p_hard=0.360 is_train=True
2025-09-07 10:04:04 | [HighPerfDataset] size=314 img_size=384 epoch=8/15 p_hard=0.000 is_train=False
2025-09-07 10:04:04 | [DATA] dataset sizes | train=1256 valid=314
2025-09-07 10:04:04 | [HighPerfDataset] updated epoch=9, p_hard=0.380
2025-09-07 10:04:04 | [EPOCH 9] >>> TRAIN start | steps=40 mixup=True
2025-09-07 10:04:05 | [EPOCH 9][TRAIN step 1/40] loss=2.85245 lr=0.002589 bs=32
2025-09-07 10:04:17 | [EPOCH 9][TRAIN step 40/40] loss=2.85457 lr=0.002589 bs=8
2025-09-07 10:04:17 | [EPOCH 9] <<< TRAIN end | loss=2.84090
2025-09-07 10:04:17 | [EPOCH 9] >>> VALID start | steps=10
2025-09-07 10:04:19 | [EPOCH 9] <<< VALID end | loss=2.84928 macro_f1=0.00704
2025-09-07 10:04:19 | [DATA] build highperf loaders | img_size=384 bs=32
2025-09-07 10:04:19 | [DATA] augmentation: baseline-advanced (normal + hard augmentation)
2025-09-07 10:04:19 | [HighPerfDataset] size=1256 img_size=384 epoch=9/15 p_hard=0.380 is_train=True
2025-09-07 10:04:19 | [HighPerfDataset] size=314 img_size=384 epoch=9/15 p_hard=0.000 is_train=False
2025-09-07 10:04:19 | [DATA] dataset sizes | train=1256 valid=314
2025-09-07 10:04:19 | [HighPerfDataset] updated epoch=10, p_hard=0.400
2025-09-07 10:04:19 | [EPOCH 10] >>> TRAIN start | steps=40 mixup=True
2025-09-07 10:04:20 | [EPOCH 10][TRAIN step 1/40] loss=2.86859 lr=0.001998 bs=32
2025-09-07 10:04:31 | [EPOCH 10][TRAIN step 40/40] loss=2.87155 lr=0.001998 bs=8
2025-09-07 10:04:31 | [EPOCH 10] <<< TRAIN end | loss=2.83042
2025-09-07 10:04:31 | [EPOCH 10] >>> VALID start | steps=10
2025-09-07 10:04:37 | [EPOCH 10] <<< VALID end | loss=2.82024 macro_f1=0.00704
2025-09-07 10:04:37 | [DATA] build highperf loaders | img_size=384 bs=32
2025-09-07 10:04:37 | [DATA] augmentation: baseline-advanced (normal + hard augmentation)
2025-09-07 10:04:37 | [HighPerfDataset] size=1256 img_size=384 epoch=10/15 p_hard=0.400 is_train=True
2025-09-07 10:04:37 | [HighPerfDataset] size=314 img_size=384 epoch=10/15 p_hard=0.000 is_train=False
2025-09-07 10:04:37 | [DATA] dataset sizes | train=1256 valid=314
2025-09-07 10:04:37 | [HighPerfDataset] updated epoch=11, p_hard=0.420
2025-09-07 10:04:37 | [EPOCH 11] >>> TRAIN start | steps=40 mixup=True
2025-09-07 10:04:37 | [EPOCH 11][TRAIN step 1/40] loss=2.85181 lr=0.001445 bs=32
2025-09-07 10:04:49 | [EPOCH 11][TRAIN step 40/40] loss=2.98355 lr=0.001445 bs=8
2025-09-07 10:04:49 | [EPOCH 11] <<< TRAIN end | loss=2.82824
2025-09-07 10:04:49 | [EPOCH 11] >>> VALID start | steps=10
2025-09-07 10:04:51 | [EPOCH 11] <<< VALID end | loss=2.81425 macro_f1=0.00704
2025-09-07 10:04:51 | [DATA] build highperf loaders | img_size=384 bs=32
2025-09-07 10:04:51 | [DATA] augmentation: baseline-advanced (normal + hard augmentation)
2025-09-07 10:04:51 | [HighPerfDataset] size=1256 img_size=384 epoch=11/15 p_hard=0.420 is_train=True
2025-09-07 10:04:51 | [HighPerfDataset] size=314 img_size=384 epoch=11/15 p_hard=0.000 is_train=False
2025-09-07 10:04:51 | [DATA] dataset sizes | train=1256 valid=314
2025-09-07 10:04:51 | [HighPerfDataset] updated epoch=12, p_hard=0.440
2025-09-07 10:04:51 | [EPOCH 12] >>> TRAIN start | steps=40 mixup=True
2025-09-07 10:04:51 | [EPOCH 12][TRAIN step 1/40] loss=2.81379 lr=0.000957 bs=32
2025-09-07 10:05:02 | [EPOCH 12][TRAIN step 40/40] loss=2.85400 lr=0.000957 bs=8
2025-09-07 10:05:02 | [EPOCH 12] <<< TRAIN end | loss=2.82355
2025-09-07 10:05:02 | [EPOCH 12] >>> VALID start | steps=10
2025-09-07 10:05:04 | [EPOCH 12] <<< VALID end | loss=2.81326 macro_f1=0.00704
2025-09-07 10:05:04 | [DATA] build highperf loaders | img_size=384 bs=32
2025-09-07 10:05:04 | [DATA] augmentation: baseline-advanced (normal + hard augmentation)
2025-09-07 10:05:04 | [HighPerfDataset] size=1256 img_size=384 epoch=12/15 p_hard=0.440 is_train=True
2025-09-07 10:05:04 | [HighPerfDataset] size=314 img_size=384 epoch=12/15 p_hard=0.000 is_train=False
2025-09-07 10:05:04 | [DATA] dataset sizes | train=1256 valid=314
2025-09-07 10:05:04 | [HighPerfDataset] updated epoch=13, p_hard=0.460
2025-09-07 10:05:04 | [EPOCH 13] >>> TRAIN start | steps=40 mixup=True
2025-09-07 10:05:05 | [EPOCH 13][TRAIN step 1/40] loss=2.80904 lr=0.000552 bs=32
2025-09-07 10:05:20 | [EPOCH 13][TRAIN step 40/40] loss=2.76881 lr=0.000552 bs=8
2025-09-07 10:05:20 | [EPOCH 13] <<< TRAIN end | loss=2.81885
2025-09-07 10:05:20 | [EPOCH 13] >>> VALID start | steps=10
2025-09-07 10:05:22 | [EPOCH 13] <<< VALID end | loss=2.81301 macro_f1=0.00704
2025-09-07 10:05:22 | [DATA] build highperf loaders | img_size=384 bs=32
2025-09-07 10:05:22 | [DATA] augmentation: baseline-advanced (normal + hard augmentation)
2025-09-07 10:05:22 | [HighPerfDataset] size=1256 img_size=384 epoch=13/15 p_hard=0.460 is_train=True
2025-09-07 10:05:22 | [HighPerfDataset] size=314 img_size=384 epoch=13/15 p_hard=0.000 is_train=False
2025-09-07 10:05:22 | [DATA] dataset sizes | train=1256 valid=314
2025-09-07 10:05:22 | [HighPerfDataset] updated epoch=14, p_hard=0.480
2025-09-07 10:05:22 | [EPOCH 14] >>> TRAIN start | steps=40 mixup=True
2025-09-07 10:05:23 | [EPOCH 14][TRAIN step 1/40] loss=2.82172 lr=0.000250 bs=32
2025-09-07 10:05:34 | [EPOCH 14][TRAIN step 40/40] loss=2.75220 lr=0.000250 bs=8
2025-09-07 10:05:34 | [EPOCH 14] <<< TRAIN end | loss=2.81740
2025-09-07 10:05:34 | [EPOCH 14] >>> VALID start | steps=10
2025-09-07 10:05:36 | [EPOCH 14] <<< VALID end | loss=2.81273 macro_f1=0.00704
2025-09-07 10:05:36 | [DATA] build highperf loaders | img_size=384 bs=32
2025-09-07 10:05:36 | [DATA] augmentation: baseline-advanced (normal + hard augmentation)
2025-09-07 10:05:36 | [HighPerfDataset] size=1256 img_size=384 epoch=14/15 p_hard=0.480 is_train=True
2025-09-07 10:05:36 | [HighPerfDataset] size=314 img_size=384 epoch=14/15 p_hard=0.000 is_train=False
2025-09-07 10:05:36 | [DATA] dataset sizes | train=1256 valid=314
2025-09-07 10:05:36 | [HighPerfDataset] updated epoch=15, p_hard=0.500
2025-09-07 10:05:36 | [EPOCH 15] >>> TRAIN start | steps=40 mixup=True
2025-09-07 10:05:36 | [EPOCH 15][TRAIN step 1/40] loss=2.86780 lr=0.000063 bs=32
2025-09-07 10:05:51 | [EPOCH 15][TRAIN step 40/40] loss=2.75635 lr=0.000063 bs=8
2025-09-07 10:05:51 | [EPOCH 15] <<< TRAIN end | loss=2.81419
2025-09-07 10:05:51 | [EPOCH 15] >>> VALID start | steps=10
2025-09-07 10:05:53 | [EPOCH 15] <<< VALID end | loss=2.81265 macro_f1=0.00704
2025-09-07 10:05:53 | [FOLD 1] COMPLETED | Best F1: 0.00704
2025-09-07 10:05:54 | ==================================================
2025-09-07 10:05:54 | FOLD 3/5 START
2025-09-07 10:05:54 | ==================================================
2025-09-07 10:05:54 | [FOLD 2] train=1256 valid=314
2025-09-07 10:05:56 | [DATA] build highperf loaders | img_size=384 bs=32
2025-09-07 10:05:56 | [DATA] augmentation: baseline-advanced (normal + hard augmentation)
2025-09-07 10:05:56 | [HighPerfDataset] size=1256 img_size=384 epoch=0/15 p_hard=0.200 is_train=True
2025-09-07 10:05:56 | [HighPerfDataset] size=314 img_size=384 epoch=0/15 p_hard=0.000 is_train=False
2025-09-07 10:05:56 | [DATA] dataset sizes | train=1256 valid=314
2025-09-07 10:05:56 | [HighPerfDataset] updated epoch=1, p_hard=0.220
2025-09-07 10:05:56 | [EPOCH 1] >>> TRAIN start | steps=40 mixup=True
2025-09-07 10:05:57 | [EPOCH 1][TRAIN step 1/40] loss=2.85919 lr=0.005782 bs=32
2025-09-07 10:06:08 | [EPOCH 1][TRAIN step 40/40] loss=3.15538 lr=0.005782 bs=8
2025-09-07 10:06:08 | [EPOCH 1] <<< TRAIN end | loss=4.73684
2025-09-07 10:06:08 | [EPOCH 1] >>> VALID start | steps=10
2025-09-07 10:06:10 | [EPOCH 1] <<< VALID end | loss=3.03435 macro_f1=0.00704
2025-09-07 10:06:11 | [FOLD 2] NEW BEST F1: 0.00704 (epoch 1)
2025-09-07 10:06:11 | [DATA] build highperf loaders | img_size=384 bs=32
2025-09-07 10:06:11 | [DATA] augmentation: baseline-advanced (normal + hard augmentation)
2025-09-07 10:06:11 | [HighPerfDataset] size=1256 img_size=384 epoch=1/15 p_hard=0.220 is_train=True
2025-09-07 10:06:11 | [HighPerfDataset] size=314 img_size=384 epoch=1/15 p_hard=0.000 is_train=False
2025-09-07 10:06:11 | [DATA] dataset sizes | train=1256 valid=314
2025-09-07 10:06:11 | [HighPerfDataset] updated epoch=2, p_hard=0.240
2025-09-07 10:06:11 | [EPOCH 2] >>> TRAIN start | steps=40 mixup=True
2025-09-07 10:06:11 | [EPOCH 2][TRAIN step 1/40] loss=3.35415 lr=0.005719 bs=32
2025-09-07 10:06:26 | [EPOCH 2][TRAIN step 40/40] loss=2.66832 lr=0.005719 bs=8
2025-09-07 10:06:26 | [EPOCH 2] <<< TRAIN end | loss=3.19537
2025-09-07 10:06:26 | [EPOCH 2] >>> VALID start | steps=10
2025-09-07 10:06:28 | [EPOCH 2] <<< VALID end | loss=2.98283 macro_f1=0.00704
2025-09-07 10:06:28 | [DATA] build highperf loaders | img_size=384 bs=32
2025-09-07 10:06:28 | [DATA] augmentation: baseline-advanced (normal + hard augmentation)
2025-09-07 10:06:28 | [HighPerfDataset] size=1256 img_size=384 epoch=2/15 p_hard=0.240 is_train=True
2025-09-07 10:06:28 | [HighPerfDataset] size=314 img_size=384 epoch=2/15 p_hard=0.000 is_train=False
2025-09-07 10:06:28 | [DATA] dataset sizes | train=1256 valid=314
2025-09-07 10:06:28 | [HighPerfDataset] updated epoch=3, p_hard=0.260
2025-09-07 10:06:28 | [EPOCH 3] >>> TRAIN start | steps=40 mixup=True
2025-09-07 10:06:29 | [EPOCH 3][TRAIN step 1/40] loss=3.24309 lr=0.005532 bs=32
2025-09-07 10:06:40 | [EPOCH 3][TRAIN step 40/40] loss=2.97714 lr=0.005532 bs=8
2025-09-07 10:06:40 | [EPOCH 3] <<< TRAIN end | loss=3.01802
2025-09-07 10:06:40 | [EPOCH 3] >>> VALID start | steps=10
2025-09-07 10:06:42 | [EPOCH 3] <<< VALID end | loss=3.00171 macro_f1=0.00704
2025-09-07 10:06:42 | [DATA] build highperf loaders | img_size=384 bs=32
2025-09-07 10:06:42 | [DATA] augmentation: baseline-advanced (normal + hard augmentation)
2025-09-07 10:06:42 | [HighPerfDataset] size=1256 img_size=384 epoch=3/15 p_hard=0.260 is_train=True
2025-09-07 10:06:42 | [HighPerfDataset] size=314 img_size=384 epoch=3/15 p_hard=0.000 is_train=False
2025-09-07 10:06:42 | [DATA] dataset sizes | train=1256 valid=314
2025-09-07 10:06:42 | [HighPerfDataset] updated epoch=4, p_hard=0.280
2025-09-07 10:06:42 | [EPOCH 4] >>> TRAIN start | steps=40 mixup=True
2025-09-07 10:06:42 | [EPOCH 4][TRAIN step 1/40] loss=3.06335 lr=0.005230 bs=32
2025-09-07 10:06:54 | [EPOCH 4][TRAIN step 40/40] loss=2.75268 lr=0.005230 bs=8
2025-09-07 10:06:54 | [EPOCH 4] <<< TRAIN end | loss=2.94787
2025-09-07 10:06:54 | [EPOCH 4] >>> VALID start | steps=10
2025-09-07 10:06:59 | [EPOCH 4] <<< VALID end | loss=2.96626 macro_f1=0.00704
2025-09-07 10:06:59 | [DATA] build highperf loaders | img_size=384 bs=32
2025-09-07 10:06:59 | [DATA] augmentation: baseline-advanced (normal + hard augmentation)
2025-09-07 10:06:59 | [HighPerfDataset] size=1256 img_size=384 epoch=4/15 p_hard=0.280 is_train=True
2025-09-07 10:06:59 | [HighPerfDataset] size=314 img_size=384 epoch=4/15 p_hard=0.000 is_train=False
2025-09-07 10:06:59 | [DATA] dataset sizes | train=1256 valid=314
2025-09-07 10:06:59 | [HighPerfDataset] updated epoch=5, p_hard=0.300
2025-09-07 10:06:59 | [EPOCH 5] >>> TRAIN start | steps=40 mixup=True
2025-09-07 10:07:00 | [EPOCH 5][TRAIN step 1/40] loss=3.00613 lr=0.004825 bs=32
2025-09-07 10:07:11 | [EPOCH 5][TRAIN step 40/40] loss=2.80994 lr=0.004825 bs=8
2025-09-07 10:07:11 | [EPOCH 5] <<< TRAIN end | loss=2.93083
2025-09-07 10:07:11 | [EPOCH 5] >>> VALID start | steps=10
2025-09-07 10:07:13 | [EPOCH 5] <<< VALID end | loss=2.90820 macro_f1=0.00704
2025-09-07 10:07:13 | [DATA] build highperf loaders | img_size=384 bs=32
2025-09-07 10:07:13 | [DATA] augmentation: baseline-advanced (normal + hard augmentation)
2025-09-07 10:07:13 | [HighPerfDataset] size=1256 img_size=384 epoch=5/15 p_hard=0.300 is_train=True
2025-09-07 10:07:13 | [HighPerfDataset] size=314 img_size=384 epoch=5/15 p_hard=0.000 is_train=False
2025-09-07 10:07:13 | [DATA] dataset sizes | train=1256 valid=314
2025-09-07 10:07:13 | [HighPerfDataset] updated epoch=6, p_hard=0.320
2025-09-07 10:07:13 | [EPOCH 6] >>> TRAIN start | steps=40 mixup=True
2025-09-07 10:07:14 | [EPOCH 6][TRAIN step 1/40] loss=2.85401 lr=0.004336 bs=32
2025-09-07 10:07:25 | [EPOCH 6][TRAIN step 40/40] loss=2.83856 lr=0.004336 bs=8
2025-09-07 10:07:25 | [EPOCH 6] <<< TRAIN end | loss=2.88862
2025-09-07 10:07:25 | [EPOCH 6] >>> VALID start | steps=10
2025-09-07 10:07:27 | [EPOCH 6] <<< VALID end | loss=2.84040 macro_f1=0.00704
2025-09-07 10:07:27 | [DATA] build highperf loaders | img_size=384 bs=32
2025-09-07 10:07:27 | [DATA] augmentation: baseline-advanced (normal + hard augmentation)
2025-09-07 10:07:27 | [HighPerfDataset] size=1256 img_size=384 epoch=6/15 p_hard=0.320 is_train=True
2025-09-07 10:07:27 | [HighPerfDataset] size=314 img_size=384 epoch=6/15 p_hard=0.000 is_train=False
2025-09-07 10:07:27 | [DATA] dataset sizes | train=1256 valid=314
2025-09-07 10:07:27 | [HighPerfDataset] updated epoch=7, p_hard=0.340
2025-09-07 10:07:27 | [EPOCH 7] >>> TRAIN start | steps=40 mixup=True
2025-09-07 10:07:28 | [EPOCH 7][TRAIN step 1/40] loss=2.82660 lr=0.003784 bs=32
2025-09-07 10:07:42 | [EPOCH 7][TRAIN step 40/40] loss=3.03394 lr=0.003784 bs=8
2025-09-07 10:07:42 | [EPOCH 7] <<< TRAIN end | loss=2.87245
2025-09-07 10:07:42 | [EPOCH 7] >>> VALID start | steps=10
2025-09-07 10:07:44 | [EPOCH 7] <<< VALID end | loss=2.82322 macro_f1=0.00704
2025-09-07 10:07:44 | [DATA] build highperf loaders | img_size=384 bs=32
2025-09-07 10:07:44 | [DATA] augmentation: baseline-advanced (normal + hard augmentation)
2025-09-07 10:07:44 | [HighPerfDataset] size=1256 img_size=384 epoch=7/15 p_hard=0.340 is_train=True
2025-09-07 10:07:44 | [HighPerfDataset] size=314 img_size=384 epoch=7/15 p_hard=0.000 is_train=False
2025-09-07 10:07:44 | [DATA] dataset sizes | train=1256 valid=314
2025-09-07 10:07:44 | [HighPerfDataset] updated epoch=8, p_hard=0.360
2025-09-07 10:07:44 | [EPOCH 8] >>> TRAIN start | steps=40 mixup=True
2025-09-07 10:07:45 | [EPOCH 8][TRAIN step 1/40] loss=2.92328 lr=0.003193 bs=32
2025-09-07 10:07:56 | [EPOCH 8][TRAIN step 40/40] loss=2.91162 lr=0.003193 bs=8
2025-09-07 10:07:56 | [EPOCH 8] <<< TRAIN end | loss=2.84566
2025-09-07 10:07:56 | [EPOCH 8] >>> VALID start | steps=10
2025-09-07 10:07:58 | [EPOCH 8] <<< VALID end | loss=2.83720 macro_f1=0.00704
2025-09-07 10:07:58 | [DATA] build highperf loaders | img_size=384 bs=32
2025-09-07 10:07:58 | [DATA] augmentation: baseline-advanced (normal + hard augmentation)
2025-09-07 10:07:58 | [HighPerfDataset] size=1256 img_size=384 epoch=8/15 p_hard=0.360 is_train=True
2025-09-07 10:07:58 | [HighPerfDataset] size=314 img_size=384 epoch=8/15 p_hard=0.000 is_train=False
2025-09-07 10:07:58 | [DATA] dataset sizes | train=1256 valid=314
2025-09-07 10:07:58 | [HighPerfDataset] updated epoch=9, p_hard=0.380
2025-09-07 10:07:58 | [EPOCH 9] >>> TRAIN start | steps=40 mixup=True
2025-09-07 10:07:59 | [EPOCH 9][TRAIN step 1/40] loss=2.84867 lr=0.002589 bs=32
2025-09-07 10:08:14 | [EPOCH 9][TRAIN step 40/40] loss=2.86138 lr=0.002589 bs=8
2025-09-07 10:08:14 | [EPOCH 9] <<< TRAIN end | loss=2.83662
2025-09-07 10:08:14 | [EPOCH 9] >>> VALID start | steps=10
2025-09-07 10:08:16 | [EPOCH 9] <<< VALID end | loss=2.81952 macro_f1=0.00704
2025-09-07 10:08:16 | [DATA] build highperf loaders | img_size=384 bs=32
2025-09-07 10:08:16 | [DATA] augmentation: baseline-advanced (normal + hard augmentation)
2025-09-07 10:08:16 | [HighPerfDataset] size=1256 img_size=384 epoch=9/15 p_hard=0.380 is_train=True
2025-09-07 10:08:16 | [HighPerfDataset] size=314 img_size=384 epoch=9/15 p_hard=0.000 is_train=False
2025-09-07 10:08:16 | [DATA] dataset sizes | train=1256 valid=314
2025-09-07 10:08:16 | [HighPerfDataset] updated epoch=10, p_hard=0.400
2025-09-07 10:08:16 | [EPOCH 10] >>> TRAIN start | steps=40 mixup=True
2025-09-07 10:08:16 | [EPOCH 10][TRAIN step 1/40] loss=2.85849 lr=0.001998 bs=32
2025-09-07 10:08:28 | [EPOCH 10][TRAIN step 40/40] loss=2.81660 lr=0.001998 bs=8
2025-09-07 10:08:28 | [EPOCH 10] <<< TRAIN end | loss=2.83086
2025-09-07 10:08:28 | [EPOCH 10] >>> VALID start | steps=10
2025-09-07 10:08:30 | [EPOCH 10] <<< VALID end | loss=2.82494 macro_f1=0.00704
2025-09-07 10:08:30 | [DATA] build highperf loaders | img_size=384 bs=32
2025-09-07 10:08:30 | [DATA] augmentation: baseline-advanced (normal + hard augmentation)
2025-09-07 10:08:30 | [HighPerfDataset] size=1256 img_size=384 epoch=10/15 p_hard=0.400 is_train=True
2025-09-07 10:08:30 | [HighPerfDataset] size=314 img_size=384 epoch=10/15 p_hard=0.000 is_train=False
2025-09-07 10:08:30 | [DATA] dataset sizes | train=1256 valid=314
2025-09-07 10:08:30 | [HighPerfDataset] updated epoch=11, p_hard=0.420
2025-09-07 10:08:30 | [EPOCH 11] >>> TRAIN start | steps=40 mixup=True
2025-09-07 10:08:30 | [EPOCH 11][TRAIN step 1/40] loss=2.84900 lr=0.001445 bs=32
2025-09-07 10:08:41 | [EPOCH 11][TRAIN step 40/40] loss=2.74854 lr=0.001445 bs=8
2025-09-07 10:08:41 | [EPOCH 11] <<< TRAIN end | loss=2.82662
2025-09-07 10:08:41 | [EPOCH 11] >>> VALID start | steps=10
2025-09-07 10:08:47 | [EPOCH 11] <<< VALID end | loss=2.81589 macro_f1=0.00704
2025-09-07 10:08:47 | [DATA] build highperf loaders | img_size=384 bs=32
2025-09-07 10:08:47 | [DATA] augmentation: baseline-advanced (normal + hard augmentation)
2025-09-07 10:08:47 | [HighPerfDataset] size=1256 img_size=384 epoch=11/15 p_hard=0.420 is_train=True
2025-09-07 10:08:47 | [HighPerfDataset] size=314 img_size=384 epoch=11/15 p_hard=0.000 is_train=False
2025-09-07 10:08:47 | [DATA] dataset sizes | train=1256 valid=314
2025-09-07 10:08:47 | [HighPerfDataset] updated epoch=12, p_hard=0.440
2025-09-07 10:08:47 | [EPOCH 12] >>> TRAIN start | steps=40 mixup=True
2025-09-07 10:08:48 | [EPOCH 12][TRAIN step 1/40] loss=2.76742 lr=0.000957 bs=32
2025-09-07 10:08:59 | [EPOCH 12][TRAIN step 40/40] loss=2.77817 lr=0.000957 bs=8
2025-09-07 10:08:59 | [EPOCH 12] <<< TRAIN end | loss=2.82318
2025-09-07 10:08:59 | [EPOCH 12] >>> VALID start | steps=10
2025-09-07 10:09:01 | [EPOCH 12] <<< VALID end | loss=2.81347 macro_f1=0.00704
2025-09-07 10:09:01 | [DATA] build highperf loaders | img_size=384 bs=32
2025-09-07 10:09:01 | [DATA] augmentation: baseline-advanced (normal + hard augmentation)
2025-09-07 10:09:01 | [HighPerfDataset] size=1256 img_size=384 epoch=12/15 p_hard=0.440 is_train=True
2025-09-07 10:09:01 | [HighPerfDataset] size=314 img_size=384 epoch=12/15 p_hard=0.000 is_train=False
2025-09-07 10:09:01 | [DATA] dataset sizes | train=1256 valid=314
2025-09-07 10:09:01 | [HighPerfDataset] updated epoch=13, p_hard=0.460
2025-09-07 10:09:01 | [EPOCH 13] >>> TRAIN start | steps=40 mixup=True
2025-09-07 10:09:01 | [EPOCH 13][TRAIN step 1/40] loss=2.76984 lr=0.000552 bs=32
2025-09-07 10:09:12 | [EPOCH 13][TRAIN step 40/40] loss=2.76709 lr=0.000552 bs=8
2025-09-07 10:09:12 | [EPOCH 13] <<< TRAIN end | loss=2.81778
2025-09-07 10:09:12 | [EPOCH 13] >>> VALID start | steps=10
2025-09-07 10:09:14 | [EPOCH 13] <<< VALID end | loss=2.81285 macro_f1=0.00704
2025-09-07 10:09:14 | [DATA] build highperf loaders | img_size=384 bs=32
2025-09-07 10:09:14 | [DATA] augmentation: baseline-advanced (normal + hard augmentation)
2025-09-07 10:09:14 | [HighPerfDataset] size=1256 img_size=384 epoch=13/15 p_hard=0.460 is_train=True
2025-09-07 10:09:14 | [HighPerfDataset] size=314 img_size=384 epoch=13/15 p_hard=0.000 is_train=False
2025-09-07 10:09:14 | [DATA] dataset sizes | train=1256 valid=314
2025-09-07 10:09:14 | [HighPerfDataset] updated epoch=14, p_hard=0.480
2025-09-07 10:09:14 | [EPOCH 14] >>> TRAIN start | steps=40 mixup=True
2025-09-07 10:09:15 | [EPOCH 14][TRAIN step 1/40] loss=2.78719 lr=0.000250 bs=32
2025-09-07 10:09:30 | [EPOCH 14][TRAIN step 40/40] loss=2.78605 lr=0.000250 bs=8
2025-09-07 10:09:30 | [EPOCH 14] <<< TRAIN end | loss=2.81694
2025-09-07 10:09:30 | [EPOCH 14] >>> VALID start | steps=10
2025-09-07 10:09:32 | [EPOCH 14] <<< VALID end | loss=2.81277 macro_f1=0.00704
2025-09-07 10:09:32 | [DATA] build highperf loaders | img_size=384 bs=32
2025-09-07 10:09:32 | [DATA] augmentation: baseline-advanced (normal + hard augmentation)
2025-09-07 10:09:32 | [HighPerfDataset] size=1256 img_size=384 epoch=14/15 p_hard=0.480 is_train=True
2025-09-07 10:09:32 | [HighPerfDataset] size=314 img_size=384 epoch=14/15 p_hard=0.000 is_train=False
2025-09-07 10:09:32 | [DATA] dataset sizes | train=1256 valid=314
2025-09-07 10:09:32 | [HighPerfDataset] updated epoch=15, p_hard=0.500
2025-09-07 10:09:32 | [EPOCH 15] >>> TRAIN start | steps=40 mixup=True
2025-09-07 10:09:32 | [EPOCH 15][TRAIN step 1/40] loss=2.82141 lr=0.000063 bs=32
2025-09-07 10:09:44 | [EPOCH 15][TRAIN step 40/40] loss=2.75488 lr=0.000063 bs=8
2025-09-07 10:09:44 | [EPOCH 15] <<< TRAIN end | loss=2.81552
2025-09-07 10:09:44 | [EPOCH 15] >>> VALID start | steps=10
2025-09-07 10:09:46 | [EPOCH 15] <<< VALID end | loss=2.81268 macro_f1=0.00704
2025-09-07 10:09:46 | [FOLD 2] COMPLETED | Best F1: 0.00704
2025-09-07 10:09:47 | ==================================================
2025-09-07 10:09:47 | FOLD 4/5 START
2025-09-07 10:09:47 | ==================================================
2025-09-07 10:09:47 | [FOLD 3] train=1256 valid=314
2025-09-07 10:09:48 | [DATA] build highperf loaders | img_size=384 bs=32
2025-09-07 10:09:48 | [DATA] augmentation: baseline-advanced (normal + hard augmentation)
2025-09-07 10:09:48 | [HighPerfDataset] size=1256 img_size=384 epoch=0/15 p_hard=0.200 is_train=True
2025-09-07 10:09:48 | [HighPerfDataset] size=314 img_size=384 epoch=0/15 p_hard=0.000 is_train=False
2025-09-07 10:09:48 | [DATA] dataset sizes | train=1256 valid=314
2025-09-07 10:09:48 | [HighPerfDataset] updated epoch=1, p_hard=0.220
2025-09-07 10:09:48 | [EPOCH 1] >>> TRAIN start | steps=40 mixup=True
2025-09-07 10:09:49 | [EPOCH 1][TRAIN step 1/40] loss=2.92610 lr=0.005782 bs=32
2025-09-07 10:10:05 | [EPOCH 1][TRAIN step 40/40] loss=3.62878 lr=0.005782 bs=8
2025-09-07 10:10:05 | [EPOCH 1] <<< TRAIN end | loss=6.00257
2025-09-07 10:10:05 | [EPOCH 1] >>> VALID start | steps=10
2025-09-07 10:10:07 | [EPOCH 1] <<< VALID end | loss=3.53883 macro_f1=0.00704
2025-09-07 10:10:08 | [FOLD 3] NEW BEST F1: 0.00704 (epoch 1)
2025-09-07 10:10:08 | [DATA] build highperf loaders | img_size=384 bs=32
2025-09-07 10:10:08 | [DATA] augmentation: baseline-advanced (normal + hard augmentation)
2025-09-07 10:10:08 | [HighPerfDataset] size=1256 img_size=384 epoch=1/15 p_hard=0.220 is_train=True
2025-09-07 10:10:08 | [HighPerfDataset] size=314 img_size=384 epoch=1/15 p_hard=0.000 is_train=False
2025-09-07 10:10:08 | [DATA] dataset sizes | train=1256 valid=314
2025-09-07 10:10:08 | [HighPerfDataset] updated epoch=2, p_hard=0.240
2025-09-07 10:10:08 | [EPOCH 2] >>> TRAIN start | steps=40 mixup=True
2025-09-07 10:10:09 | [EPOCH 2][TRAIN step 1/40] loss=3.87015 lr=0.005719 bs=32
2025-09-07 10:10:21 | [EPOCH 2][TRAIN step 40/40] loss=3.28734 lr=0.005719 bs=8
2025-09-07 10:10:21 | [EPOCH 2] <<< TRAIN end | loss=3.28356
2025-09-07 10:10:21 | [EPOCH 2] >>> VALID start | steps=10
2025-09-07 10:10:23 | [EPOCH 2] <<< VALID end | loss=3.05405 macro_f1=0.00704
2025-09-07 10:10:23 | [DATA] build highperf loaders | img_size=384 bs=32
2025-09-07 10:10:23 | [DATA] augmentation: baseline-advanced (normal + hard augmentation)
2025-09-07 10:10:23 | [HighPerfDataset] size=1256 img_size=384 epoch=2/15 p_hard=0.240 is_train=True
2025-09-07 10:10:23 | [HighPerfDataset] size=314 img_size=384 epoch=2/15 p_hard=0.000 is_train=False
2025-09-07 10:10:23 | [DATA] dataset sizes | train=1256 valid=314
2025-09-07 10:10:23 | [HighPerfDataset] updated epoch=3, p_hard=0.260
2025-09-07 10:10:23 | [EPOCH 3] >>> TRAIN start | steps=40 mixup=True
2025-09-07 10:10:24 | [EPOCH 3][TRAIN step 1/40] loss=3.30838 lr=0.005532 bs=32
2025-09-07 10:10:40 | [EPOCH 3][TRAIN step 40/40] loss=2.98657 lr=0.005532 bs=8
2025-09-07 10:10:40 | [EPOCH 3] <<< TRAIN end | loss=3.12029
2025-09-07 10:10:40 | [EPOCH 3] >>> VALID start | steps=10
2025-09-07 10:10:42 | [EPOCH 3] <<< VALID end | loss=2.99839 macro_f1=0.00536
2025-09-07 10:10:42 | [DATA] build highperf loaders | img_size=384 bs=32
2025-09-07 10:10:42 | [DATA] augmentation: baseline-advanced (normal + hard augmentation)
2025-09-07 10:10:42 | [HighPerfDataset] size=1256 img_size=384 epoch=3/15 p_hard=0.260 is_train=True
2025-09-07 10:10:42 | [HighPerfDataset] size=314 img_size=384 epoch=3/15 p_hard=0.000 is_train=False
2025-09-07 10:10:42 | [DATA] dataset sizes | train=1256 valid=314
2025-09-07 10:10:42 | [HighPerfDataset] updated epoch=4, p_hard=0.280
2025-09-07 10:10:42 | [EPOCH 4] >>> TRAIN start | steps=40 mixup=True
2025-09-07 10:10:43 | [EPOCH 4][TRAIN step 1/40] loss=2.82181 lr=0.005230 bs=32
2025-09-07 10:10:55 | [EPOCH 4][TRAIN step 40/40] loss=3.14331 lr=0.005230 bs=8
2025-09-07 10:10:55 | [EPOCH 4] <<< TRAIN end | loss=2.95116
2025-09-07 10:10:55 | [EPOCH 4] >>> VALID start | steps=10
2025-09-07 10:10:57 | [EPOCH 4] <<< VALID end | loss=2.93179 macro_f1=0.00704
2025-09-07 10:10:57 | [DATA] build highperf loaders | img_size=384 bs=32
2025-09-07 10:10:57 | [DATA] augmentation: baseline-advanced (normal + hard augmentation)
2025-09-07 10:10:57 | [HighPerfDataset] size=1256 img_size=384 epoch=4/15 p_hard=0.280 is_train=True
2025-09-07 10:10:57 | [HighPerfDataset] size=314 img_size=384 epoch=4/15 p_hard=0.000 is_train=False
2025-09-07 10:10:57 | [DATA] dataset sizes | train=1256 valid=314
2025-09-07 10:10:57 | [HighPerfDataset] updated epoch=5, p_hard=0.300
2025-09-07 10:10:57 | [EPOCH 5] >>> TRAIN start | steps=40 mixup=True
2025-09-07 10:10:58 | [EPOCH 5][TRAIN step 1/40] loss=2.82373 lr=0.004825 bs=32
2025-09-07 10:11:13 | [EPOCH 5][TRAIN step 40/40] loss=2.89787 lr=0.004825 bs=8
2025-09-07 10:11:14 | [EPOCH 5] <<< TRAIN end | loss=2.93801
2025-09-07 10:11:14 | [EPOCH 5] >>> VALID start | steps=10
2025-09-07 10:11:16 | [EPOCH 5] <<< VALID end | loss=2.91634 macro_f1=0.00704
2025-09-07 10:11:16 | [DATA] build highperf loaders | img_size=384 bs=32
2025-09-07 10:11:16 | [DATA] augmentation: baseline-advanced (normal + hard augmentation)
2025-09-07 10:11:16 | [HighPerfDataset] size=1256 img_size=384 epoch=5/15 p_hard=0.300 is_train=True
2025-09-07 10:11:16 | [HighPerfDataset] size=314 img_size=384 epoch=5/15 p_hard=0.000 is_train=False
2025-09-07 10:11:16 | [DATA] dataset sizes | train=1256 valid=314
2025-09-07 10:11:16 | [HighPerfDataset] updated epoch=6, p_hard=0.320
2025-09-07 10:11:16 | [EPOCH 6] >>> TRAIN start | steps=40 mixup=True
2025-09-07 10:11:16 | [EPOCH 6][TRAIN step 1/40] loss=3.06778 lr=0.004336 bs=32
2025-09-07 10:11:28 | [EPOCH 6][TRAIN step 40/40] loss=2.91164 lr=0.004336 bs=8
2025-09-07 10:11:28 | [EPOCH 6] <<< TRAIN end | loss=2.89718
2025-09-07 10:11:28 | [EPOCH 6] >>> VALID start | steps=10
2025-09-07 10:11:30 | [EPOCH 6] <<< VALID end | loss=2.88357 macro_f1=0.00704
2025-09-07 10:11:30 | [DATA] build highperf loaders | img_size=384 bs=32
2025-09-07 10:11:30 | [DATA] augmentation: baseline-advanced (normal + hard augmentation)
2025-09-07 10:11:30 | [HighPerfDataset] size=1256 img_size=384 epoch=6/15 p_hard=0.320 is_train=True
2025-09-07 10:11:30 | [HighPerfDataset] size=314 img_size=384 epoch=6/15 p_hard=0.000 is_train=False
2025-09-07 10:11:30 | [DATA] dataset sizes | train=1256 valid=314
2025-09-07 10:11:30 | [HighPerfDataset] updated epoch=7, p_hard=0.340
2025-09-07 10:11:30 | [EPOCH 7] >>> TRAIN start | steps=40 mixup=True
2025-09-07 10:11:31 | [EPOCH 7][TRAIN step 1/40] loss=3.00404 lr=0.003784 bs=32
2025-09-07 10:11:47 | [EPOCH 7][TRAIN step 40/40] loss=2.89356 lr=0.003784 bs=8
2025-09-07 10:11:47 | [EPOCH 7] <<< TRAIN end | loss=2.88199
2025-09-07 10:11:47 | [EPOCH 7] >>> VALID start | steps=10
2025-09-07 10:11:49 | [EPOCH 7] <<< VALID end | loss=2.86180 macro_f1=0.00704
2025-09-07 10:11:49 | [DATA] build highperf loaders | img_size=384 bs=32
2025-09-07 10:11:49 | [DATA] augmentation: baseline-advanced (normal + hard augmentation)
2025-09-07 10:11:49 | [HighPerfDataset] size=1256 img_size=384 epoch=7/15 p_hard=0.340 is_train=True
2025-09-07 10:11:49 | [HighPerfDataset] size=314 img_size=384 epoch=7/15 p_hard=0.000 is_train=False
2025-09-07 10:11:49 | [DATA] dataset sizes | train=1256 valid=314
2025-09-07 10:11:49 | [HighPerfDataset] updated epoch=8, p_hard=0.360
2025-09-07 10:11:49 | [EPOCH 8] >>> TRAIN start | steps=40 mixup=True
2025-09-07 10:11:50 | [EPOCH 8][TRAIN step 1/40] loss=2.86780 lr=0.003193 bs=32
2025-09-07 10:12:02 | [EPOCH 8][TRAIN step 40/40] loss=2.70852 lr=0.003193 bs=8
2025-09-07 10:12:02 | [EPOCH 8] <<< TRAIN end | loss=2.85734
2025-09-07 10:12:02 | [EPOCH 8] >>> VALID start | steps=10
2025-09-07 10:12:04 | [EPOCH 8] <<< VALID end | loss=2.82459 macro_f1=0.00704
2025-09-07 10:12:04 | [DATA] build highperf loaders | img_size=384 bs=32
2025-09-07 10:12:04 | [DATA] augmentation: baseline-advanced (normal + hard augmentation)
2025-09-07 10:12:04 | [HighPerfDataset] size=1256 img_size=384 epoch=8/15 p_hard=0.360 is_train=True
2025-09-07 10:12:04 | [HighPerfDataset] size=314 img_size=384 epoch=8/15 p_hard=0.000 is_train=False
2025-09-07 10:12:04 | [DATA] dataset sizes | train=1256 valid=314
2025-09-07 10:12:04 | [HighPerfDataset] updated epoch=9, p_hard=0.380
2025-09-07 10:12:04 | [EPOCH 9] >>> TRAIN start | steps=40 mixup=True
2025-09-07 10:12:05 | [EPOCH 9][TRAIN step 1/40] loss=2.90753 lr=0.002589 bs=32
2025-09-07 10:12:17 | [EPOCH 9][TRAIN step 40/40] loss=2.63313 lr=0.002589 bs=8
2025-09-07 10:12:17 | [EPOCH 9] <<< TRAIN end | loss=2.84063
2025-09-07 10:12:17 | [EPOCH 9] >>> VALID start | steps=10
2025-09-07 10:12:22 | [EPOCH 9] <<< VALID end | loss=2.84191 macro_f1=0.00704
2025-09-07 10:12:22 | [DATA] build highperf loaders | img_size=384 bs=32
2025-09-07 10:12:22 | [DATA] augmentation: baseline-advanced (normal + hard augmentation)
2025-09-07 10:12:22 | [HighPerfDataset] size=1256 img_size=384 epoch=9/15 p_hard=0.380 is_train=True
2025-09-07 10:12:22 | [HighPerfDataset] size=314 img_size=384 epoch=9/15 p_hard=0.000 is_train=False
2025-09-07 10:12:22 | [DATA] dataset sizes | train=1256 valid=314
2025-09-07 10:12:22 | [HighPerfDataset] updated epoch=10, p_hard=0.400
2025-09-07 10:12:22 | [EPOCH 10] >>> TRAIN start | steps=40 mixup=True
2025-09-07 10:12:23 | [EPOCH 10][TRAIN step 1/40] loss=2.75722 lr=0.001998 bs=32
2025-09-07 10:12:35 | [EPOCH 10][TRAIN step 40/40] loss=2.95142 lr=0.001998 bs=8
2025-09-07 10:12:35 | [EPOCH 10] <<< TRAIN end | loss=2.83572
2025-09-07 10:12:35 | [EPOCH 10] >>> VALID start | steps=10
2025-09-07 10:12:37 | [EPOCH 10] <<< VALID end | loss=2.81861 macro_f1=0.00704
2025-09-07 10:12:37 | [DATA] build highperf loaders | img_size=384 bs=32
2025-09-07 10:12:37 | [DATA] augmentation: baseline-advanced (normal + hard augmentation)
2025-09-07 10:12:37 | [HighPerfDataset] size=1256 img_size=384 epoch=10/15 p_hard=0.400 is_train=True
2025-09-07 10:12:37 | [HighPerfDataset] size=314 img_size=384 epoch=10/15 p_hard=0.000 is_train=False
2025-09-07 10:12:37 | [DATA] dataset sizes | train=1256 valid=314
2025-09-07 10:12:37 | [HighPerfDataset] updated epoch=11, p_hard=0.420
2025-09-07 10:12:37 | [EPOCH 11] >>> TRAIN start | steps=40 mixup=True
2025-09-07 10:12:38 | [EPOCH 11][TRAIN step 1/40] loss=2.78817 lr=0.001445 bs=32
2025-09-07 10:12:50 | [EPOCH 11][TRAIN step 40/40] loss=2.78224 lr=0.001445 bs=8
2025-09-07 10:12:50 | [EPOCH 11] <<< TRAIN end | loss=2.82623
2025-09-07 10:12:50 | [EPOCH 11] >>> VALID start | steps=10
2025-09-07 10:12:52 | [EPOCH 11] <<< VALID end | loss=2.81794 macro_f1=0.00704
2025-09-07 10:12:52 | [DATA] build highperf loaders | img_size=384 bs=32
2025-09-07 10:12:52 | [DATA] augmentation: baseline-advanced (normal + hard augmentation)
2025-09-07 10:12:52 | [HighPerfDataset] size=1256 img_size=384 epoch=11/15 p_hard=0.420 is_train=True
2025-09-07 10:12:52 | [HighPerfDataset] size=314 img_size=384 epoch=11/15 p_hard=0.000 is_train=False
2025-09-07 10:12:52 | [DATA] dataset sizes | train=1256 valid=314
2025-09-07 10:12:52 | [HighPerfDataset] updated epoch=12, p_hard=0.440
2025-09-07 10:12:52 | [EPOCH 12] >>> TRAIN start | steps=40 mixup=True
2025-09-07 10:12:53 | [EPOCH 12][TRAIN step 1/40] loss=2.88092 lr=0.000957 bs=32
2025-09-07 10:13:08 | [EPOCH 12][TRAIN step 40/40] loss=2.80518 lr=0.000957 bs=8
2025-09-07 10:13:09 | [EPOCH 12] <<< TRAIN end | loss=2.82373
2025-09-07 10:13:09 | [EPOCH 12] >>> VALID start | steps=10
2025-09-07 10:13:11 | [EPOCH 12] <<< VALID end | loss=2.81352 macro_f1=0.00704
2025-09-07 10:13:11 | [DATA] build highperf loaders | img_size=384 bs=32
2025-09-07 10:13:11 | [DATA] augmentation: baseline-advanced (normal + hard augmentation)
2025-09-07 10:13:11 | [HighPerfDataset] size=1256 img_size=384 epoch=12/15 p_hard=0.440 is_train=True
2025-09-07 10:13:11 | [HighPerfDataset] size=314 img_size=384 epoch=12/15 p_hard=0.000 is_train=False
2025-09-07 10:13:11 | [DATA] dataset sizes | train=1256 valid=314
2025-09-07 10:13:11 | [HighPerfDataset] updated epoch=13, p_hard=0.460
2025-09-07 10:13:11 | [EPOCH 13] >>> TRAIN start | steps=40 mixup=True
2025-09-07 10:13:12 | [EPOCH 13][TRAIN step 1/40] loss=2.79523 lr=0.000552 bs=32
2025-09-07 10:13:23 | [EPOCH 13][TRAIN step 40/40] loss=2.73825 lr=0.000552 bs=8
2025-09-07 10:13:23 | [EPOCH 13] <<< TRAIN end | loss=2.82109
2025-09-07 10:13:23 | [EPOCH 13] >>> VALID start | steps=10
2025-09-07 10:13:25 | [EPOCH 13] <<< VALID end | loss=2.81260 macro_f1=0.00704
2025-09-07 10:13:25 | [DATA] build highperf loaders | img_size=384 bs=32
2025-09-07 10:13:25 | [DATA] augmentation: baseline-advanced (normal + hard augmentation)
2025-09-07 10:13:25 | [HighPerfDataset] size=1256 img_size=384 epoch=13/15 p_hard=0.460 is_train=True
2025-09-07 10:13:25 | [HighPerfDataset] size=314 img_size=384 epoch=13/15 p_hard=0.000 is_train=False
2025-09-07 10:13:25 | [DATA] dataset sizes | train=1256 valid=314
2025-09-07 10:13:25 | [HighPerfDataset] updated epoch=14, p_hard=0.480
2025-09-07 10:13:25 | [EPOCH 14] >>> TRAIN start | steps=40 mixup=True
2025-09-07 10:13:26 | [EPOCH 14][TRAIN step 1/40] loss=2.84979 lr=0.000250 bs=32
2025-09-07 10:13:42 | [EPOCH 14][TRAIN step 40/40] loss=2.84488 lr=0.000250 bs=8
2025-09-07 10:13:42 | [EPOCH 14] <<< TRAIN end | loss=2.81800
2025-09-07 10:13:42 | [EPOCH 14] >>> VALID start | steps=10
2025-09-07 10:13:44 | [EPOCH 14] <<< VALID end | loss=2.81246 macro_f1=0.00704
2025-09-07 10:13:44 | [DATA] build highperf loaders | img_size=384 bs=32
2025-09-07 10:13:44 | [DATA] augmentation: baseline-advanced (normal + hard augmentation)
2025-09-07 10:13:44 | [HighPerfDataset] size=1256 img_size=384 epoch=14/15 p_hard=0.480 is_train=True
2025-09-07 10:13:44 | [HighPerfDataset] size=314 img_size=384 epoch=14/15 p_hard=0.000 is_train=False
2025-09-07 10:13:44 | [DATA] dataset sizes | train=1256 valid=314
2025-09-07 10:13:44 | [HighPerfDataset] updated epoch=15, p_hard=0.500
2025-09-07 10:13:44 | [EPOCH 15] >>> TRAIN start | steps=40 mixup=True
2025-09-07 10:13:44 | [EPOCH 15][TRAIN step 1/40] loss=2.78159 lr=0.000063 bs=32
2025-09-07 10:13:57 | [EPOCH 15][TRAIN step 40/40] loss=2.76440 lr=0.000063 bs=8
2025-09-07 10:13:57 | [EPOCH 15] <<< TRAIN end | loss=2.81348
2025-09-07 10:13:57 | [EPOCH 15] >>> VALID start | steps=10
2025-09-07 10:13:59 | [EPOCH 15] <<< VALID end | loss=2.81247 macro_f1=0.00704
2025-09-07 10:13:59 | [FOLD 3] COMPLETED | Best F1: 0.00704
2025-09-07 10:14:00 | ==================================================
2025-09-07 10:14:00 | FOLD 5/5 START
2025-09-07 10:14:00 | ==================================================
2025-09-07 10:14:00 | [FOLD 4] train=1256 valid=314
2025-09-07 10:14:02 | [DATA] build highperf loaders | img_size=384 bs=32
2025-09-07 10:14:02 | [DATA] augmentation: baseline-advanced (normal + hard augmentation)
2025-09-07 10:14:02 | [HighPerfDataset] size=1256 img_size=384 epoch=0/15 p_hard=0.200 is_train=True
2025-09-07 10:14:02 | [HighPerfDataset] size=314 img_size=384 epoch=0/15 p_hard=0.000 is_train=False
2025-09-07 10:14:02 | [DATA] dataset sizes | train=1256 valid=314
2025-09-07 10:14:02 | [HighPerfDataset] updated epoch=1, p_hard=0.220
2025-09-07 10:14:02 | [EPOCH 1] >>> TRAIN start | steps=40 mixup=True
2025-09-07 10:14:03 | [EPOCH 1][TRAIN step 1/40] loss=2.95441 lr=0.005782 bs=32
2025-09-07 10:14:19 | [EPOCH 1][TRAIN step 40/40] loss=2.88325 lr=0.005782 bs=8
2025-09-07 10:14:19 | [EPOCH 1] <<< TRAIN end | loss=4.46505
2025-09-07 10:14:19 | [EPOCH 1] >>> VALID start | steps=10
2025-09-07 10:14:21 | [EPOCH 1] <<< VALID end | loss=3.26974 macro_f1=0.00704
2025-09-07 10:14:21 | [FOLD 4] NEW BEST F1: 0.00704 (epoch 1)
2025-09-07 10:14:21 | [DATA] build highperf loaders | img_size=384 bs=32
2025-09-07 10:14:21 | [DATA] augmentation: baseline-advanced (normal + hard augmentation)
2025-09-07 10:14:21 | [HighPerfDataset] size=1256 img_size=384 epoch=1/15 p_hard=0.220 is_train=True
2025-09-07 10:14:21 | [HighPerfDataset] size=314 img_size=384 epoch=1/15 p_hard=0.000 is_train=False
2025-09-07 10:14:21 | [DATA] dataset sizes | train=1256 valid=314
2025-09-07 10:14:21 | [HighPerfDataset] updated epoch=2, p_hard=0.240
2025-09-07 10:14:21 | [EPOCH 2] >>> TRAIN start | steps=40 mixup=True
2025-09-07 10:14:22 | [EPOCH 2][TRAIN step 1/40] loss=3.59276 lr=0.005719 bs=32
2025-09-07 10:14:34 | [EPOCH 2][TRAIN step 40/40] loss=2.68313 lr=0.005719 bs=8
2025-09-07 10:14:34 | [EPOCH 2] <<< TRAIN end | loss=3.26832
2025-09-07 10:14:34 | [EPOCH 2] >>> VALID start | steps=10
2025-09-07 10:14:36 | [EPOCH 2] <<< VALID end | loss=3.04291 macro_f1=0.00704
2025-09-07 10:14:36 | [DATA] build highperf loaders | img_size=384 bs=32
2025-09-07 10:14:36 | [DATA] augmentation: baseline-advanced (normal + hard augmentation)
2025-09-07 10:14:36 | [HighPerfDataset] size=1256 img_size=384 epoch=2/15 p_hard=0.240 is_train=True
2025-09-07 10:14:36 | [HighPerfDataset] size=314 img_size=384 epoch=2/15 p_hard=0.000 is_train=False
2025-09-07 10:14:36 | [DATA] dataset sizes | train=1256 valid=314
2025-09-07 10:14:36 | [HighPerfDataset] updated epoch=3, p_hard=0.260
2025-09-07 10:14:36 | [EPOCH 3] >>> TRAIN start | steps=40 mixup=True
2025-09-07 10:14:37 | [EPOCH 3][TRAIN step 1/40] loss=3.24979 lr=0.005532 bs=32
2025-09-07 10:14:52 | [EPOCH 3][TRAIN step 40/40] loss=2.87286 lr=0.005532 bs=8
2025-09-07 10:14:52 | [EPOCH 3] <<< TRAIN end | loss=3.00507
2025-09-07 10:14:52 | [EPOCH 3] >>> VALID start | steps=10
2025-09-07 10:14:54 | [EPOCH 3] <<< VALID end | loss=2.91577 macro_f1=0.00704
2025-09-07 10:14:54 | [DATA] build highperf loaders | img_size=384 bs=32
2025-09-07 10:14:54 | [DATA] augmentation: baseline-advanced (normal + hard augmentation)
2025-09-07 10:14:54 | [HighPerfDataset] size=1256 img_size=384 epoch=3/15 p_hard=0.260 is_train=True
2025-09-07 10:14:54 | [HighPerfDataset] size=314 img_size=384 epoch=3/15 p_hard=0.000 is_train=False
2025-09-07 10:14:54 | [DATA] dataset sizes | train=1256 valid=314
2025-09-07 10:14:54 | [HighPerfDataset] updated epoch=4, p_hard=0.280
2025-09-07 10:14:54 | [EPOCH 4] >>> TRAIN start | steps=40 mixup=True
2025-09-07 10:14:55 | [EPOCH 4][TRAIN step 1/40] loss=2.85681 lr=0.005230 bs=32
2025-09-07 10:15:08 | [EPOCH 4][TRAIN step 40/40] loss=3.00903 lr=0.005230 bs=8
2025-09-07 10:15:08 | [EPOCH 4] <<< TRAIN end | loss=2.93580
2025-09-07 10:15:08 | [EPOCH 4] >>> VALID start | steps=10
2025-09-07 10:15:10 | [EPOCH 4] <<< VALID end | loss=2.91500 macro_f1=0.00704
2025-09-07 10:15:10 | [DATA] build highperf loaders | img_size=384 bs=32
2025-09-07 10:15:10 | [DATA] augmentation: baseline-advanced (normal + hard augmentation)
2025-09-07 10:15:10 | [HighPerfDataset] size=1256 img_size=384 epoch=4/15 p_hard=0.280 is_train=True
2025-09-07 10:15:10 | [HighPerfDataset] size=314 img_size=384 epoch=4/15 p_hard=0.000 is_train=False
2025-09-07 10:15:10 | [DATA] dataset sizes | train=1256 valid=314
2025-09-07 10:15:10 | [HighPerfDataset] updated epoch=5, p_hard=0.300
2025-09-07 10:15:10 | [EPOCH 5] >>> TRAIN start | steps=40 mixup=True
2025-09-07 10:15:10 | [EPOCH 5][TRAIN step 1/40] loss=2.85764 lr=0.004825 bs=32
2025-09-07 10:15:26 | [EPOCH 5][TRAIN step 40/40] loss=2.92554 lr=0.004825 bs=8
2025-09-07 10:15:26 | [EPOCH 5] <<< TRAIN end | loss=2.89801
2025-09-07 10:15:26 | [EPOCH 5] >>> VALID start | steps=10
2025-09-07 10:15:28 | [EPOCH 5] <<< VALID end | loss=2.86867 macro_f1=0.00704
2025-09-07 10:15:28 | [DATA] build highperf loaders | img_size=384 bs=32
2025-09-07 10:15:28 | [DATA] augmentation: baseline-advanced (normal + hard augmentation)
2025-09-07 10:15:28 | [HighPerfDataset] size=1256 img_size=384 epoch=5/15 p_hard=0.300 is_train=True
2025-09-07 10:15:28 | [HighPerfDataset] size=314 img_size=384 epoch=5/15 p_hard=0.000 is_train=False
2025-09-07 10:15:28 | [DATA] dataset sizes | train=1256 valid=314
2025-09-07 10:15:28 | [HighPerfDataset] updated epoch=6, p_hard=0.320
2025-09-07 10:15:28 | [EPOCH 6] >>> TRAIN start | steps=40 mixup=True
2025-09-07 10:15:29 | [EPOCH 6][TRAIN step 1/40] loss=3.01398 lr=0.004336 bs=32
2025-09-07 10:15:41 | [EPOCH 6][TRAIN step 40/40] loss=2.97150 lr=0.004336 bs=8
2025-09-07 10:15:41 | [EPOCH 6] <<< TRAIN end | loss=2.91613
2025-09-07 10:15:41 | [EPOCH 6] >>> VALID start | steps=10
2025-09-07 10:15:43 | [EPOCH 6] <<< VALID end | loss=2.86686 macro_f1=0.00704
2025-09-07 10:15:43 | [DATA] build highperf loaders | img_size=384 bs=32
2025-09-07 10:15:43 | [DATA] augmentation: baseline-advanced (normal + hard augmentation)
2025-09-07 10:15:43 | [HighPerfDataset] size=1256 img_size=384 epoch=6/15 p_hard=0.320 is_train=True
2025-09-07 10:15:43 | [HighPerfDataset] size=314 img_size=384 epoch=6/15 p_hard=0.000 is_train=False
2025-09-07 10:15:43 | [DATA] dataset sizes | train=1256 valid=314
2025-09-07 10:15:43 | [HighPerfDataset] updated epoch=7, p_hard=0.340
2025-09-07 10:15:43 | [EPOCH 7] >>> TRAIN start | steps=40 mixup=True
2025-09-07 10:15:44 | [EPOCH 7][TRAIN step 1/40] loss=2.89777 lr=0.003784 bs=32
2025-09-07 10:16:00 | [EPOCH 7][TRAIN step 40/40] loss=2.99731 lr=0.003784 bs=8
2025-09-07 10:16:00 | [EPOCH 7] <<< TRAIN end | loss=2.87685
2025-09-07 10:16:00 | [EPOCH 7] >>> VALID start | steps=10
2025-09-07 10:16:02 | [EPOCH 7] <<< VALID end | loss=2.88248 macro_f1=0.00704
2025-09-07 10:16:02 | [DATA] build highperf loaders | img_size=384 bs=32
2025-09-07 10:16:02 | [DATA] augmentation: baseline-advanced (normal + hard augmentation)
2025-09-07 10:16:02 | [HighPerfDataset] size=1256 img_size=384 epoch=7/15 p_hard=0.340 is_train=True
2025-09-07 10:16:02 | [HighPerfDataset] size=314 img_size=384 epoch=7/15 p_hard=0.000 is_train=False
2025-09-07 10:16:02 | [DATA] dataset sizes | train=1256 valid=314
2025-09-07 10:16:02 | [HighPerfDataset] updated epoch=8, p_hard=0.360
2025-09-07 10:16:02 | [EPOCH 8] >>> TRAIN start | steps=40 mixup=True
2025-09-07 10:16:02 | [EPOCH 8][TRAIN step 1/40] loss=2.92996 lr=0.003193 bs=32
2025-09-07 10:16:15 | [EPOCH 8][TRAIN step 40/40] loss=2.91626 lr=0.003193 bs=8
2025-09-07 10:16:15 | [EPOCH 8] <<< TRAIN end | loss=2.86336
2025-09-07 10:16:15 | [EPOCH 8] >>> VALID start | steps=10
2025-09-07 10:16:17 | [EPOCH 8] <<< VALID end | loss=2.82244 macro_f1=0.00704
2025-09-07 10:16:17 | [DATA] build highperf loaders | img_size=384 bs=32
2025-09-07 10:16:17 | [DATA] augmentation: baseline-advanced (normal + hard augmentation)
2025-09-07 10:16:17 | [HighPerfDataset] size=1256 img_size=384 epoch=8/15 p_hard=0.360 is_train=True
2025-09-07 10:16:17 | [HighPerfDataset] size=314 img_size=384 epoch=8/15 p_hard=0.000 is_train=False
2025-09-07 10:16:17 | [DATA] dataset sizes | train=1256 valid=314
2025-09-07 10:16:17 | [HighPerfDataset] updated epoch=9, p_hard=0.380
2025-09-07 10:16:17 | [EPOCH 9] >>> TRAIN start | steps=40 mixup=True
2025-09-07 10:16:17 | [EPOCH 9][TRAIN step 1/40] loss=2.81111 lr=0.002589 bs=32
2025-09-07 10:16:33 | [EPOCH 9][TRAIN step 40/40] loss=2.87241 lr=0.002589 bs=8
2025-09-07 10:16:33 | [EPOCH 9] <<< TRAIN end | loss=2.84039
2025-09-07 10:16:33 | [EPOCH 9] >>> VALID start | steps=10
2025-09-07 10:16:35 | [EPOCH 9] <<< VALID end | loss=2.82721 macro_f1=0.00704
2025-09-07 10:16:35 | [DATA] build highperf loaders | img_size=384 bs=32
2025-09-07 10:16:35 | [DATA] augmentation: baseline-advanced (normal + hard augmentation)
2025-09-07 10:16:35 | [HighPerfDataset] size=1256 img_size=384 epoch=9/15 p_hard=0.380 is_train=True
2025-09-07 10:16:35 | [HighPerfDataset] size=314 img_size=384 epoch=9/15 p_hard=0.000 is_train=False
2025-09-07 10:16:35 | [DATA] dataset sizes | train=1256 valid=314
2025-09-07 10:16:35 | [HighPerfDataset] updated epoch=10, p_hard=0.400
2025-09-07 10:16:35 | [EPOCH 10] >>> TRAIN start | steps=40 mixup=True
2025-09-07 10:16:36 | [EPOCH 10][TRAIN step 1/40] loss=2.83702 lr=0.001998 bs=32
2025-09-07 10:16:48 | [EPOCH 10][TRAIN step 40/40] loss=2.89749 lr=0.001998 bs=8
2025-09-07 10:16:48 | [EPOCH 10] <<< TRAIN end | loss=2.83425
2025-09-07 10:16:48 | [EPOCH 10] >>> VALID start | steps=10
2025-09-07 10:16:50 | [EPOCH 10] <<< VALID end | loss=2.81919 macro_f1=0.00704
2025-09-07 10:16:50 | [DATA] build highperf loaders | img_size=384 bs=32
2025-09-07 10:16:50 | [DATA] augmentation: baseline-advanced (normal + hard augmentation)
2025-09-07 10:16:50 | [HighPerfDataset] size=1256 img_size=384 epoch=10/15 p_hard=0.400 is_train=True
2025-09-07 10:16:50 | [HighPerfDataset] size=314 img_size=384 epoch=10/15 p_hard=0.000 is_train=False
2025-09-07 10:16:50 | [DATA] dataset sizes | train=1256 valid=314
2025-09-07 10:16:50 | [HighPerfDataset] updated epoch=11, p_hard=0.420
2025-09-07 10:16:50 | [EPOCH 11] >>> TRAIN start | steps=40 mixup=True
2025-09-07 10:16:51 | [EPOCH 11][TRAIN step 1/40] loss=2.77289 lr=0.001445 bs=32
2025-09-07 10:17:03 | [EPOCH 11][TRAIN step 40/40] loss=2.75445 lr=0.001445 bs=8
2025-09-07 10:17:03 | [EPOCH 11] <<< TRAIN end | loss=2.82727
2025-09-07 10:17:03 | [EPOCH 11] >>> VALID start | steps=10
2025-09-07 10:17:09 | [EPOCH 11] <<< VALID end | loss=2.81504 macro_f1=0.00704
2025-09-07 10:17:09 | [DATA] build highperf loaders | img_size=384 bs=32
2025-09-07 10:17:09 | [DATA] augmentation: baseline-advanced (normal + hard augmentation)
2025-09-07 10:17:09 | [HighPerfDataset] size=1256 img_size=384 epoch=11/15 p_hard=0.420 is_train=True
2025-09-07 10:17:09 | [HighPerfDataset] size=314 img_size=384 epoch=11/15 p_hard=0.000 is_train=False
2025-09-07 10:17:09 | [DATA] dataset sizes | train=1256 valid=314
2025-09-07 10:17:09 | [HighPerfDataset] updated epoch=12, p_hard=0.440
2025-09-07 10:17:09 | [EPOCH 12] >>> TRAIN start | steps=40 mixup=True
2025-09-07 10:17:09 | [EPOCH 12][TRAIN step 1/40] loss=2.80219 lr=0.000957 bs=32
2025-09-07 10:17:22 | [EPOCH 12][TRAIN step 40/40] loss=2.91211 lr=0.000957 bs=8
2025-09-07 10:17:22 | [EPOCH 12] <<< TRAIN end | loss=2.82421
2025-09-07 10:17:22 | [EPOCH 12] >>> VALID start | steps=10
2025-09-07 10:17:24 | [EPOCH 12] <<< VALID end | loss=2.81411 macro_f1=0.00704
2025-09-07 10:17:24 | [DATA] build highperf loaders | img_size=384 bs=32
2025-09-07 10:17:24 | [DATA] augmentation: baseline-advanced (normal + hard augmentation)
2025-09-07 10:17:24 | [HighPerfDataset] size=1256 img_size=384 epoch=12/15 p_hard=0.440 is_train=True
2025-09-07 10:17:24 | [HighPerfDataset] size=314 img_size=384 epoch=12/15 p_hard=0.000 is_train=False
2025-09-07 10:17:24 | [DATA] dataset sizes | train=1256 valid=314
2025-09-07 10:17:24 | [HighPerfDataset] updated epoch=13, p_hard=0.460
2025-09-07 10:17:24 | [EPOCH 13] >>> TRAIN start | steps=40 mixup=True
2025-09-07 10:17:24 | [EPOCH 13][TRAIN step 1/40] loss=2.79139 lr=0.000552 bs=32
2025-09-07 10:17:36 | [EPOCH 13][TRAIN step 40/40] loss=2.76804 lr=0.000552 bs=8
2025-09-07 10:17:36 | [EPOCH 13] <<< TRAIN end | loss=2.81854
2025-09-07 10:17:36 | [EPOCH 13] >>> VALID start | steps=10
2025-09-07 10:17:38 | [EPOCH 13] <<< VALID end | loss=2.81419 macro_f1=0.00704
2025-09-07 10:17:38 | [DATA] build highperf loaders | img_size=384 bs=32
2025-09-07 10:17:38 | [DATA] augmentation: baseline-advanced (normal + hard augmentation)
2025-09-07 10:17:38 | [HighPerfDataset] size=1256 img_size=384 epoch=13/15 p_hard=0.460 is_train=True
2025-09-07 10:17:38 | [HighPerfDataset] size=314 img_size=384 epoch=13/15 p_hard=0.000 is_train=False
2025-09-07 10:17:38 | [DATA] dataset sizes | train=1256 valid=314
2025-09-07 10:17:38 | [HighPerfDataset] updated epoch=14, p_hard=0.480
2025-09-07 10:17:38 | [EPOCH 14] >>> TRAIN start | steps=40 mixup=True
2025-09-07 10:17:39 | [EPOCH 14][TRAIN step 1/40] loss=2.81372 lr=0.000250 bs=32
2025-09-07 10:17:55 | [EPOCH 14][TRAIN step 40/40] loss=2.83081 lr=0.000250 bs=8
2025-09-07 10:17:55 | [EPOCH 14] <<< TRAIN end | loss=2.81546
2025-09-07 10:17:55 | [EPOCH 14] >>> VALID start | steps=10
2025-09-07 10:17:57 | [EPOCH 14] <<< VALID end | loss=2.81418 macro_f1=0.00704
2025-09-07 10:17:57 | [DATA] build highperf loaders | img_size=384 bs=32
2025-09-07 10:17:57 | [DATA] augmentation: baseline-advanced (normal + hard augmentation)
2025-09-07 10:17:57 | [HighPerfDataset] size=1256 img_size=384 epoch=14/15 p_hard=0.480 is_train=True
2025-09-07 10:17:57 | [HighPerfDataset] size=314 img_size=384 epoch=14/15 p_hard=0.000 is_train=False
2025-09-07 10:17:57 | [DATA] dataset sizes | train=1256 valid=314
2025-09-07 10:17:57 | [HighPerfDataset] updated epoch=15, p_hard=0.500
2025-09-07 10:17:57 | [EPOCH 15] >>> TRAIN start | steps=40 mixup=True
2025-09-07 10:17:58 | [EPOCH 15][TRAIN step 1/40] loss=2.81947 lr=0.000063 bs=32
2025-09-07 10:18:10 | [EPOCH 15][TRAIN step 40/40] loss=2.76264 lr=0.000063 bs=8
2025-09-07 10:18:10 | [EPOCH 15] <<< TRAIN end | loss=2.81357
2025-09-07 10:18:10 | [EPOCH 15] >>> VALID start | steps=10
2025-09-07 10:18:12 | [EPOCH 15] <<< VALID end | loss=2.81415 macro_f1=0.00704
2025-09-07 10:18:12 | [FOLD 4] COMPLETED | Best F1: 0.00704
2025-09-07 10:18:13 | ==================================================
2025-09-07 10:18:13 | ALL FOLDS COMPLETED
2025-09-07 10:18:13 | Average F1: 0.00704
2025-09-07 10:18:13 | Fold 0: 0.00704
2025-09-07 10:18:13 | Fold 1: 0.00704
2025-09-07 10:18:13 | Fold 2: 0.00704
2025-09-07 10:18:13 | Fold 3: 0.00704
2025-09-07 10:18:13 | Fold 4: 0.00704
2025-09-07 10:18:13 | ==================================================
2025-09-07 10:18:13 | [SUCCESS] Training completed | avg_f1=0.00704
2025-09-07 10:18:13 | [SHUTDOWN] Training pipeline ended
