2025-09-11 19:19:54 | [BOOT] high-performance inference pipeline started
2025-09-11 19:19:54 | [BOOT] device=cuda
2025-09-11 19:19:54 | [DATA] loaded test data | shape=(3140, 2)
2025-09-11 19:19:54 | [HighPerfDataset] size=3140 img_size=384 epoch=0/10 p_hard=0.000 is_train=False
2025-09-11 19:19:54 | [DATA] test dataset size: 3140
2025-09-11 19:19:54 | [TTA] TTA enabled: True, type: comprehensive
2025-09-11 19:20:01 | [MODELS] loaded 8 fold models
2025-09-11 19:20:01 | [INFERENCE] starting comprehensive TTA ensemble prediction...
2025-09-11 19:44:21 | [SUCCESS] Files saved to:
2025-09-11 19:44:21 | - Main: experiments/infer/20250911/194421_multi-model-ensemble-inference/20250911_194421_multi-model-ensemble-inference_ensemble_comprehensive_tta.csv
2025-09-11 19:44:21 | - Latest: experiments/infer/latest-infer/20250911_194421_multi-model-ensemble-inference_ensemble_comprehensive_tta.csv
2025-09-11 19:44:21 | - Submission: submissions/20250911/20250911_194421_multi-model-ensemble-inference_ensemble_comprehensive_tta.csv
2025-09-11 19:44:21 | [RESULT] Prediction distribution:
2025-09-11 19:44:21 | Class 0: 200 samples (6.4%)
2025-09-11 19:44:21 | Class 1: 91 samples (2.9%)
2025-09-11 19:44:21 | Class 2: 200 samples (6.4%)
2025-09-11 19:44:21 | Class 3: 189 samples (6.0%)
2025-09-11 19:44:21 | Class 4: 202 samples (6.4%)
2025-09-11 19:44:21 | Class 5: 200 samples (6.4%)
2025-09-11 19:44:21 | Class 6: 204 samples (6.5%)
2025-09-11 19:44:21 | Class 7: 215 samples (6.8%)
2025-09-11 19:44:21 | Class 8: 200 samples (6.4%)
2025-09-11 19:44:21 | Class 9: 200 samples (6.4%)
2025-09-11 19:44:21 | Class 10: 210 samples (6.7%)
2025-09-11 19:44:21 | Class 11: 193 samples (6.1%)
2025-09-11 19:44:21 | Class 12: 199 samples (6.3%)
2025-09-11 19:44:21 | Class 13: 155 samples (4.9%)
2025-09-11 19:44:21 | Class 14: 82 samples (2.6%)
2025-09-11 19:44:21 | Class 15: 200 samples (6.4%)
2025-09-11 19:44:21 | Class 16: 200 samples (6.4%)
2025-09-11 19:44:44 | [VIZ] Inference visualizations created in experiments/infer/20250911/194421_multi-model-ensemble-inference
2025-09-11 19:44:44 | [CLEANUP] Removed existing lastest-infer folder
2025-09-11 19:44:44 | [WARNING] Failed to copy to lastest-infer: stat: path should be string, bytes, os.PathLike or integer, not NoneType
2025-09-11 19:44:44 | [SHUTDOWN] Inference pipeline ended
