2025-09-11 14:35:38 | [BOOT] high-performance inference pipeline started
2025-09-11 14:35:39 | [BOOT] device=cuda
2025-09-11 14:35:39 | [DATA] loaded test data | shape=(3140, 2)
2025-09-11 14:35:39 | [HighPerfDataset] size=3140 img_size=384 epoch=0/10 p_hard=0.000 is_train=False
2025-09-11 14:35:39 | [DATA] test dataset size: 3140
2025-09-11 14:35:39 | [TTA] TTA enabled: True, type: comprehensive
2025-09-11 14:35:40 | [MODELS] loaded 1 fold models
2025-09-11 14:35:40 | [INFERENCE] starting comprehensive TTA ensemble prediction...
2025-09-11 14:38:45 | [SUCCESS] Inference completed | output: submissions/20250911/20250911_1438_convnext_base_384_highperf_inference_ensemble_comprehensive_tta.csv
2025-09-11 14:38:45 | [RESULT] Prediction distribution:
2025-09-11 14:38:45 | Class 0: 200 samples (6.4%)
2025-09-11 14:38:45 | Class 1: 93 samples (3.0%)
2025-09-11 14:38:45 | Class 2: 200 samples (6.4%)
2025-09-11 14:38:45 | Class 3: 184 samples (5.9%)
2025-09-11 14:38:45 | Class 4: 194 samples (6.2%)
2025-09-11 14:38:45 | Class 5: 200 samples (6.4%)
2025-09-11 14:38:45 | Class 6: 206 samples (6.6%)
2025-09-11 14:38:45 | Class 7: 205 samples (6.5%)
2025-09-11 14:38:45 | Class 8: 200 samples (6.4%)
2025-09-11 14:38:45 | Class 9: 200 samples (6.4%)
2025-09-11 14:38:45 | Class 10: 208 samples (6.6%)
2025-09-11 14:38:45 | Class 11: 193 samples (6.1%)
2025-09-11 14:38:45 | Class 12: 199 samples (6.3%)
2025-09-11 14:38:45 | Class 13: 154 samples (4.9%)
2025-09-11 14:38:45 | Class 14: 104 samples (3.3%)
2025-09-11 14:38:45 | Class 15: 200 samples (6.4%)
2025-09-11 14:38:45 | Class 16: 200 samples (6.4%)
2025-09-11 14:38:48 | [VIZ] Inference visualizations created in submissions/20250911
2025-09-11 14:38:48 | [CLEANUP] Removed existing lastest-infer folder
2025-09-11 14:38:48 | [COPY] Results copied directly to lastest-infer
2025-09-11 14:38:48 | 📁 Latest inference results: experiments/infer/lastest-infer
2025-09-11 14:38:48 | [SHUTDOWN] Inference pipeline ended
