2025-09-10 07:39:07 | [BOOT] high-performance inference pipeline started
2025-09-10 07:39:07 | [BOOT] device=cuda
2025-09-10 07:39:07 | [DATA] loaded test data | shape=(3140, 2)
2025-09-10 07:39:07 | [HighPerfDataset] size=3140 img_size=384 epoch=0/10 p_hard=0.000 is_train=False
2025-09-10 07:39:07 | [DATA] test dataset size: 3140
2025-09-10 07:39:07 | [TTA] TTA enabled: True, type: comprehensive
2025-09-10 07:39:11 | [MODELS] loaded 5 fold models
2025-09-10 07:39:11 | [INFERENCE] starting comprehensive TTA ensemble prediction...
2025-09-10 07:56:08 | [SUCCESS] Inference completed | output: submissions/20250910/20250910_0756_multi-model-ensemble-inference_ensemble_comprehensive_tta.csv
2025-09-10 07:56:08 | [RESULT] Prediction distribution:
2025-09-10 07:56:08 | Class 0: 200 samples (6.4%)
2025-09-10 07:56:08 | Class 1: 90 samples (2.9%)
2025-09-10 07:56:08 | Class 2: 200 samples (6.4%)
2025-09-10 07:56:08 | Class 3: 248 samples (7.9%)
2025-09-10 07:56:08 | Class 4: 202 samples (6.4%)
2025-09-10 07:56:08 | Class 5: 200 samples (6.4%)
2025-09-10 07:56:08 | Class 6: 205 samples (6.5%)
2025-09-10 07:56:08 | Class 7: 148 samples (4.7%)
2025-09-10 07:56:08 | Class 8: 200 samples (6.4%)
2025-09-10 07:56:08 | Class 9: 200 samples (6.4%)
2025-09-10 07:56:08 | Class 10: 211 samples (6.7%)
2025-09-10 07:56:08 | Class 11: 193 samples (6.1%)
2025-09-10 07:56:08 | Class 12: 200 samples (6.4%)
2025-09-10 07:56:08 | Class 13: 154 samples (4.9%)
2025-09-10 07:56:08 | Class 14: 88 samples (2.8%)
2025-09-10 07:56:08 | Class 15: 201 samples (6.4%)
2025-09-10 07:56:08 | Class 16: 200 samples (6.4%)
2025-09-10 07:56:19 | [VIZ] Inference visualizations created in submissions/20250910
2025-09-10 07:56:19 | [CLEANUP] Removed existing lastest-infer folder
2025-09-10 07:56:19 | [COPY] Results copied directly to lastest-infer
2025-09-10 07:56:19 | 📁 Latest inference results: experiments/infer/lastest-infer
2025-09-10 07:56:19 | [SHUTDOWN] Inference pipeline ended
