2025-09-10 14:33:56 | [BOOT] high-performance inference pipeline started
2025-09-10 14:33:56 | [BOOT] device=cuda
2025-09-10 14:33:56 | [DATA] loaded test data | shape=(3140, 2)
2025-09-10 14:33:56 | [HighPerfDataset] size=3140 img_size=384 epoch=0/10 p_hard=0.000 is_train=False
2025-09-10 14:33:56 | [DATA] test dataset size: 3140
2025-09-10 14:33:56 | [TTA] TTA enabled: True, type: comprehensive
2025-09-10 14:33:57 | [MODELS] loaded 1 fold models
2025-09-10 14:33:57 | [INFERENCE] starting comprehensive TTA ensemble prediction...
2025-09-10 14:36:48 | [SUCCESS] Inference completed | output: submissions/20250910/20250910_1436_convnext_base_384_highperf_inference_ensemble_comprehensive_tta.csv
2025-09-10 14:36:48 | [RESULT] Prediction distribution:
2025-09-10 14:36:48 | Class 0: 200 samples (6.4%)
2025-09-10 14:36:48 | Class 1: 90 samples (2.9%)
2025-09-10 14:36:48 | Class 2: 200 samples (6.4%)
2025-09-10 14:36:48 | Class 3: 206 samples (6.6%)
2025-09-10 14:36:48 | Class 4: 201 samples (6.4%)
2025-09-10 14:36:48 | Class 5: 201 samples (6.4%)
2025-09-10 14:36:48 | Class 6: 208 samples (6.6%)
2025-09-10 14:36:48 | Class 7: 201 samples (6.4%)
2025-09-10 14:36:48 | Class 8: 200 samples (6.4%)
2025-09-10 14:36:48 | Class 9: 200 samples (6.4%)
2025-09-10 14:36:48 | Class 10: 213 samples (6.8%)
2025-09-10 14:36:48 | Class 11: 197 samples (6.3%)
2025-09-10 14:36:48 | Class 12: 195 samples (6.2%)
2025-09-10 14:36:48 | Class 13: 164 samples (5.2%)
2025-09-10 14:36:48 | Class 14: 64 samples (2.0%)
2025-09-10 14:36:48 | Class 15: 200 samples (6.4%)
2025-09-10 14:36:48 | Class 16: 200 samples (6.4%)
2025-09-10 14:36:50 | [VIZ] Inference visualizations created in submissions/20250910
2025-09-10 14:36:50 | [CLEANUP] Removed existing lastest-infer folder
2025-09-10 14:36:51 | [COPY] Results copied directly to lastest-infer
2025-09-10 14:36:51 | 📁 Latest inference results: experiments/infer/lastest-infer
2025-09-10 14:36:51 | [SHUTDOWN] Inference pipeline ended
