2025-09-04 17:21:22 | >> 표준 출력 및 오류를 로그 파일로 리디렉션 시작
2025-09-04 17:21:22 | >> Inference logger: logs/infer/infer_20250904-1721_v087.log
2025-09-04 17:21:22 | [BOOT] inference pipeline started
2025-09-04 17:21:22 | [PATH] OK | sample_csv=/home/ieyeppo/AI_Lab/computer-vision-competition-1SEN/data/raw/sample_submission.csv | image_dir_test=/home/ieyeppo/AI_Lab/computer-vision-competition-1SEN/data/raw/test
2025-09-04 17:21:22 | [CFG] data={'sample_csv': '../data/raw/sample_submission.csv', 'image_dir_test': '../data/raw/test', 'image_ext': '.jpg', 'id_col': 'ID', 'target_col': 'target', 'num_classes': 17}
2025-09-04 17:21:22 | [CFG] model={'name': 'efficientnet_b3', 'pretrained': False, 'drop_rate': 0.0, 'drop_path_rate': 0.0, 'pooling': 'avg'}
2025-09-04 17:21:22 | [CFG] inference={'tta': True, 'tta_rot_degrees': [0, -3, 3], 'out_csv': '../submissions/20250904/infer.csv'}
2025-09-04 17:21:22 | [DATA] test size=3140 | head=[{'ID': '0008fdb22ddce0ce.jpg'}, {'ID': '00091bffdffd83de.jpg'}, {'ID': '00396fbc1f6cc21d.jpg'}]
2025-09-04 17:21:22 | [DATA] dataloader built | steps=50 bs=64
2025-09-04 17:21:23 | /home/ieyeppo/AI_Lab/computer-vision-competition-1SEN/src/inference/infer.py:124: FutureWarning: You are using `torch.load` with `weights_only=False` (the current default value), which uses the default pickle module implicitly. It is possible to construct malicious pickle data which will execute arbitrary code during unpickling (See https://github.com/pytorch/pytorch/blob/main/SECURITY.md#untrusted-models for more details). In a future release, the default value for `weights_only` will be flipped to `True`. This limits the functions that could be executed during unpickling. Arbitrary objects will no longer be allowed to be loaded via this mode unless they are explicitly allowlisted by the user via `torch.serialization.add_safe_globals`. We recommend you start setting `weights_only=True` for any use case where you don't have full control of the loaded file. Please open an issue on GitHub for any issues related to this experimental feature.
  state = torch.load(ckpt_path, map_location=device)          # 체크포인트 로드
2025-09-04 17:21:23 | [CKPT] loaded: /home/ieyeppo/AI_Lab/computer-vision-competition-1SEN/experiments/train/20250904/v087/ckpt/best_fold0.pth
2025-09-04 17:21:23 | [TTA] enabled=True degs=[0, -3, 3]
2025-09-04 17:21:23 | [INFER] >>> start
2025-09-04 17:21:23 | infer:   0%|          | 0/50 [00:00<?, ?it/s]
2025-09-04 17:21:24 | [INFER] step 1/50 processed
2025-09-04 17:21:24 | infer:   2%|2         | 1/50 [00:01<01:25,  1.74s/it]
2025-09-04 17:21:25 | infer:   4%|4         | 2/50 [00:02<00:53,  1.11s/it]
2025-09-04 17:21:26 | infer:   6%|6         | 3/50 [00:03<00:42,  1.10it/s]
2025-09-04 17:21:26 | infer:   8%|8         | 4/50 [00:03<00:37,  1.23it/s]
2025-09-04 17:21:27 | infer:  10%|#         | 5/50 [00:04<00:34,  1.30it/s]
2025-09-04 17:21:28 | infer:  12%|#2        | 6/50 [00:05<00:32,  1.34it/s]
2025-09-04 17:21:29 | infer:  14%|#4        | 7/50 [00:05<00:31,  1.36it/s]
2025-09-04 17:21:31 | infer:  16%|#6        | 8/50 [00:08<00:54,  1.30s/it]
2025-09-04 17:21:32 | infer:  18%|#8        | 9/50 [00:09<00:45,  1.11s/it]
2025-09-04 17:21:33 | infer:  20%|##        | 10/50 [00:09<00:39,  1.01it/s]
2025-09-04 17:21:33 | infer:  22%|##2       | 11/50 [00:10<00:34,  1.13it/s]
2025-09-04 17:21:34 | infer:  24%|##4       | 12/50 [00:11<00:31,  1.23it/s]
2025-09-04 17:21:34 | infer:  26%|##6       | 13/50 [00:11<00:28,  1.30it/s]
2025-09-04 17:21:35 | infer:  28%|##8       | 14/50 [00:12<00:26,  1.35it/s]
2025-09-04 17:21:36 | infer:  30%|###       | 15/50 [00:13<00:25,  1.40it/s]
2025-09-04 17:21:36 | infer:  32%|###2      | 16/50 [00:13<00:23,  1.43it/s]
2025-09-04 17:21:37 | infer:  34%|###4      | 17/50 [00:14<00:22,  1.46it/s]
2025-09-04 17:21:38 | infer:  36%|###6      | 18/50 [00:14<00:21,  1.50it/s]
2025-09-04 17:21:38 | infer:  38%|###8      | 19/50 [00:15<00:20,  1.52it/s]
2025-09-04 17:21:39 | [INFER] step 20/50 processed
2025-09-04 17:21:39 | infer:  40%|####      | 20/50 [00:16<00:19,  1.52it/s]
2025-09-04 17:21:40 | infer:  42%|####2     | 21/50 [00:16<00:18,  1.53it/s]
2025-09-04 17:21:40 | infer:  44%|####4     | 22/50 [00:17<00:18,  1.54it/s]
2025-09-04 17:21:41 | infer:  46%|####6     | 23/50 [00:18<00:17,  1.55it/s]
2025-09-04 17:21:42 | infer:  48%|####8     | 24/50 [00:18<00:16,  1.55it/s]
2025-09-04 17:21:42 | infer:  50%|#####     | 25/50 [00:19<00:16,  1.56it/s]
2025-09-04 17:21:43 | infer:  52%|#####2    | 26/50 [00:20<00:15,  1.56it/s]
2025-09-04 17:21:43 | infer:  54%|#####4    | 27/50 [00:20<00:14,  1.57it/s]
2025-09-04 17:21:44 | infer:  56%|#####6    | 28/50 [00:21<00:13,  1.58it/s]
2025-09-04 17:21:45 | infer:  58%|#####8    | 29/50 [00:22<00:13,  1.58it/s]
2025-09-04 17:21:45 | infer:  60%|######    | 30/50 [00:22<00:12,  1.57it/s]
2025-09-04 17:21:46 | infer:  62%|######2   | 31/50 [00:23<00:12,  1.56it/s]
2025-09-04 17:21:47 | infer:  64%|######4   | 32/50 [00:23<00:11,  1.56it/s]
2025-09-04 17:21:47 | infer:  66%|######6   | 33/50 [00:24<00:10,  1.55it/s]
2025-09-04 17:21:48 | infer:  68%|######8   | 34/50 [00:25<00:10,  1.54it/s]
2025-09-04 17:21:49 | infer:  70%|#######   | 35/50 [00:25<00:09,  1.55it/s]
2025-09-04 17:21:49 | infer:  72%|#######2  | 36/50 [00:26<00:09,  1.55it/s]
2025-09-04 17:21:50 | infer:  74%|#######4  | 37/50 [00:27<00:08,  1.54it/s]
2025-09-04 17:21:51 | infer:  76%|#######6  | 38/50 [00:27<00:07,  1.55it/s]
2025-09-04 17:21:51 | infer:  78%|#######8  | 39/50 [00:28<00:07,  1.54it/s]
2025-09-04 17:21:52 | [INFER] step 40/50 processed
2025-09-04 17:21:52 | infer:  80%|########  | 40/50 [00:29<00:06,  1.54it/s]
2025-09-04 17:21:53 | infer:  82%|########2 | 41/50 [00:29<00:05,  1.54it/s]
2025-09-04 17:21:53 | infer:  84%|########4 | 42/50 [00:30<00:05,  1.54it/s]
2025-09-04 17:21:54 | infer:  86%|########6 | 43/50 [00:31<00:04,  1.53it/s]
2025-09-04 17:21:55 | infer:  88%|########8 | 44/50 [00:31<00:03,  1.52it/s]
2025-09-04 17:21:55 | infer:  90%|######### | 45/50 [00:32<00:03,  1.52it/s]
2025-09-04 17:21:56 | infer:  92%|#########2| 46/50 [00:33<00:02,  1.52it/s]
2025-09-04 17:21:56 | infer:  94%|#########3| 47/50 [00:33<00:01,  1.52it/s]
2025-09-04 17:21:57 | infer:  96%|#########6| 48/50 [00:34<00:01,  1.52it/s]
2025-09-04 17:21:58 | infer:  98%|#########8| 49/50 [00:35<00:00,  1.51it/s]
2025-09-04 17:21:58 | [INFER] step 50/50 processed
2025-09-04 17:21:58 | infer: 100%|##########| 50/50 [00:35<00:00,  1.42it/s]
2025-09-04 17:21:58 | [OUT] submission saved: /home/ieyeppo/AI_Lab/computer-vision-competition-1SEN/submissions/20250904/infer.csv | shape=(3140, 2)
2025-09-04 17:21:58 | [INFER] <<< finished successfully
2025-09-04 17:21:58 | [EXIT] INFERENCE SUCCESS code=0
2025-09-04 17:21:58 | >> Stopping logger and restoring stdio
2025-09-04 17:21:58 | >> 로그 리디렉션 중료.
