2025-09-07 09:27:54 | [BOOT] high-performance inference pipeline started
2025-09-07 09:27:54 | [BOOT] device=cuda
2025-09-07 09:27:54 | [DATA] loaded test data | shape=(3140, 2)
2025-09-07 09:27:54 | [HighPerfDataset] size=3140 img_size=384 epoch=0/10 p_hard=0.000 is_train=False
2025-09-07 09:27:54 | [DATA] test dataset size: 3140
2025-09-07 09:27:54 | [INFERENCE] starting ensemble prediction...
2025-09-07 09:32:31 | [SUCCESS] Inference completed | output: submissions/20250907/swin-sighperf_ensemble_20250907_0906.csv
2025-09-07 09:32:31 | [RESULT] Prediction distribution:
2025-09-07 09:32:31 | Class 0: 201 samples (6.4%)
2025-09-07 09:32:31 | Class 1: 92 samples (2.9%)
2025-09-07 09:32:31 | Class 2: 200 samples (6.4%)
2025-09-07 09:32:31 | Class 3: 192 samples (6.1%)
2025-09-07 09:32:31 | Class 4: 220 samples (7.0%)
2025-09-07 09:32:31 | Class 5: 200 samples (6.4%)
2025-09-07 09:32:31 | Class 6: 209 samples (6.7%)
2025-09-07 09:32:31 | Class 7: 178 samples (5.7%)
2025-09-07 09:32:31 | Class 8: 200 samples (6.4%)
2025-09-07 09:32:31 | Class 9: 200 samples (6.4%)
2025-09-07 09:32:31 | Class 10: 209 samples (6.7%)
2025-09-07 09:32:31 | Class 11: 193 samples (6.1%)
2025-09-07 09:32:31 | Class 12: 197 samples (6.3%)
2025-09-07 09:32:31 | Class 13: 153 samples (4.9%)
2025-09-07 09:32:31 | Class 14: 95 samples (3.0%)
2025-09-07 09:32:31 | Class 15: 201 samples (6.4%)
2025-09-07 09:32:31 | Class 16: 200 samples (6.4%)
2025-09-07 09:32:31 | [SHUTDOWN] Inference pipeline ended
